<?xml version="1.0" encoding="UTF-8"?>
<coverage generated="1722359704641" clover="3.2.0">
  <project timestamp="1722359704641" name="All files">
    <metrics statements="1882" coveredstatements="1477" conditionals="299" coveredconditionals="270" methods="194" coveredmethods="119" elements="2375" coveredelements="1866" complexity="0" loc="1882" ncloc="1882" packages="7" files="34" classes="34"/>
    <package name="src">
      <metrics statements="443" coveredstatements="349" conditionals="81" coveredconditionals="76" methods="53" coveredmethods="36"/>
      <file name="commonExports.ts" path="/mnt/c/Users/eanor/OneDrive/Escritorio/Emmy/emmy-dom/src/commonExports.ts">
        <metrics statements="9" coveredstatements="9" conditionals="0" coveredconditionals="0" methods="0" coveredmethods="0"/>
        <line num="1" count="1" type="stmt"/>
        <line num="2" count="1" type="stmt"/>
        <line num="3" count="1" type="stmt"/>
        <line num="4" count="1" type="stmt"/>
        <line num="5" count="1" type="stmt"/>
        <line num="6" count="1" type="stmt"/>
        <line num="7" count="1" type="stmt"/>
        <line num="8" count="1" type="stmt"/>
        <line num="9" count="1" type="stmt"/>
      </file>
      <file name="hooks.ts" path="/mnt/c/Users/eanor/OneDrive/Escritorio/Emmy/emmy-dom/src/hooks.ts">
        <metrics statements="80" coveredstatements="80" conditionals="21" coveredconditionals="20" methods="10" coveredmethods="10"/>
        <line num="1" count="1" type="stmt"/>
        <line num="2" count="1" type="stmt"/>
        <line num="3" count="1" type="stmt"/>
        <line num="4" count="1" type="stmt"/>
        <line num="5" count="1" type="stmt"/>
        <line num="6" count="1" type="stmt"/>
        <line num="7" count="1" type="stmt"/>
        <line num="8" count="1" type="stmt"/>
        <line num="9" count="1" type="stmt"/>
        <line num="10" count="1" type="stmt"/>
        <line num="11" count="1" type="stmt"/>
        <line num="12" count="1" type="stmt"/>
        <line num="13" count="1" type="stmt"/>
        <line num="14" count="1" type="stmt"/>
        <line num="15" count="1" type="stmt"/>
        <line num="16" count="1" type="cond" truecount="1" falsecount="0"/>
        <line num="17" count="22" type="stmt"/>
        <line num="18" count="22" type="stmt"/>
        <line num="19" count="22" type="stmt"/>
        <line num="20" count="1" type="stmt"/>
        <line num="21" count="1" type="cond" truecount="1" falsecount="0"/>
        <line num="22" count="8" type="cond" truecount="1" falsecount="0"/>
        <line num="23" count="9" type="cond" truecount="1" falsecount="0"/>
        <line num="24" count="4" type="stmt"/>
        <line num="25" count="4" type="cond" truecount="1" falsecount="0"/>
        <line num="26" count="5" type="stmt"/>
        <line num="27" count="8" type="stmt"/>
        <line num="28" count="8" type="stmt"/>
        <line num="29" count="1" type="stmt"/>
        <line num="30" count="1" type="cond" truecount="1" falsecount="0"/>
        <line num="31" count="4" type="stmt"/>
        <line num="32" count="4" type="cond" truecount="1" falsecount="0"/>
        <line num="33" count="4" type="cond" truecount="1" falsecount="0"/>
        <line num="34" count="3" type="stmt"/>
        <line num="35" count="3" type="stmt"/>
        <line num="36" count="4" type="stmt"/>
        <line num="37" count="4" type="stmt"/>
        <line num="38" count="1" type="stmt"/>
        <line num="39" count="1" type="cond" truecount="1" falsecount="0"/>
        <line num="40" count="5" type="cond" truecount="1" falsecount="0"/>
        <line num="41" count="1" type="stmt"/>
        <line num="42" count="1" type="stmt"/>
        <line num="43" count="1" type="cond" truecount="1" falsecount="0"/>
        <line num="44" count="4" type="stmt"/>
        <line num="45" count="5" type="cond" truecount="1" falsecount="0"/>
        <line num="46" count="1" type="cond" truecount="1" falsecount="0"/>
        <line num="47" count="1" type="stmt"/>
        <line num="48" count="1" type="stmt"/>
        <line num="49" count="1" type="stmt"/>
        <line num="50" count="1" type="stmt"/>
        <line num="51" count="1" type="cond" truecount="1" falsecount="0"/>
        <line num="52" count="3" type="stmt"/>
        <line num="53" count="3" type="cond" truecount="1" falsecount="0"/>
        <line num="54" count="3" type="stmt"/>
        <line num="55" count="3" type="stmt"/>
        <line num="56" count="3" type="cond" truecount="1" falsecount="0"/>
        <line num="57" count="1" type="stmt"/>
        <line num="58" count="1" type="stmt"/>
        <line num="59" count="1" type="stmt"/>
        <line num="60" count="3" type="stmt"/>
        <line num="61" count="3" type="stmt"/>
        <line num="62" count="3" type="cond" truecount="1" falsecount="0"/>
        <line num="63" count="3" type="cond" truecount="1" falsecount="0"/>
        <line num="64" count="2" type="stmt"/>
        <line num="65" count="2" type="stmt"/>
        <line num="66" count="2" type="cond" truecount="1" falsecount="0"/>
        <line num="67" count="2" type="stmt"/>
        <line num="68" count="2" type="cond" truecount="0" falsecount="1"/>
        <line num="69" count="2" type="stmt"/>
        <line num="70" count="2" type="stmt"/>
        <line num="71" count="2" type="stmt"/>
        <line num="72" count="2" type="stmt"/>
        <line num="73" count="2" type="stmt"/>
        <line num="74" count="3" type="stmt"/>
        <line num="75" count="3" type="stmt"/>
        <line num="76" count="3" type="stmt"/>
        <line num="77" count="1" type="stmt"/>
        <line num="78" count="1" type="cond" truecount="1" falsecount="0"/>
        <line num="79" count="1" type="stmt"/>
        <line num="80" count="1" type="stmt"/>
      </file>
      <file name="index.ts" path="/mnt/c/Users/eanor/OneDrive/Escritorio/Emmy/emmy-dom/src/index.ts">
        <metrics statements="269" coveredstatements="211" conditionals="41" coveredconditionals="41" methods="35" coveredmethods="23"/>
        <line num="1" count="1" type="stmt"/>
        <line num="2" count="1" type="stmt"/>
        <line num="3" count="1" type="stmt"/>
        <line num="4" count="1" type="stmt"/>
        <line num="5" count="1" type="stmt"/>
        <line num="6" count="1" type="stmt"/>
        <line num="7" count="1" type="stmt"/>
        <line num="8" count="1" type="stmt"/>
        <line num="9" count="1" type="stmt"/>
        <line num="10" count="1" type="stmt"/>
        <line num="11" count="1" type="stmt"/>
        <line num="12" count="1" type="stmt"/>
        <line num="13" count="1" type="stmt"/>
        <line num="14" count="1" type="stmt"/>
        <line num="15" count="1" type="stmt"/>
        <line num="16" count="1" type="stmt"/>
        <line num="17" count="1" type="stmt"/>
        <line num="18" count="1" type="stmt"/>
        <line num="19" count="1" type="stmt"/>
        <line num="20" count="1" type="stmt"/>
        <line num="21" count="1" type="stmt"/>
        <line num="22" count="1" type="stmt"/>
        <line num="23" count="1" type="stmt"/>
        <line num="24" count="1" type="stmt"/>
        <line num="25" count="1" type="stmt"/>
        <line num="26" count="1" type="stmt"/>
        <line num="27" count="1" type="stmt"/>
        <line num="28" count="1" type="stmt"/>
        <line num="29" count="1" type="stmt"/>
        <line num="30" count="1" type="stmt"/>
        <line num="31" count="1" type="stmt"/>
        <line num="32" count="1" type="stmt"/>
        <line num="33" count="1" type="stmt"/>
        <line num="34" count="1" type="stmt"/>
        <line num="35" count="1" type="stmt"/>
        <line num="36" count="1" type="stmt"/>
        <line num="37" count="1" type="stmt"/>
        <line num="38" count="1" type="cond" truecount="1" falsecount="0"/>
        <line num="39" count="53" type="stmt"/>
        <line num="40" count="53" type="cond" truecount="1" falsecount="0"/>
        <line num="41" count="53" type="cond" truecount="1" falsecount="0"/>
        <line num="42" count="53" type="stmt"/>
        <line num="43" count="53" type="stmt"/>
        <line num="44" count="1" type="stmt"/>
        <line num="45" count="1" type="cond" truecount="1" falsecount="0"/>
        <line num="46" count="6" type="stmt"/>
        <line num="47" count="6" type="stmt"/>
        <line num="48" count="6" type="stmt"/>
        <line num="49" count="6" type="stmt"/>
        <line num="50" count="6" type="stmt"/>
        <line num="51" count="6" type="stmt"/>
        <line num="52" count="6" type="stmt"/>
        <line num="53" count="1" type="stmt"/>
        <line num="54" count="1" type="stmt"/>
        <line num="55" count="1" type="stmt"/>
        <line num="56" count="1" type="cond" truecount="1" falsecount="0"/>
        <line num="57" count="33" type="cond" truecount="3" falsecount="0"/>
        <line num="58" count="1" type="stmt"/>
        <line num="59" count="1" type="stmt"/>
        <line num="60" count="1" type="stmt"/>
        <line num="61" count="1" type="stmt"/>
        <line num="62" count="1" type="stmt"/>
        <line num="63" count="1" type="stmt"/>
        <line num="64" count="1" type="stmt"/>
        <line num="65" count="1" type="stmt"/>
        <line num="66" count="1" type="stmt"/>
        <line num="67" count="32" type="cond" truecount="1" falsecount="0"/>
        <line num="68" count="31" type="cond" truecount="1" falsecount="0"/>
        <line num="69" count="31" type="cond" truecount="1" falsecount="0"/>
        <line num="70" count="1" type="stmt"/>
        <line num="71" count="1" type="stmt"/>
        <line num="72" count="1" type="stmt"/>
        <line num="73" count="33" type="cond" truecount="2" falsecount="0"/>
        <line num="74" count="6" type="stmt"/>
        <line num="75" count="6" type="stmt"/>
        <line num="76" count="33" type="stmt"/>
        <line num="77" count="1" type="stmt"/>
        <line num="78" count="1" type="stmt"/>
        <line num="79" count="1" type="stmt"/>
        <line num="80" count="1" type="stmt"/>
        <line num="81" count="1" type="stmt"/>
        <line num="82" count="1" type="cond" truecount="1" falsecount="0"/>
        <line num="83" count="19" type="stmt"/>
        <line num="84" count="19" type="stmt"/>
        <line num="85" count="19" type="stmt"/>
        <line num="86" count="1" type="stmt"/>
        <line num="87" count="1" type="cond" truecount="1" falsecount="0"/>
        <line num="88" count="10" type="stmt"/>
        <line num="89" count="10" type="stmt"/>
        <line num="90" count="10" type="stmt"/>
        <line num="91" count="1" type="stmt"/>
        <line num="92" count="1" type="cond" truecount="1" falsecount="0"/>
        <line num="93" count="2" type="stmt"/>
        <line num="94" count="2" type="stmt"/>
        <line num="95" count="1" type="stmt"/>
        <line num="96" count="1" type="stmt"/>
        <line num="97" count="1" type="stmt"/>
        <line num="98" count="1" type="cond" truecount="1" falsecount="0"/>
        <line num="99" count="30" type="stmt"/>
        <line num="100" count="30" type="stmt"/>
        <line num="101" count="30" type="stmt"/>
        <line num="102" count="1" type="stmt"/>
        <line num="103" count="1" type="cond" truecount="1" falsecount="0"/>
        <line num="104" count="2" type="stmt"/>
        <line num="105" count="2" type="stmt"/>
        <line num="106" count="1" type="stmt"/>
        <line num="107" count="1" type="stmt"/>
        <line num="108" count="1" type="stmt"/>
        <line num="109" count="1" type="stmt"/>
        <line num="110" count="1" type="stmt"/>
        <line num="111" count="1" type="stmt"/>
        <line num="112" count="1" type="stmt"/>
        <line num="113" count="1" type="cond" truecount="1" falsecount="0"/>
        <line num="114" count="21" type="stmt"/>
        <line num="115" count="21" type="cond" truecount="1" falsecount="0"/>
        <line num="116" count="21" type="stmt"/>
        <line num="117" count="21" type="stmt"/>
        <line num="118" count="21" type="stmt"/>
        <line num="119" count="21" type="stmt"/>
        <line num="120" count="21" type="stmt"/>
        <line num="121" count="21" type="stmt"/>
        <line num="122" count="21" type="stmt"/>
        <line num="123" count="21" type="stmt"/>
        <line num="124" count="21" type="stmt"/>
        <line num="125" count="1" type="stmt"/>
        <line num="126" count="1" type="stmt"/>
        <line num="127" count="0" type="stmt"/>
        <line num="128" count="0" type="stmt"/>
        <line num="129" count="0" type="stmt"/>
        <line num="130" count="0" type="stmt"/>
        <line num="131" count="0" type="stmt"/>
        <line num="132" count="1" type="stmt"/>
        <line num="133" count="1" type="stmt"/>
        <line num="134" count="0" type="stmt"/>
        <line num="135" count="0" type="stmt"/>
        <line num="136" count="0" type="stmt"/>
        <line num="137" count="0" type="stmt"/>
        <line num="138" count="0" type="stmt"/>
        <line num="139" count="0" type="stmt"/>
        <line num="140" count="0" type="stmt"/>
        <line num="141" count="0" type="stmt"/>
        <line num="142" count="1" type="stmt"/>
        <line num="143" count="1" type="cond" truecount="1" falsecount="0"/>
        <line num="144" count="25" type="stmt"/>
        <line num="145" count="25" type="stmt"/>
        <line num="146" count="25" type="stmt"/>
        <line num="147" count="1" type="stmt"/>
        <line num="148" count="1" type="cond" truecount="1" falsecount="0"/>
        <line num="149" count="15" type="stmt"/>
        <line num="150" count="15" type="stmt"/>
        <line num="151" count="1" type="stmt"/>
        <line num="152" count="1" type="cond" truecount="1" falsecount="0"/>
        <line num="153" count="13" type="stmt"/>
        <line num="154" count="13" type="stmt"/>
        <line num="155" count="13" type="stmt"/>
        <line num="156" count="13" type="stmt"/>
        <line num="157" count="1" type="stmt"/>
        <line num="158" count="1" type="stmt"/>
        <line num="159" count="0" type="stmt"/>
        <line num="160" count="0" type="stmt"/>
        <line num="161" count="0" type="stmt"/>
        <line num="162" count="0" type="stmt"/>
        <line num="163" count="1" type="stmt"/>
        <line num="164" count="1" type="stmt"/>
        <line num="165" count="0" type="stmt"/>
        <line num="166" count="0" type="stmt"/>
        <line num="167" count="1" type="stmt"/>
        <line num="168" count="1" type="stmt"/>
        <line num="169" count="0" type="stmt"/>
        <line num="170" count="0" type="stmt"/>
        <line num="171" count="1" type="stmt"/>
        <line num="172" count="1" type="cond" truecount="1" falsecount="0"/>
        <line num="173" count="21" type="stmt"/>
        <line num="174" count="21" type="stmt"/>
        <line num="175" count="1" type="stmt"/>
        <line num="176" count="1" type="cond" truecount="1" falsecount="0"/>
        <line num="177" count="4" type="stmt"/>
        <line num="178" count="4" type="stmt"/>
        <line num="179" count="0" type="stmt"/>
        <line num="180" count="0" type="stmt"/>
        <line num="181" count="0" type="stmt"/>
        <line num="182" count="0" type="stmt"/>
        <line num="183" count="0" type="stmt"/>
        <line num="184" count="0" type="stmt"/>
        <line num="185" count="4" type="stmt"/>
        <line num="186" count="4" type="stmt"/>
        <line num="187" count="1" type="stmt"/>
        <line num="188" count="1" type="stmt"/>
        <line num="189" count="1" type="stmt"/>
        <line num="190" count="1" type="cond" truecount="1" falsecount="0"/>
        <line num="191" count="1" type="stmt"/>
        <line num="192" count="1" type="stmt"/>
        <line num="193" count="0" type="stmt"/>
        <line num="194" count="0" type="stmt"/>
        <line num="195" count="0" type="stmt"/>
        <line num="196" count="0" type="stmt"/>
        <line num="197" count="0" type="stmt"/>
        <line num="198" count="0" type="stmt"/>
        <line num="199" count="0" type="stmt"/>
        <line num="200" count="0" type="stmt"/>
        <line num="201" count="0" type="stmt"/>
        <line num="202" count="1" type="stmt"/>
        <line num="203" count="1" type="stmt"/>
        <line num="204" count="1" type="stmt"/>
        <line num="205" count="1" type="stmt"/>
        <line num="206" count="1" type="stmt"/>
        <line num="207" count="1" type="stmt"/>
        <line num="208" count="0" type="stmt"/>
        <line num="209" count="0" type="stmt"/>
        <line num="210" count="0" type="stmt"/>
        <line num="211" count="0" type="stmt"/>
        <line num="212" count="0" type="stmt"/>
        <line num="213" count="0" type="stmt"/>
        <line num="214" count="0" type="stmt"/>
        <line num="215" count="0" type="stmt"/>
        <line num="216" count="0" type="stmt"/>
        <line num="217" count="0" type="stmt"/>
        <line num="218" count="0" type="stmt"/>
        <line num="219" count="0" type="stmt"/>
        <line num="220" count="0" type="stmt"/>
        <line num="221" count="0" type="stmt"/>
        <line num="222" count="0" type="stmt"/>
        <line num="223" count="0" type="stmt"/>
        <line num="224" count="0" type="stmt"/>
        <line num="225" count="0" type="stmt"/>
        <line num="226" count="0" type="stmt"/>
        <line num="227" count="0" type="stmt"/>
        <line num="228" count="0" type="stmt"/>
        <line num="229" count="0" type="stmt"/>
        <line num="230" count="1" type="stmt"/>
        <line num="231" count="1" type="stmt"/>
        <line num="232" count="1" type="cond" truecount="1" falsecount="0"/>
        <line num="233" count="19" type="cond" truecount="1" falsecount="0"/>
        <line num="234" count="3" type="stmt"/>
        <line num="235" count="3" type="stmt"/>
        <line num="236" count="3" type="cond" truecount="1" falsecount="0"/>
        <line num="237" count="16" type="stmt"/>
        <line num="238" count="16" type="stmt"/>
        <line num="239" count="16" type="stmt"/>
        <line num="240" count="1" type="stmt"/>
        <line num="241" count="2" type="cond" truecount="1" falsecount="0"/>
        <line num="242" count="2" type="stmt"/>
        <line num="243" count="2" type="stmt"/>
        <line num="244" count="2" type="cond" truecount="1" falsecount="0"/>
        <line num="245" count="2" type="stmt"/>
        <line num="246" count="1" type="stmt"/>
        <line num="247" count="9" type="cond" truecount="1" falsecount="0"/>
        <line num="248" count="9" type="cond" truecount="1" falsecount="0"/>
        <line num="249" count="1" type="stmt"/>
        <line num="250" count="1" type="cond" truecount="1" falsecount="0"/>
        <line num="251" count="8" type="stmt"/>
        <line num="252" count="8" type="stmt"/>
        <line num="253" count="9" type="cond" truecount="4" falsecount="0"/>
        <line num="254" count="2" type="stmt"/>
        <line num="255" count="2" type="cond" truecount="1" falsecount="0"/>
        <line num="256" count="1" type="stmt"/>
        <line num="257" count="1" type="cond" truecount="1" falsecount="0"/>
        <line num="258" count="6" type="stmt"/>
        <line num="259" count="6" type="stmt"/>
        <line num="260" count="6" type="cond" truecount="1" falsecount="0"/>
        <line num="261" count="4" type="stmt"/>
        <line num="262" count="4" type="stmt"/>
        <line num="263" count="6" type="stmt"/>
        <line num="264" count="6" type="stmt"/>
        <line num="265" count="6" type="stmt"/>
        <line num="266" count="9" type="stmt"/>
        <line num="267" count="1" type="stmt"/>
        <line num="268" count="1" type="stmt"/>
        <line num="269" count="1" type="stmt"/>
      </file>
      <file name="utils.ts" path="/mnt/c/Users/eanor/OneDrive/Escritorio/Emmy/emmy-dom/src/utils.ts">
        <metrics statements="85" coveredstatements="49" conditionals="19" coveredconditionals="15" methods="8" coveredmethods="3"/>
        <line num="1" count="1" type="stmt"/>
        <line num="2" count="1" type="stmt"/>
        <line num="3" count="1" type="stmt"/>
        <line num="4" count="1" type="stmt"/>
        <line num="5" count="1" type="stmt"/>
        <line num="6" count="1" type="cond" truecount="1" falsecount="0"/>
        <line num="7" count="40" type="cond" truecount="2" falsecount="0"/>
        <line num="8" count="32" type="stmt"/>
        <line num="9" count="32" type="cond" truecount="1" falsecount="1"/>
        <line num="10" count="0" type="stmt"/>
        <line num="11" count="0" type="stmt"/>
        <line num="12" count="0" type="stmt"/>
        <line num="13" count="0" type="cond" truecount="1" falsecount="0"/>
        <line num="14" count="0" type="stmt"/>
        <line num="15" count="32" type="cond" truecount="0" falsecount="1"/>
        <line num="16" count="0" type="stmt"/>
        <line num="17" count="0" type="cond" truecount="0" falsecount="1"/>
        <line num="18" count="0" type="stmt"/>
        <line num="19" count="32" type="stmt"/>
        <line num="20" count="40" type="stmt"/>
        <line num="21" count="40" type="cond" truecount="1" falsecount="0"/>
        <line num="22" count="0" type="stmt"/>
        <line num="23" count="0" type="stmt"/>
        <line num="24" count="0" type="stmt"/>
        <line num="25" count="40" type="stmt"/>
        <line num="26" count="40" type="stmt"/>
        <line num="27" count="1" type="stmt"/>
        <line num="28" count="1" type="stmt"/>
        <line num="29" count="0" type="cond" truecount="1" falsecount="0"/>
        <line num="30" count="6" type="stmt"/>
        <line num="31" count="6" type="cond" truecount="2" falsecount="0"/>
        <line num="32" count="4" type="stmt"/>
        <line num="33" count="0" type="stmt"/>
        <line num="34" count="0" type="stmt"/>
        <line num="35" count="0" type="stmt"/>
        <line num="36" count="0" type="stmt"/>
        <line num="37" count="0" type="stmt"/>
        <line num="38" count="1" type="stmt"/>
        <line num="39" count="1" type="cond" truecount="1" falsecount="0"/>
        <line num="40" count="6" type="cond" truecount="1" falsecount="1"/>
        <line num="41" count="0" type="stmt"/>
        <line num="42" count="0" type="stmt"/>
        <line num="43" count="0" type="stmt"/>
        <line num="44" count="0" type="stmt"/>
        <line num="45" count="0" type="cond" truecount="1" falsecount="0"/>
        <line num="46" count="0" type="stmt"/>
        <line num="47" count="0" type="stmt"/>
        <line num="48" count="0" type="stmt"/>
        <line num="49" count="0" type="stmt"/>
        <line num="50" count="1" type="stmt"/>
        <line num="51" count="1" type="cond" truecount="1" falsecount="0"/>
        <line num="52" count="46" type="cond" truecount="1" falsecount="0"/>
        <line num="53" count="38" type="stmt"/>
        <line num="54" count="38" type="stmt"/>
        <line num="55" count="46" type="stmt"/>
        <line num="56" count="46" type="stmt"/>
        <line num="57" count="1" type="stmt"/>
        <line num="58" count="1" type="stmt"/>
        <line num="59" count="0" type="stmt"/>
        <line num="60" count="0" type="stmt"/>
        <line num="61" count="1" type="stmt"/>
        <line num="62" count="1" type="stmt"/>
        <line num="63" count="0" type="stmt"/>
        <line num="64" count="0" type="stmt"/>
        <line num="65" count="1" type="stmt"/>
        <line num="66" count="1" type="stmt"/>
        <line num="67" count="1" type="cond" truecount="1" falsecount="0"/>
        <line num="68" count="0" type="stmt"/>
        <line num="69" count="0" type="stmt"/>
        <line num="70" count="0" type="stmt"/>
        <line num="71" count="0" type="stmt"/>
        <line num="72" count="1" type="stmt"/>
        <line num="73" count="1" type="stmt"/>
        <line num="74" count="1" type="stmt"/>
        <line num="75" count="1" type="stmt"/>
        <line num="76" count="1" type="stmt"/>
        <line num="77" count="1" type="stmt"/>
        <line num="78" count="1" type="stmt"/>
        <line num="79" count="1" type="stmt"/>
        <line num="80" count="1" type="stmt"/>
        <line num="81" count="1" type="stmt"/>
        <line num="82" count="1" type="stmt"/>
        <line num="83" count="1" type="stmt"/>
        <line num="84" count="0" type="stmt"/>
        <line num="85" count="0" type="stmt"/>
      </file>
    </package>
    <package name="src.react-style-object-to-css">
      <metrics statements="44" coveredstatements="44" conditionals="14" coveredconditionals="14" methods="2" coveredmethods="2"/>
      <file name="index.ts" path="/mnt/c/Users/eanor/OneDrive/Escritorio/Emmy/emmy-dom/src/react-style-object-to-css/index.ts">
        <metrics statements="44" coveredstatements="44" conditionals="14" coveredconditionals="14" methods="2" coveredmethods="2"/>
        <line num="1" count="1" type="stmt"/>
        <line num="2" count="1" type="stmt"/>
        <line num="3" count="1" type="stmt"/>
        <line num="4" count="1" type="stmt"/>
        <line num="5" count="1" type="stmt"/>
        <line num="6" count="1" type="stmt"/>
        <line num="7" count="1" type="stmt"/>
        <line num="8" count="1" type="stmt"/>
        <line num="9" count="1" type="stmt"/>
        <line num="10" count="1" type="stmt"/>
        <line num="11" count="1" type="stmt"/>
        <line num="12" count="1" type="stmt"/>
        <line num="13" count="1" type="cond" truecount="1" falsecount="0"/>
        <line num="14" count="18" type="cond" truecount="1" falsecount="0"/>
        <line num="15" count="1" type="stmt"/>
        <line num="16" count="1" type="cond" truecount="1" falsecount="0"/>
        <line num="17" count="17" type="cond" truecount="2" falsecount="0"/>
        <line num="18" count="1" type="stmt"/>
        <line num="19" count="1" type="stmt"/>
        <line num="20" count="18" type="stmt"/>
        <line num="21" count="18" type="stmt"/>
        <line num="22" count="18" type="stmt"/>
        <line num="23" count="1" type="stmt"/>
        <line num="24" count="11" type="cond" truecount="1" falsecount="0"/>
        <line num="25" count="11" type="stmt"/>
        <line num="26" count="11" type="cond" truecount="3" falsecount="0"/>
        <line num="27" count="2" type="stmt"/>
        <line num="28" count="2" type="stmt"/>
        <line num="29" count="9" type="stmt"/>
        <line num="30" count="11" type="cond" truecount="1" falsecount="0"/>
        <line num="31" count="14" type="stmt"/>
        <line num="32" count="14" type="stmt"/>
        <line num="33" count="14" type="stmt"/>
        <line num="34" count="14" type="cond" truecount="1" falsecount="0"/>
        <line num="35" count="1" type="cond" truecount="1" falsecount="0"/>
        <line num="36" count="3" type="stmt"/>
        <line num="37" count="3" type="stmt"/>
        <line num="38" count="1" type="cond" truecount="1" falsecount="0"/>
        <line num="39" count="13" type="stmt"/>
        <line num="40" count="13" type="stmt"/>
        <line num="41" count="13" type="stmt"/>
        <line num="42" count="14" type="cond" truecount="1" falsecount="0"/>
        <line num="43" count="9" type="stmt"/>
        <line num="44" count="9" type="stmt"/>
      </file>
    </package>
    <package name="src.react-style-object-to-css.lib">
      <metrics statements="97" coveredstatements="97" conditionals="5" coveredconditionals="5" methods="3" coveredmethods="3"/>
      <file name="CSSProperty.ts" path="/mnt/c/Users/eanor/OneDrive/Escritorio/Emmy/emmy-dom/src/react-style-object-to-css/lib/CSSProperty.ts">
        <metrics statements="56" coveredstatements="56" conditionals="3" coveredconditionals="3" methods="1" coveredmethods="1"/>
        <line num="1" count="1" type="stmt"/>
        <line num="2" count="1" type="stmt"/>
        <line num="3" count="1" type="stmt"/>
        <line num="4" count="1" type="stmt"/>
        <line num="5" count="1" type="stmt"/>
        <line num="6" count="1" type="stmt"/>
        <line num="7" count="1" type="stmt"/>
        <line num="8" count="1" type="stmt"/>
        <line num="9" count="1" type="stmt"/>
        <line num="10" count="1" type="stmt"/>
        <line num="11" count="1" type="stmt"/>
        <line num="12" count="1" type="stmt"/>
        <line num="13" count="1" type="stmt"/>
        <line num="14" count="1" type="stmt"/>
        <line num="15" count="1" type="stmt"/>
        <line num="16" count="1" type="stmt"/>
        <line num="17" count="1" type="stmt"/>
        <line num="18" count="1" type="stmt"/>
        <line num="19" count="1" type="stmt"/>
        <line num="20" count="1" type="stmt"/>
        <line num="21" count="1" type="stmt"/>
        <line num="22" count="1" type="stmt"/>
        <line num="23" count="1" type="stmt"/>
        <line num="24" count="1" type="stmt"/>
        <line num="25" count="1" type="stmt"/>
        <line num="26" count="1" type="stmt"/>
        <line num="27" count="1" type="stmt"/>
        <line num="28" count="1" type="stmt"/>
        <line num="29" count="1" type="stmt"/>
        <line num="30" count="1" type="stmt"/>
        <line num="31" count="1" type="stmt"/>
        <line num="32" count="1" type="stmt"/>
        <line num="33" count="1" type="stmt"/>
        <line num="34" count="1" type="stmt"/>
        <line num="35" count="1" type="stmt"/>
        <line num="36" count="1" type="stmt"/>
        <line num="37" count="1" type="stmt"/>
        <line num="38" count="420" type="cond" truecount="1" falsecount="0"/>
        <line num="39" count="420" type="stmt"/>
        <line num="40" count="420" type="stmt"/>
        <line num="41" count="1" type="stmt"/>
        <line num="42" count="1" type="stmt"/>
        <line num="43" count="1" type="stmt"/>
        <line num="44" count="1" type="stmt"/>
        <line num="45" count="1" type="stmt"/>
        <line num="46" count="1" type="stmt"/>
        <line num="47" count="1" type="stmt"/>
        <line num="48" count="1" type="stmt"/>
        <line num="49" count="1" type="stmt"/>
        <line num="50" count="1" type="cond" truecount="1" falsecount="0"/>
        <line num="51" count="105" type="cond" truecount="1" falsecount="0"/>
        <line num="52" count="420" type="stmt"/>
        <line num="53" count="105" type="stmt"/>
        <line num="54" count="105" type="stmt"/>
        <line num="55" count="1" type="stmt"/>
        <line num="56" count="1" type="stmt"/>
      </file>
      <file name="hyphenateStyleName.ts" path="/mnt/c/Users/eanor/OneDrive/Escritorio/Emmy/emmy-dom/src/react-style-object-to-css/lib/hyphenateStyleName.ts">
        <metrics statements="41" coveredstatements="41" conditionals="2" coveredconditionals="2" methods="2" coveredmethods="2"/>
        <line num="1" count="1" type="stmt"/>
        <line num="2" count="1" type="stmt"/>
        <line num="3" count="1" type="stmt"/>
        <line num="4" count="1" type="stmt"/>
        <line num="5" count="1" type="stmt"/>
        <line num="6" count="1" type="stmt"/>
        <line num="7" count="1" type="stmt"/>
        <line num="8" count="1" type="stmt"/>
        <line num="9" count="1" type="stmt"/>
        <line num="10" count="1" type="stmt"/>
        <line num="11" count="1" type="stmt"/>
        <line num="12" count="1" type="stmt"/>
        <line num="13" count="1" type="stmt"/>
        <line num="14" count="1" type="stmt"/>
        <line num="15" count="1" type="stmt"/>
        <line num="16" count="1" type="stmt"/>
        <line num="17" count="1" type="stmt"/>
        <line num="18" count="1" type="stmt"/>
        <line num="19" count="18" type="cond" truecount="1" falsecount="0"/>
        <line num="20" count="18" type="stmt"/>
        <line num="21" count="18" type="stmt"/>
        <line num="22" count="1" type="stmt"/>
        <line num="23" count="1" type="stmt"/>
        <line num="24" count="1" type="stmt"/>
        <line num="25" count="1" type="stmt"/>
        <line num="26" count="1" type="stmt"/>
        <line num="27" count="1" type="stmt"/>
        <line num="28" count="1" type="stmt"/>
        <line num="29" count="1" type="stmt"/>
        <line num="30" count="1" type="stmt"/>
        <line num="31" count="1" type="stmt"/>
        <line num="32" count="1" type="stmt"/>
        <line num="33" count="1" type="stmt"/>
        <line num="34" count="1" type="stmt"/>
        <line num="35" count="1" type="stmt"/>
        <line num="36" count="1" type="stmt"/>
        <line num="37" count="1" type="stmt"/>
        <line num="38" count="1" type="stmt"/>
        <line num="39" count="18" type="cond" truecount="1" falsecount="0"/>
        <line num="40" count="18" type="stmt"/>
        <line num="41" count="18" type="stmt"/>
      </file>
    </package>
    <package name="src.ssr">
      <metrics statements="52" coveredstatements="46" conditionals="14" coveredconditionals="9" methods="3" coveredmethods="3"/>
      <file name="index.js" path="/mnt/c/Users/eanor/OneDrive/Escritorio/Emmy/emmy-dom/src/ssr/index.js">
        <metrics statements="52" coveredstatements="46" conditionals="14" coveredconditionals="9" methods="3" coveredmethods="3"/>
        <line num="1" count="1" type="cond" truecount="1" falsecount="0"/>
        <line num="2" count="1" type="stmt"/>
        <line num="3" count="1" type="stmt"/>
        <line num="4" count="1" type="stmt"/>
        <line num="5" count="1" type="stmt"/>
        <line num="6" count="1" type="cond" truecount="3" falsecount="0"/>
        <line num="7" count="1" type="stmt"/>
        <line num="8" count="6" type="cond" truecount="1" falsecount="0"/>
        <line num="9" count="6" type="stmt"/>
        <line num="10" count="6" type="stmt"/>
        <line num="11" count="6" type="cond" truecount="1" falsecount="0"/>
        <line num="12" count="2" type="stmt"/>
        <line num="13" count="2" type="stmt"/>
        <line num="14" count="2" type="stmt"/>
        <line num="15" count="6" type="stmt"/>
        <line num="16" count="6" type="cond" truecount="0" falsecount="1"/>
        <line num="17" count="0" type="stmt"/>
        <line num="18" count="0" type="stmt"/>
        <line num="19" count="6" type="stmt"/>
        <line num="20" count="6" type="cond" truecount="0" falsecount="1"/>
        <line num="21" count="6" type="stmt"/>
        <line num="22" count="6" type="stmt"/>
        <line num="23" count="6" type="stmt"/>
        <line num="24" count="6" type="cond" truecount="1" falsecount="0"/>
        <line num="25" count="2" type="stmt"/>
        <line num="26" count="2" type="stmt"/>
        <line num="27" count="6" type="stmt"/>
        <line num="28" count="6" type="cond" truecount="0" falsecount="1"/>
        <line num="29" count="0" type="stmt"/>
        <line num="30" count="0" type="stmt"/>
        <line num="31" count="0" type="stmt"/>
        <line num="32" count="0" type="stmt"/>
        <line num="33" count="6" type="stmt"/>
        <line num="34" count="6" type="stmt"/>
        <line num="35" count="6" type="stmt"/>
        <line num="36" count="6" type="stmt"/>
        <line num="37" count="6" type="stmt"/>
        <line num="38" count="6" type="stmt"/>
        <line num="39" count="6" type="stmt"/>
        <line num="40" count="6" type="stmt"/>
        <line num="41" count="6" type="stmt"/>
        <line num="42" count="1" type="stmt"/>
        <line num="43" count="1" type="cond" truecount="1" falsecount="0"/>
        <line num="44" count="2" type="cond" truecount="0" falsecount="1"/>
        <line num="45" count="2" type="cond" truecount="1" falsecount="0"/>
        <line num="46" count="2" type="stmt"/>
        <line num="47" count="2" type="cond" truecount="0" falsecount="1"/>
        <line num="48" count="2" type="stmt"/>
        <line num="49" count="2" type="stmt"/>
        <line num="50" count="2" type="stmt"/>
        <line num="51" count="1" type="stmt"/>
        <line num="52" count="1" type="stmt"/>
      </file>
    </package>
    <package name="src.ssr.register">
      <metrics statements="65" coveredstatements="65" conditionals="8" coveredconditionals="8" methods="5" coveredmethods="2"/>
      <file name="index.js" path="/mnt/c/Users/eanor/OneDrive/Escritorio/Emmy/emmy-dom/src/ssr/register/index.js">
        <metrics statements="30" coveredstatements="30" conditionals="4" coveredconditionals="4" methods="2" coveredmethods="2"/>
        <line num="1" count="10" type="cond" truecount="1" falsecount="0"/>
        <line num="2" count="10" type="stmt"/>
        <line num="3" count="10" type="cond" truecount="1" falsecount="0"/>
        <line num="4" count="1197" type="stmt"/>
        <line num="5" count="1197" type="stmt"/>
        <line num="6" count="1197" type="stmt"/>
        <line num="7" count="10" type="cond" truecount="1" falsecount="0"/>
        <line num="8" count="30" type="cond" truecount="1" falsecount="0"/>
        <line num="9" count="30" type="stmt"/>
        <line num="10" count="30" type="stmt"/>
        <line num="11" count="10" type="stmt"/>
        <line num="12" count="10" type="stmt"/>
        <line num="13" count="10" type="stmt"/>
        <line num="14" count="10" type="stmt"/>
        <line num="15" count="10" type="stmt"/>
        <line num="16" count="10" type="stmt"/>
        <line num="17" count="10" type="stmt"/>
        <line num="18" count="10" type="stmt"/>
        <line num="19" count="10" type="stmt"/>
        <line num="20" count="10" type="stmt"/>
        <line num="21" count="10" type="stmt"/>
        <line num="22" count="10" type="stmt"/>
        <line num="23" count="10" type="stmt"/>
        <line num="24" count="10" type="stmt"/>
        <line num="25" count="10" type="stmt"/>
        <line num="26" count="10" type="stmt"/>
        <line num="27" count="10" type="stmt"/>
        <line num="28" count="10" type="stmt"/>
        <line num="29" count="10" type="stmt"/>
        <line num="30" count="10" type="stmt"/>
      </file>
      <file name="window.js" path="/mnt/c/Users/eanor/OneDrive/Escritorio/Emmy/emmy-dom/src/ssr/register/window.js">
        <metrics statements="35" coveredstatements="35" conditionals="4" coveredconditionals="4" methods="3" coveredmethods="0"/>
        <line num="1" count="10" type="cond" truecount="1" falsecount="0"/>
        <line num="2" count="10" type="stmt"/>
        <line num="3" count="10" type="stmt"/>
        <line num="4" count="10" type="stmt"/>
        <line num="5" count="10" type="stmt"/>
        <line num="6" count="10" type="stmt"/>
        <line num="7" count="10" type="cond" truecount="1" falsecount="0"/>
        <line num="8" count="70" type="stmt"/>
        <line num="9" count="10" type="stmt"/>
        <line num="10" count="10" type="stmt"/>
        <line num="11" count="10" type="stmt"/>
        <line num="12" count="10" type="stmt"/>
        <line num="13" count="10" type="stmt"/>
        <line num="14" count="10" type="stmt"/>
        <line num="15" count="10" type="stmt"/>
        <line num="16" count="10" type="stmt"/>
        <line num="17" count="10" type="cond" truecount="1" falsecount="0"/>
        <line num="18" count="10" type="cond" truecount="1" falsecount="0"/>
        <line num="19" count="230" type="stmt"/>
        <line num="20" count="10" type="stmt"/>
        <line num="21" count="10" type="stmt"/>
        <line num="22" count="10" type="stmt"/>
        <line num="23" count="10" type="stmt"/>
        <line num="24" count="10" type="stmt"/>
        <line num="25" count="10" type="stmt"/>
        <line num="26" count="10" type="stmt"/>
        <line num="27" count="10" type="stmt"/>
        <line num="28" count="10" type="stmt"/>
        <line num="29" count="10" type="stmt"/>
        <line num="30" count="10" type="stmt"/>
        <line num="31" count="10" type="stmt"/>
        <line num="32" count="10" type="stmt"/>
        <line num="33" count="10" type="stmt"/>
        <line num="34" count="10" type="stmt"/>
        <line num="35" count="10" type="stmt"/>
      </file>
    </package>
    <package name="src.ssr.register.dom">
      <metrics statements="1106" coveredstatements="819" conditionals="161" coveredconditionals="144" methods="121" coveredmethods="69"/>
      <file name="CSSStyleSheet.js" path="/mnt/c/Users/eanor/OneDrive/Escritorio/Emmy/emmy-dom/src/ssr/register/dom/CSSStyleSheet.js">
        <metrics statements="21" coveredstatements="12" conditionals="1" coveredconditionals="1" methods="3" coveredmethods="0"/>
        <line num="1" count="10" type="cond" truecount="1" falsecount="0"/>
        <line num="2" count="10" type="stmt"/>
        <line num="3" count="10" type="stmt"/>
        <line num="4" count="10" type="stmt"/>
        <line num="5" count="10" type="stmt"/>
        <line num="6" count="10" type="stmt"/>
        <line num="7" count="10" type="stmt"/>
        <line num="8" count="0" type="stmt"/>
        <line num="9" count="0" type="stmt"/>
        <line num="10" count="0" type="stmt"/>
        <line num="11" count="10" type="stmt"/>
        <line num="12" count="0" type="stmt"/>
        <line num="13" count="0" type="stmt"/>
        <line num="14" count="0" type="stmt"/>
        <line num="15" count="0" type="stmt"/>
        <line num="16" count="10" type="stmt"/>
        <line num="17" count="0" type="stmt"/>
        <line num="18" count="0" type="stmt"/>
        <line num="19" count="10" type="stmt"/>
        <line num="20" count="10" type="stmt"/>
        <line num="21" count="10" type="stmt"/>
      </file>
      <file name="ClassList.js" path="/mnt/c/Users/eanor/OneDrive/Escritorio/Emmy/emmy-dom/src/ssr/register/dom/ClassList.js">
        <metrics statements="29" coveredstatements="29" conditionals="8" coveredconditionals="8" methods="5" coveredmethods="5"/>
        <line num="1" count="10" type="cond" truecount="1" falsecount="0"/>
        <line num="2" count="20" type="cond" truecount="1" falsecount="0"/>
        <line num="3" count="20" type="stmt"/>
        <line num="4" count="20" type="cond" truecount="2" falsecount="0"/>
        <line num="5" count="20" type="stmt"/>
        <line num="6" count="20" type="stmt"/>
        <line num="7" count="10" type="stmt"/>
        <line num="8" count="10" type="stmt"/>
        <line num="9" count="10" type="cond" truecount="1" falsecount="0"/>
        <line num="10" count="20" type="stmt"/>
        <line num="11" count="20" type="stmt"/>
        <line num="12" count="10" type="cond" truecount="1" falsecount="0"/>
        <line num="13" count="2" type="stmt"/>
        <line num="14" count="2" type="stmt"/>
        <line num="15" count="2" type="stmt"/>
        <line num="16" count="2" type="stmt"/>
        <line num="17" count="10" type="cond" truecount="1" falsecount="0"/>
        <line num="18" count="17" type="stmt"/>
        <line num="19" count="17" type="stmt"/>
        <line num="20" count="10" type="cond" truecount="1" falsecount="0"/>
        <line num="21" count="1" type="stmt"/>
        <line num="22" count="1" type="stmt"/>
        <line num="23" count="1" type="stmt"/>
        <line num="24" count="1" type="stmt"/>
        <line num="25" count="1" type="stmt"/>
        <line num="26" count="1" type="stmt"/>
        <line num="27" count="10" type="stmt"/>
        <line num="28" count="10" type="stmt"/>
        <line num="29" count="10" type="stmt"/>
      </file>
      <file name="Comment.js" path="/mnt/c/Users/eanor/OneDrive/Escritorio/Emmy/emmy-dom/src/ssr/register/dom/Comment.js">
        <metrics statements="28" coveredstatements="13" conditionals="1" coveredconditionals="1" methods="7" coveredmethods="0"/>
        <line num="1" count="10" type="cond" truecount="1" falsecount="0"/>
        <line num="2" count="10" type="stmt"/>
        <line num="3" count="10" type="stmt"/>
        <line num="4" count="10" type="stmt"/>
        <line num="5" count="0" type="stmt"/>
        <line num="6" count="0" type="stmt"/>
        <line num="7" count="0" type="stmt"/>
        <line num="8" count="10" type="stmt"/>
        <line num="9" count="0" type="stmt"/>
        <line num="10" count="0" type="stmt"/>
        <line num="11" count="10" type="stmt"/>
        <line num="12" count="0" type="stmt"/>
        <line num="13" count="0" type="stmt"/>
        <line num="14" count="10" type="stmt"/>
        <line num="15" count="0" type="stmt"/>
        <line num="16" count="0" type="stmt"/>
        <line num="17" count="10" type="stmt"/>
        <line num="18" count="0" type="stmt"/>
        <line num="19" count="0" type="stmt"/>
        <line num="20" count="10" type="stmt"/>
        <line num="21" count="0" type="stmt"/>
        <line num="22" count="0" type="stmt"/>
        <line num="23" count="10" type="stmt"/>
        <line num="24" count="0" type="stmt"/>
        <line num="25" count="0" type="stmt"/>
        <line num="26" count="10" type="stmt"/>
        <line num="27" count="10" type="stmt"/>
        <line num="28" count="10" type="stmt"/>
      </file>
      <file name="CustomElementRegistry.js" path="/mnt/c/Users/eanor/OneDrive/Escritorio/Emmy/emmy-dom/src/ssr/register/dom/CustomElementRegistry.js">
        <metrics statements="63" coveredstatements="53" conditionals="10" coveredconditionals="9" methods="5" coveredmethods="5"/>
        <line num="1" count="10" type="cond" truecount="1" falsecount="0"/>
        <line num="2" count="10" type="stmt"/>
        <line num="3" count="10" type="stmt"/>
        <line num="4" count="10" type="stmt"/>
        <line num="5" count="10" type="cond" truecount="1" falsecount="0"/>
        <line num="6" count="16" type="stmt"/>
        <line num="7" count="16" type="stmt"/>
        <line num="8" count="16" type="stmt"/>
        <line num="9" count="10" type="cond" truecount="1" falsecount="0"/>
        <line num="10" count="5" type="stmt"/>
        <line num="11" count="5" type="stmt"/>
        <line num="12" count="5" type="stmt"/>
        <line num="13" count="5" type="stmt"/>
        <line num="14" count="5" type="stmt"/>
        <line num="15" count="5" type="stmt"/>
        <line num="16" count="5" type="cond" truecount="1" falsecount="0"/>
        <line num="17" count="1" type="stmt"/>
        <line num="18" count="1" type="stmt"/>
        <line num="19" count="1" type="stmt"/>
        <line num="20" count="5" type="stmt"/>
        <line num="21" count="10" type="cond" truecount="1" falsecount="0"/>
        <line num="22" count="126" type="stmt"/>
        <line num="23" count="126" type="stmt"/>
        <line num="24" count="10" type="cond" truecount="1" falsecount="0"/>
        <line num="25" count="2" type="cond" truecount="1" falsecount="0"/>
        <line num="26" count="2" type="cond" truecount="1" falsecount="0"/>
        <line num="27" count="1" type="stmt"/>
        <line num="28" count="1" type="stmt"/>
        <line num="29" count="1" type="stmt"/>
        <line num="30" count="1" type="stmt"/>
        <line num="31" count="2" type="stmt"/>
        <line num="32" count="2" type="stmt"/>
        <line num="33" count="10" type="cond" truecount="1" falsecount="0"/>
        <line num="34" count="1" type="cond" truecount="0" falsecount="1"/>
        <line num="35" count="0" type="stmt"/>
        <line num="36" count="0" type="stmt"/>
        <line num="37" count="0" type="stmt"/>
        <line num="38" count="0" type="stmt"/>
        <line num="39" count="0" type="stmt"/>
        <line num="40" count="0" type="stmt"/>
        <line num="41" count="0" type="stmt"/>
        <line num="42" count="0" type="stmt"/>
        <line num="43" count="0" type="stmt"/>
        <line num="44" count="0" type="stmt"/>
        <line num="45" count="1" type="stmt"/>
        <line num="46" count="1" type="stmt"/>
        <line num="47" count="1" type="stmt"/>
        <line num="48" count="1" type="stmt"/>
        <line num="49" count="1" type="stmt"/>
        <line num="50" count="1" type="stmt"/>
        <line num="51" count="1" type="stmt"/>
        <line num="52" count="1" type="stmt"/>
        <line num="53" count="1" type="stmt"/>
        <line num="54" count="1" type="stmt"/>
        <line num="55" count="1" type="stmt"/>
        <line num="56" count="1" type="stmt"/>
        <line num="57" count="1" type="stmt"/>
        <line num="58" count="1" type="stmt"/>
        <line num="59" count="1" type="stmt"/>
        <line num="60" count="1" type="stmt"/>
        <line num="61" count="10" type="stmt"/>
        <line num="62" count="10" type="stmt"/>
        <line num="63" count="10" type="stmt"/>
      </file>
      <file name="CustomEvent.js" path="/mnt/c/Users/eanor/OneDrive/Escritorio/Emmy/emmy-dom/src/ssr/register/dom/CustomEvent.js">
        <metrics statements="3" coveredstatements="3" conditionals="1" coveredconditionals="1" methods="0" coveredmethods="0"/>
        <line num="1" count="10" type="cond" truecount="1" falsecount="0"/>
        <line num="2" count="10" type="stmt"/>
        <line num="3" count="10" type="stmt"/>
      </file>
      <file name="Document.js" path="/mnt/c/Users/eanor/OneDrive/Escritorio/Emmy/emmy-dom/src/ssr/register/dom/Document.js">
        <metrics statements="106" coveredstatements="89" conditionals="16" coveredconditionals="15" methods="14" coveredmethods="10"/>
        <line num="1" count="10" type="cond" truecount="1" falsecount="0"/>
        <line num="2" count="10" type="stmt"/>
        <line num="3" count="10" type="stmt"/>
        <line num="4" count="10" type="stmt"/>
        <line num="5" count="10" type="stmt"/>
        <line num="6" count="10" type="stmt"/>
        <line num="7" count="10" type="stmt"/>
        <line num="8" count="10" type="stmt"/>
        <line num="9" count="10" type="stmt"/>
        <line num="10" count="10" type="stmt"/>
        <line num="11" count="10" type="stmt"/>
        <line num="12" count="10" type="cond" truecount="1" falsecount="0"/>
        <line num="13" count="12" type="stmt"/>
        <line num="14" count="12" type="stmt"/>
        <line num="15" count="12" type="stmt"/>
        <line num="16" count="12" type="stmt"/>
        <line num="17" count="12" type="stmt"/>
        <line num="18" count="12" type="stmt"/>
        <line num="19" count="12" type="stmt"/>
        <line num="20" count="12" type="stmt"/>
        <line num="21" count="12" type="stmt"/>
        <line num="22" count="12" type="stmt"/>
        <line num="23" count="12" type="stmt"/>
        <line num="24" count="12" type="stmt"/>
        <line num="25" count="12" type="stmt"/>
        <line num="26" count="12" type="stmt"/>
        <line num="27" count="12" type="stmt"/>
        <line num="28" count="12" type="stmt"/>
        <line num="29" count="10" type="stmt"/>
        <line num="30" count="10" type="stmt"/>
        <line num="31" count="0" type="stmt"/>
        <line num="32" count="0" type="stmt"/>
        <line num="33" count="0" type="stmt"/>
        <line num="34" count="0" type="stmt"/>
        <line num="35" count="10" type="stmt"/>
        <line num="36" count="10" type="cond" truecount="1" falsecount="0"/>
        <line num="37" count="16" type="stmt"/>
        <line num="38" count="16" type="stmt"/>
        <line num="39" count="10" type="stmt"/>
        <line num="40" count="10" type="cond" truecount="1" falsecount="0"/>
        <line num="41" count="124" type="stmt"/>
        <line num="42" count="124" type="cond" truecount="0" falsecount="1"/>
        <line num="43" count="124" type="stmt"/>
        <line num="44" count="10" type="stmt"/>
        <line num="45" count="10" type="stmt"/>
        <line num="46" count="0" type="stmt"/>
        <line num="47" count="0" type="stmt"/>
        <line num="48" count="10" type="stmt"/>
        <line num="49" count="10" type="cond" truecount="1" falsecount="0"/>
        <line num="50" count="43" type="stmt"/>
        <line num="51" count="43" type="stmt"/>
        <line num="52" count="43" type="stmt"/>
        <line num="53" count="43" type="stmt"/>
        <line num="54" count="10" type="stmt"/>
        <line num="55" count="10" type="cond" truecount="1" falsecount="0"/>
        <line num="56" count="11" type="stmt"/>
        <line num="57" count="11" type="stmt"/>
        <line num="58" count="11" type="stmt"/>
        <line num="59" count="11" type="stmt"/>
        <line num="60" count="11" type="stmt"/>
        <line num="61" count="11" type="stmt"/>
        <line num="62" count="11" type="stmt"/>
        <line num="63" count="11" type="stmt"/>
        <line num="64" count="11" type="stmt"/>
        <line num="65" count="11" type="stmt"/>
        <line num="66" count="11" type="cond" truecount="1" falsecount="0"/>
        <line num="67" count="65" type="stmt"/>
        <line num="68" count="65" type="cond" truecount="1" falsecount="0"/>
        <line num="69" count="56" type="stmt"/>
        <line num="70" count="56" type="stmt"/>
        <line num="71" count="56" type="stmt"/>
        <line num="72" count="56" type="stmt"/>
        <line num="73" count="65" type="cond" truecount="1" falsecount="0"/>
        <line num="74" count="65" type="stmt"/>
        <line num="75" count="11" type="stmt"/>
        <line num="76" count="11" type="stmt"/>
        <line num="77" count="10" type="stmt"/>
        <line num="78" count="10" type="stmt"/>
        <line num="79" count="10" type="cond" truecount="1" falsecount="0"/>
        <line num="80" count="4" type="cond" truecount="1" falsecount="0"/>
        <line num="81" count="4" type="stmt"/>
        <line num="82" count="10" type="stmt"/>
        <line num="83" count="10" type="cond" truecount="1" falsecount="0"/>
        <line num="84" count="3" type="cond" truecount="1" falsecount="0"/>
        <line num="85" count="3" type="stmt"/>
        <line num="86" count="10" type="stmt"/>
        <line num="87" count="10" type="cond" truecount="1" falsecount="0"/>
        <line num="88" count="3" type="stmt"/>
        <line num="89" count="3" type="cond" truecount="1" falsecount="0"/>
        <line num="90" count="3" type="stmt"/>
        <line num="91" count="10" type="stmt"/>
        <line num="92" count="10" type="stmt"/>
        <line num="93" count="0" type="stmt"/>
        <line num="94" count="0" type="stmt"/>
        <line num="95" count="0" type="stmt"/>
        <line num="96" count="0" type="stmt"/>
        <line num="97" count="0" type="stmt"/>
        <line num="98" count="0" type="stmt"/>
        <line num="99" count="0" type="stmt"/>
        <line num="100" count="0" type="stmt"/>
        <line num="101" count="0" type="stmt"/>
        <line num="102" count="0" type="stmt"/>
        <line num="103" count="0" type="stmt"/>
        <line num="104" count="10" type="stmt"/>
        <line num="105" count="10" type="stmt"/>
        <line num="106" count="10" type="stmt"/>
      </file>
      <file name="DocumentFragment.js" path="/mnt/c/Users/eanor/OneDrive/Escritorio/Emmy/emmy-dom/src/ssr/register/dom/DocumentFragment.js">
        <metrics statements="14" coveredstatements="12" conditionals="2" coveredconditionals="2" methods="2" coveredmethods="1"/>
        <line num="1" count="10" type="cond" truecount="1" falsecount="0"/>
        <line num="2" count="10" type="stmt"/>
        <line num="3" count="10" type="stmt"/>
        <line num="4" count="10" type="stmt"/>
        <line num="5" count="10" type="stmt"/>
        <line num="6" count="10" type="cond" truecount="1" falsecount="0"/>
        <line num="7" count="16" type="stmt"/>
        <line num="8" count="16" type="stmt"/>
        <line num="9" count="10" type="stmt"/>
        <line num="10" count="0" type="stmt"/>
        <line num="11" count="0" type="stmt"/>
        <line num="12" count="10" type="stmt"/>
        <line num="13" count="10" type="stmt"/>
        <line num="14" count="10" type="stmt"/>
      </file>
      <file name="Element.js" path="/mnt/c/Users/eanor/OneDrive/Escritorio/Emmy/emmy-dom/src/ssr/register/dom/Element.js">
        <metrics statements="341" coveredstatements="216" conditionals="50" coveredconditionals="42" methods="31" coveredmethods="17"/>
        <line num="1" count="10" type="cond" truecount="1" falsecount="0"/>
        <line num="2" count="10" type="stmt"/>
        <line num="3" count="10" type="stmt"/>
        <line num="4" count="10" type="stmt"/>
        <line num="5" count="10" type="stmt"/>
        <line num="6" count="10" type="stmt"/>
        <line num="7" count="10" type="stmt"/>
        <line num="8" count="10" type="stmt"/>
        <line num="9" count="10" type="stmt"/>
        <line num="10" count="10" type="stmt"/>
        <line num="11" count="10" type="stmt"/>
        <line num="12" count="10" type="stmt"/>
        <line num="13" count="10" type="stmt"/>
        <line num="14" count="10" type="stmt"/>
        <line num="15" count="10" type="stmt"/>
        <line num="16" count="10" type="stmt"/>
        <line num="17" count="10" type="stmt"/>
        <line num="18" count="10" type="stmt"/>
        <line num="19" count="10" type="stmt"/>
        <line num="20" count="10" type="stmt"/>
        <line num="21" count="10" type="stmt"/>
        <line num="22" count="10" type="stmt"/>
        <line num="23" count="10" type="stmt"/>
        <line num="24" count="10" type="stmt"/>
        <line num="25" count="10" type="stmt"/>
        <line num="26" count="10" type="stmt"/>
        <line num="27" count="10" type="stmt"/>
        <line num="28" count="10" type="stmt"/>
        <line num="29" count="52" type="cond" truecount="1" falsecount="0"/>
        <line num="30" count="52" type="stmt"/>
        <line num="31" count="52" type="stmt"/>
        <line num="32" count="52" type="stmt"/>
        <line num="33" count="52" type="stmt"/>
        <line num="34" count="52" type="cond" truecount="0" falsecount="1"/>
        <line num="35" count="0" type="stmt"/>
        <line num="36" count="52" type="cond" truecount="2" falsecount="0"/>
        <line num="37" count="16" type="stmt"/>
        <line num="38" count="38" type="cond" truecount="2" falsecount="0"/>
        <line num="39" count="10" type="stmt"/>
        <line num="40" count="36" type="cond" truecount="1" falsecount="0"/>
        <line num="41" count="26" type="stmt"/>
        <line num="42" count="26" type="stmt"/>
        <line num="43" count="26" type="cond" truecount="1" falsecount="0"/>
        <line num="44" count="26" type="stmt"/>
        <line num="45" count="26" type="stmt"/>
        <line num="46" count="52" type="stmt"/>
        <line num="47" count="52" type="cond" truecount="1" falsecount="0"/>
        <line num="48" count="42" type="cond" truecount="1" falsecount="0"/>
        <line num="49" count="42" type="stmt"/>
        <line num="50" count="52" type="stmt"/>
        <line num="51" count="52" type="stmt"/>
        <line num="52" count="52" type="stmt"/>
        <line num="53" count="10" type="stmt"/>
        <line num="54" count="10" type="stmt"/>
        <line num="55" count="10" type="cond" truecount="1" falsecount="0"/>
        <line num="56" count="40" type="stmt"/>
        <line num="57" count="40" type="stmt"/>
        <line num="58" count="10" type="stmt"/>
        <line num="59" count="10" type="cond" truecount="1" falsecount="0"/>
        <line num="60" count="232" type="stmt"/>
        <line num="61" count="232" type="stmt"/>
        <line num="62" count="232" type="stmt"/>
        <line num="63" count="10" type="stmt"/>
        <line num="64" count="10" type="cond" truecount="1" falsecount="0"/>
        <line num="65" count="98" type="stmt"/>
        <line num="66" count="98" type="cond" truecount="2" falsecount="0"/>
        <line num="67" count="98" type="stmt"/>
        <line num="68" count="10" type="stmt"/>
        <line num="69" count="10" type="cond" truecount="1" falsecount="0"/>
        <line num="70" count="8" type="stmt"/>
        <line num="71" count="8" type="stmt"/>
        <line num="72" count="10" type="stmt"/>
        <line num="73" count="10" type="cond" truecount="1" falsecount="0"/>
        <line num="74" count="8" type="stmt"/>
        <line num="75" count="8" type="stmt"/>
        <line num="76" count="10" type="stmt"/>
        <line num="77" count="10" type="cond" truecount="1" falsecount="0"/>
        <line num="78" count="10" type="stmt"/>
        <line num="79" count="10" type="stmt"/>
        <line num="80" count="10" type="stmt"/>
        <line num="81" count="10" type="cond" truecount="0" falsecount="1"/>
        <line num="82" count="0" type="stmt"/>
        <line num="83" count="0" type="stmt"/>
        <line num="84" count="10" type="stmt"/>
        <line num="85" count="10" type="stmt"/>
        <line num="86" count="10" type="cond" truecount="1" falsecount="0"/>
        <line num="87" count="48" type="cond" truecount="2" falsecount="0"/>
        <line num="88" count="40" type="cond" truecount="1" falsecount="0"/>
        <line num="89" count="48" type="stmt"/>
        <line num="90" count="48" type="stmt"/>
        <line num="91" count="48" type="stmt"/>
        <line num="92" count="48" type="cond" truecount="2" falsecount="0"/>
        <line num="93" count="20" type="stmt"/>
        <line num="94" count="20" type="stmt"/>
        <line num="95" count="20" type="stmt"/>
        <line num="96" count="20" type="stmt"/>
        <line num="97" count="40" type="stmt"/>
        <line num="98" count="48" type="cond" truecount="0" falsecount="2"/>
        <line num="99" count="0" type="stmt"/>
        <line num="100" count="0" type="stmt"/>
        <line num="101" count="48" type="stmt"/>
        <line num="102" count="10" type="stmt"/>
        <line num="103" count="10" type="stmt"/>
        <line num="104" count="0" type="stmt"/>
        <line num="105" count="0" type="stmt"/>
        <line num="106" count="0" type="stmt"/>
        <line num="107" count="0" type="stmt"/>
        <line num="108" count="0" type="stmt"/>
        <line num="109" count="0" type="stmt"/>
        <line num="110" count="0" type="stmt"/>
        <line num="111" count="0" type="stmt"/>
        <line num="112" count="0" type="stmt"/>
        <line num="113" count="0" type="stmt"/>
        <line num="114" count="0" type="stmt"/>
        <line num="115" count="0" type="stmt"/>
        <line num="116" count="0" type="stmt"/>
        <line num="117" count="0" type="stmt"/>
        <line num="118" count="0" type="stmt"/>
        <line num="119" count="0" type="stmt"/>
        <line num="120" count="0" type="stmt"/>
        <line num="121" count="0" type="stmt"/>
        <line num="122" count="0" type="stmt"/>
        <line num="123" count="0" type="stmt"/>
        <line num="124" count="0" type="stmt"/>
        <line num="125" count="0" type="stmt"/>
        <line num="126" count="0" type="stmt"/>
        <line num="127" count="0" type="stmt"/>
        <line num="128" count="0" type="stmt"/>
        <line num="129" count="10" type="stmt"/>
        <line num="130" count="10" type="stmt"/>
        <line num="131" count="10" type="stmt"/>
        <line num="132" count="10" type="stmt"/>
        <line num="133" count="0" type="stmt"/>
        <line num="134" count="0" type="stmt"/>
        <line num="135" count="0" type="stmt"/>
        <line num="136" count="0" type="stmt"/>
        <line num="137" count="0" type="stmt"/>
        <line num="138" count="0" type="stmt"/>
        <line num="139" count="0" type="stmt"/>
        <line num="140" count="0" type="stmt"/>
        <line num="141" count="0" type="stmt"/>
        <line num="142" count="0" type="stmt"/>
        <line num="143" count="0" type="stmt"/>
        <line num="144" count="0" type="stmt"/>
        <line num="145" count="0" type="stmt"/>
        <line num="146" count="0" type="stmt"/>
        <line num="147" count="0" type="stmt"/>
        <line num="148" count="0" type="stmt"/>
        <line num="149" count="0" type="stmt"/>
        <line num="150" count="0" type="stmt"/>
        <line num="151" count="0" type="stmt"/>
        <line num="152" count="0" type="stmt"/>
        <line num="153" count="0" type="stmt"/>
        <line num="154" count="0" type="stmt"/>
        <line num="155" count="0" type="stmt"/>
        <line num="156" count="0" type="stmt"/>
        <line num="157" count="0" type="stmt"/>
        <line num="158" count="0" type="stmt"/>
        <line num="159" count="0" type="stmt"/>
        <line num="160" count="0" type="stmt"/>
        <line num="161" count="0" type="stmt"/>
        <line num="162" count="0" type="stmt"/>
        <line num="163" count="0" type="stmt"/>
        <line num="164" count="0" type="stmt"/>
        <line num="165" count="0" type="stmt"/>
        <line num="166" count="0" type="stmt"/>
        <line num="167" count="0" type="stmt"/>
        <line num="168" count="0" type="stmt"/>
        <line num="169" count="0" type="stmt"/>
        <line num="170" count="10" type="stmt"/>
        <line num="171" count="10" type="stmt"/>
        <line num="172" count="10" type="cond" truecount="1" falsecount="0"/>
        <line num="173" count="20" type="stmt"/>
        <line num="174" count="20" type="stmt"/>
        <line num="175" count="10" type="stmt"/>
        <line num="176" count="10" type="stmt"/>
        <line num="177" count="10" type="stmt"/>
        <line num="178" count="10" type="stmt"/>
        <line num="179" count="0" type="stmt"/>
        <line num="180" count="10" type="stmt"/>
        <line num="181" count="10" type="stmt"/>
        <line num="182" count="0" type="stmt"/>
        <line num="183" count="0" type="stmt"/>
        <line num="184" count="10" type="stmt"/>
        <line num="185" count="10" type="stmt"/>
        <line num="186" count="10" type="stmt"/>
        <line num="187" count="10" type="cond" truecount="1" falsecount="0"/>
        <line num="188" count="14" type="stmt"/>
        <line num="189" count="14" type="cond" truecount="1" falsecount="0"/>
        <line num="190" count="22" type="stmt"/>
        <line num="191" count="22" type="cond" truecount="0" falsecount="1"/>
        <line num="192" count="22" type="cond" truecount="1" falsecount="0"/>
        <line num="193" count="14" type="stmt"/>
        <line num="194" count="14" type="stmt"/>
        <line num="195" count="10" type="stmt"/>
        <line num="196" count="10" type="cond" truecount="1" falsecount="0"/>
        <line num="197" count="56" type="cond" truecount="0" falsecount="1"/>
        <line num="198" count="0" type="stmt"/>
        <line num="199" count="0" type="stmt"/>
        <line num="200" count="56" type="cond" truecount="1" falsecount="0"/>
        <line num="201" count="14" type="stmt"/>
        <line num="202" count="14" type="stmt"/>
        <line num="203" count="56" type="cond" truecount="1" falsecount="0"/>
        <line num="204" count="16" type="stmt"/>
        <line num="205" count="16" type="stmt"/>
        <line num="206" count="56" type="stmt"/>
        <line num="207" count="10" type="stmt"/>
        <line num="208" count="10" type="stmt"/>
        <line num="209" count="10" type="stmt"/>
        <line num="210" count="10" type="cond" truecount="1" falsecount="0"/>
        <line num="211" count="24" type="cond" truecount="0" falsecount="1"/>
        <line num="212" count="24" type="stmt"/>
        <line num="213" count="10" type="stmt"/>
        <line num="214" count="10" type="stmt"/>
        <line num="215" count="10" type="stmt"/>
        <line num="216" count="10" type="stmt"/>
        <line num="217" count="0" type="stmt"/>
        <line num="218" count="0" type="stmt"/>
        <line num="219" count="0" type="stmt"/>
        <line num="220" count="0" type="stmt"/>
        <line num="221" count="0" type="stmt"/>
        <line num="222" count="0" type="stmt"/>
        <line num="223" count="0" type="stmt"/>
        <line num="224" count="0" type="stmt"/>
        <line num="225" count="10" type="stmt"/>
        <line num="226" count="10" type="stmt"/>
        <line num="227" count="10" type="stmt"/>
        <line num="228" count="10" type="cond" truecount="1" falsecount="0"/>
        <line num="229" count="253" type="cond" truecount="1" falsecount="0"/>
        <line num="230" count="10" type="stmt"/>
        <line num="231" count="10" type="stmt"/>
        <line num="232" count="10" type="stmt"/>
        <line num="233" count="10" type="cond" truecount="1" falsecount="0"/>
        <line num="234" count="149" type="stmt"/>
        <line num="235" count="149" type="stmt"/>
        <line num="236" count="10" type="stmt"/>
        <line num="237" count="10" type="stmt"/>
        <line num="238" count="10" type="stmt"/>
        <line num="239" count="10" type="cond" truecount="1" falsecount="0"/>
        <line num="240" count="34" type="stmt"/>
        <line num="241" count="34" type="stmt"/>
        <line num="242" count="10" type="stmt"/>
        <line num="243" count="10" type="stmt"/>
        <line num="244" count="10" type="stmt"/>
        <line num="245" count="10" type="stmt"/>
        <line num="246" count="0" type="stmt"/>
        <line num="247" count="0" type="stmt"/>
        <line num="248" count="10" type="stmt"/>
        <line num="249" count="10" type="stmt"/>
        <line num="250" count="10" type="stmt"/>
        <line num="251" count="10" type="stmt"/>
        <line num="252" count="0" type="stmt"/>
        <line num="253" count="10" type="stmt"/>
        <line num="254" count="10" type="stmt"/>
        <line num="255" count="0" type="stmt"/>
        <line num="256" count="0" type="stmt"/>
        <line num="257" count="0" type="stmt"/>
        <line num="258" count="0" type="stmt"/>
        <line num="259" count="0" type="stmt"/>
        <line num="260" count="0" type="stmt"/>
        <line num="261" count="10" type="stmt"/>
        <line num="262" count="10" type="stmt"/>
        <line num="263" count="10" type="stmt"/>
        <line num="264" count="10" type="cond" truecount="1" falsecount="0"/>
        <line num="265" count="12" type="stmt"/>
        <line num="266" count="12" type="cond" truecount="0" falsecount="1"/>
        <line num="267" count="0" type="stmt"/>
        <line num="268" count="0" type="stmt"/>
        <line num="269" count="12" type="stmt"/>
        <line num="270" count="12" type="cond" truecount="1" falsecount="0"/>
        <line num="271" count="12" type="stmt"/>
        <line num="272" count="12" type="stmt"/>
        <line num="273" count="10" type="stmt"/>
        <line num="274" count="10" type="stmt"/>
        <line num="275" count="0" type="stmt"/>
        <line num="276" count="0" type="stmt"/>
        <line num="277" count="10" type="stmt"/>
        <line num="278" count="10" type="stmt"/>
        <line num="279" count="10" type="stmt"/>
        <line num="280" count="10" type="stmt"/>
        <line num="281" count="0" type="stmt"/>
        <line num="282" count="0" type="stmt"/>
        <line num="283" count="0" type="stmt"/>
        <line num="284" count="0" type="stmt"/>
        <line num="285" count="0" type="stmt"/>
        <line num="286" count="0" type="stmt"/>
        <line num="287" count="0" type="stmt"/>
        <line num="288" count="0" type="stmt"/>
        <line num="289" count="10" type="stmt"/>
        <line num="290" count="10" type="stmt"/>
        <line num="291" count="10" type="stmt"/>
        <line num="292" count="10" type="stmt"/>
        <line num="293" count="0" type="stmt"/>
        <line num="294" count="0" type="stmt"/>
        <line num="295" count="0" type="stmt"/>
        <line num="296" count="0" type="stmt"/>
        <line num="297" count="10" type="stmt"/>
        <line num="298" count="10" type="stmt"/>
        <line num="299" count="10" type="stmt"/>
        <line num="300" count="10" type="stmt"/>
        <line num="301" count="0" type="stmt"/>
        <line num="302" count="10" type="stmt"/>
        <line num="303" count="10" type="stmt"/>
        <line num="304" count="0" type="stmt"/>
        <line num="305" count="0" type="stmt"/>
        <line num="306" count="0" type="stmt"/>
        <line num="307" count="0" type="stmt"/>
        <line num="308" count="0" type="stmt"/>
        <line num="309" count="0" type="stmt"/>
        <line num="310" count="0" type="stmt"/>
        <line num="311" count="0" type="stmt"/>
        <line num="312" count="0" type="stmt"/>
        <line num="313" count="0" type="stmt"/>
        <line num="314" count="0" type="stmt"/>
        <line num="315" count="0" type="stmt"/>
        <line num="316" count="0" type="stmt"/>
        <line num="317" count="0" type="stmt"/>
        <line num="318" count="0" type="stmt"/>
        <line num="319" count="0" type="stmt"/>
        <line num="320" count="0" type="stmt"/>
        <line num="321" count="10" type="stmt"/>
        <line num="322" count="10" type="stmt"/>
        <line num="323" count="10" type="stmt"/>
        <line num="324" count="10" type="stmt"/>
        <line num="325" count="0" type="stmt"/>
        <line num="326" count="0" type="stmt"/>
        <line num="327" count="10" type="stmt"/>
        <line num="328" count="10" type="stmt"/>
        <line num="329" count="10" type="stmt"/>
        <line num="330" count="10" type="cond" truecount="1" falsecount="0"/>
        <line num="331" count="25" type="cond" truecount="1" falsecount="0"/>
        <line num="332" count="10" type="stmt"/>
        <line num="333" count="10" type="cond" truecount="1" falsecount="0"/>
        <line num="334" count="16" type="cond" truecount="1" falsecount="0"/>
        <line num="335" count="3" type="stmt"/>
        <line num="336" count="3" type="stmt"/>
        <line num="337" count="16" type="stmt"/>
        <line num="338" count="16" type="stmt"/>
        <line num="339" count="10" type="stmt"/>
        <line num="340" count="10" type="stmt"/>
        <line num="341" count="10" type="stmt"/>
      </file>
      <file name="Event.js" path="/mnt/c/Users/eanor/OneDrive/Escritorio/Emmy/emmy-dom/src/ssr/register/dom/Event.js">
        <metrics statements="17" coveredstatements="10" conditionals="2" coveredconditionals="2" methods="3" coveredmethods="1"/>
        <line num="1" count="10" type="cond" truecount="1" falsecount="0"/>
        <line num="2" count="10" type="cond" truecount="1" falsecount="0"/>
        <line num="3" count="232" type="stmt"/>
        <line num="4" count="232" type="stmt"/>
        <line num="5" count="232" type="stmt"/>
        <line num="6" count="10" type="stmt"/>
        <line num="7" count="0" type="stmt"/>
        <line num="8" count="0" type="stmt"/>
        <line num="9" count="0" type="stmt"/>
        <line num="10" count="0" type="stmt"/>
        <line num="11" count="10" type="stmt"/>
        <line num="12" count="0" type="stmt"/>
        <line num="13" count="0" type="stmt"/>
        <line num="14" count="0" type="stmt"/>
        <line num="15" count="10" type="stmt"/>
        <line num="16" count="10" type="stmt"/>
        <line num="17" count="10" type="stmt"/>
      </file>
      <file name="HTMLElement.js" path="/mnt/c/Users/eanor/OneDrive/Escritorio/Emmy/emmy-dom/src/ssr/register/dom/HTMLElement.js">
        <metrics statements="5" coveredstatements="5" conditionals="1" coveredconditionals="1" methods="0" coveredmethods="0"/>
        <line num="1" count="10" type="cond" truecount="1" falsecount="0"/>
        <line num="2" count="10" type="stmt"/>
        <line num="3" count="10" type="stmt"/>
        <line num="4" count="10" type="stmt"/>
        <line num="5" count="10" type="stmt"/>
      </file>
      <file name="HTMLIFrameElement.js" path="/mnt/c/Users/eanor/OneDrive/Escritorio/Emmy/emmy-dom/src/ssr/register/dom/HTMLIFrameElement.js">
        <metrics statements="3" coveredstatements="3" conditionals="1" coveredconditionals="1" methods="0" coveredmethods="0"/>
        <line num="1" count="10" type="cond" truecount="1" falsecount="0"/>
        <line num="2" count="10" type="stmt"/>
        <line num="3" count="10" type="stmt"/>
      </file>
      <file name="HTMLParagraphElement.js" path="/mnt/c/Users/eanor/OneDrive/Escritorio/Emmy/emmy-dom/src/ssr/register/dom/HTMLParagraphElement.js">
        <metrics statements="3" coveredstatements="3" conditionals="1" coveredconditionals="1" methods="0" coveredmethods="0"/>
        <line num="1" count="10" type="cond" truecount="1" falsecount="0"/>
        <line num="2" count="10" type="stmt"/>
        <line num="3" count="10" type="stmt"/>
      </file>
      <file name="History.js" path="/mnt/c/Users/eanor/OneDrive/Escritorio/Emmy/emmy-dom/src/ssr/register/dom/History.js">
        <metrics statements="72" coveredstatements="30" conditionals="5" coveredconditionals="5" methods="11" coveredmethods="4"/>
        <line num="1" count="10" type="cond" truecount="1" falsecount="0"/>
        <line num="2" count="10" type="cond" truecount="1" falsecount="0"/>
        <line num="3" count="10" type="stmt"/>
        <line num="4" count="10" type="stmt"/>
        <line num="5" count="10" type="stmt"/>
        <line num="6" count="10" type="stmt"/>
        <line num="7" count="10" type="stmt"/>
        <line num="8" count="0" type="stmt"/>
        <line num="9" count="0" type="stmt"/>
        <line num="10" count="10" type="stmt"/>
        <line num="11" count="0" type="stmt"/>
        <line num="12" count="0" type="stmt"/>
        <line num="13" count="10" type="stmt"/>
        <line num="14" count="0" type="stmt"/>
        <line num="15" count="0" type="stmt"/>
        <line num="16" count="0" type="stmt"/>
        <line num="17" count="0" type="stmt"/>
        <line num="18" count="0" type="stmt"/>
        <line num="19" count="0" type="stmt"/>
        <line num="20" count="10" type="stmt"/>
        <line num="21" count="0" type="stmt"/>
        <line num="22" count="0" type="stmt"/>
        <line num="23" count="0" type="stmt"/>
        <line num="24" count="0" type="stmt"/>
        <line num="25" count="0" type="stmt"/>
        <line num="26" count="0" type="stmt"/>
        <line num="27" count="10" type="stmt"/>
        <line num="28" count="0" type="stmt"/>
        <line num="29" count="0" type="stmt"/>
        <line num="30" count="0" type="stmt"/>
        <line num="31" count="0" type="stmt"/>
        <line num="32" count="0" type="stmt"/>
        <line num="33" count="0" type="stmt"/>
        <line num="34" count="0" type="stmt"/>
        <line num="35" count="0" type="stmt"/>
        <line num="36" count="0" type="stmt"/>
        <line num="37" count="0" type="stmt"/>
        <line num="38" count="0" type="stmt"/>
        <line num="39" count="0" type="stmt"/>
        <line num="40" count="10" type="cond" truecount="1" falsecount="0"/>
        <line num="41" count="10" type="stmt"/>
        <line num="42" count="10" type="stmt"/>
        <line num="43" count="10" type="stmt"/>
        <line num="44" count="10" type="stmt"/>
        <line num="45" count="10" type="stmt"/>
        <line num="46" count="10" type="stmt"/>
        <line num="47" count="10" type="stmt"/>
        <line num="48" count="10" type="stmt"/>
        <line num="49" count="0" type="stmt"/>
        <line num="50" count="0" type="stmt"/>
        <line num="51" count="0" type="stmt"/>
        <line num="52" count="0" type="stmt"/>
        <line num="53" count="0" type="stmt"/>
        <line num="54" count="0" type="stmt"/>
        <line num="55" count="0" type="stmt"/>
        <line num="56" count="0" type="stmt"/>
        <line num="57" count="10" type="cond" truecount="1" falsecount="0"/>
        <line num="58" count="10" type="stmt"/>
        <line num="59" count="10" type="stmt"/>
        <line num="60" count="10" type="cond" truecount="1" falsecount="0"/>
        <line num="61" count="10" type="stmt"/>
        <line num="62" count="10" type="stmt"/>
        <line num="63" count="10" type="stmt"/>
[...]
        <line num="10" count="6" type="stmt"/>
        <line num="11" count="6" type="stmt"/>
        <line num="12" count="6" type="stmt"/>
        <line num="13" count="10" type="stmt"/>
        <line num="14" count="10" type="stmt"/>
        <line num="15" count="10" type="stmt"/>
      </file>
      <file name="Navigator.js" path="/mnt/c/Users/eanor/OneDrive/Escritorio/Emmy/emmy-dom/src/ssr/register/dom/Navigator.js">
        <metrics statements="7" coveredstatements="5" conditionals="1" coveredconditionals="1" methods="1" coveredmethods="0"/>
        <line num="1" count="10" type="cond" truecount="1" falsecount="0"/>
        <line num="2" count="10" type="stmt"/>
        <line num="3" count="0" type="stmt"/>
        <line num="4" count="0" type="stmt"/>
        <line num="5" count="10" type="stmt"/>
        <line num="6" count="10" type="stmt"/>
        <line num="7" count="10" type="stmt"/>
      </file>
      <file name="Node.js" path="/mnt/c/Users/eanor/OneDrive/Escritorio/Emmy/emmy-dom/src/ssr/register/dom/Node.js">
        <metrics statements="171" coveredstatements="138" conditionals="30" coveredconditionals="24" methods="15" coveredmethods="10"/>
        <line num="1" count="10" type="cond" truecount="1" falsecount="0"/>
        <line num="2" count="10" type="stmt"/>
        <line num="3" count="10" type="stmt"/>
        <line num="4" count="10" type="stmt"/>
        <line num="5" count="10" type="stmt"/>
        <line num="6" count="10" type="stmt"/>
        <line num="7" count="10" type="stmt"/>
        <line num="8" count="10" type="stmt"/>
        <line num="9" count="10" type="stmt"/>
        <line num="10" count="10" type="stmt"/>
        <line num="11" count="10" type="stmt"/>
        <line num="12" count="10" type="stmt"/>
        <line num="13" count="10" type="stmt"/>
        <line num="14" count="10" type="stmt"/>
        <line num="15" count="10" type="stmt"/>
        <line num="16" count="10" type="stmt"/>
        <line num="17" count="10" type="stmt"/>
        <line num="18" count="10" type="stmt"/>
        <line num="19" count="10" type="stmt"/>
        <line num="20" count="10" type="stmt"/>
        <line num="21" count="10" type="stmt"/>
        <line num="22" count="10" type="stmt"/>
        <line num="23" count="10" type="stmt"/>
        <line num="24" count="127" type="cond" truecount="1" falsecount="0"/>
        <line num="25" count="127" type="cond" truecount="0" falsecount="1"/>
        <line num="26" count="0" type="stmt"/>
        <line num="27" count="0" type="stmt"/>
        <line num="28" count="127" type="cond" truecount="1" falsecount="0"/>
        <line num="29" count="1" type="stmt"/>
        <line num="30" count="1" type="stmt"/>
        <line num="31" count="127" type="stmt"/>
        <line num="32" count="127" type="stmt"/>
        <line num="33" count="127" type="stmt"/>
        <line num="34" count="10" type="stmt"/>
        <line num="35" count="35" type="cond" truecount="1" falsecount="0"/>
        <line num="36" count="35" type="cond" truecount="0" falsecount="1"/>
        <line num="37" count="0" type="stmt"/>
        <line num="38" count="0" type="stmt"/>
        <line num="39" count="35" type="cond" truecount="0" falsecount="1"/>
        <line num="40" count="0" type="stmt"/>
        <line num="41" count="0" type="stmt"/>
        <line num="42" count="35" type="stmt"/>
        <line num="43" count="35" type="stmt"/>
        <line num="44" count="35" type="stmt"/>
        <line num="45" count="10" type="stmt"/>
        <line num="46" count="10" type="stmt"/>
        <line num="47" count="10" type="cond" truecount="1" falsecount="0"/>
        <line num="48" count="40" type="stmt"/>
        <line num="49" count="40" type="stmt"/>
        <line num="50" count="10" type="stmt"/>
        <line num="51" count="10" type="stmt"/>
        <line num="52" count="10" type="cond" truecount="1" falsecount="0"/>
        <line num="53" count="1" type="stmt"/>
        <line num="54" count="1" type="stmt"/>
        <line num="55" count="1" type="cond" truecount="1" falsecount="0"/>
        <line num="56" count="10" type="stmt"/>
        <line num="57" count="10" type="stmt"/>
        <line num="58" count="10" type="stmt"/>
        <line num="59" count="1" type="stmt"/>
        <line num="60" count="1" type="stmt"/>
        <line num="61" count="1" type="stmt"/>
        <line num="62" count="1" type="stmt"/>
        <line num="63" count="10" type="stmt"/>
        <line num="64" count="10" type="stmt"/>
        <line num="65" count="10" type="stmt"/>
        <line num="66" count="10" type="cond" truecount="1" falsecount="0"/>
        <line num="67" count="17" type="cond" truecount="0" falsecount="1"/>
        <line num="68" count="17" type="stmt"/>
        <line num="69" count="10" type="stmt"/>
        <line num="70" count="10" type="stmt"/>
        <line num="71" count="10" type="stmt"/>
        <line num="72" count="10" type="stmt"/>
        <line num="73" count="0" type="stmt"/>
        <line num="74" count="0" type="stmt"/>
        <line num="75" count="10" type="stmt"/>
        <line num="76" count="10" type="stmt"/>
        <line num="77" count="10" type="stmt"/>
        <line num="78" count="10" type="cond" truecount="1" falsecount="0"/>
        <line num="79" count="212" type="cond" truecount="1" falsecount="0"/>
        <line num="80" count="212" type="stmt"/>
        <line num="81" count="10" type="stmt"/>
        <line num="82" count="10" type="stmt"/>
        <line num="83" count="10" type="stmt"/>
        <line num="84" count="10" type="stmt"/>
        <line num="85" count="0" type="stmt"/>
        <line num="86" count="0" type="stmt"/>
        <line num="87" count="10" type="stmt"/>
        <line num="88" count="10" type="stmt"/>
        <line num="89" count="10" type="stmt"/>
        <line num="90" count="10" type="cond" truecount="1" falsecount="0"/>
        <line num="91" count="212" type="cond" truecount="1" falsecount="0"/>
        <line num="92" count="212" type="stmt"/>
        <line num="93" count="10" type="stmt"/>
        <line num="94" count="10" type="stmt"/>
        <line num="95" count="10" type="stmt"/>
        <line num="96" count="10" type="stmt"/>
        <line num="97" count="0" type="stmt"/>
        <line num="98" count="10" type="stmt"/>
        <line num="99" count="10" type="stmt"/>
        <line num="100" count="0" type="stmt"/>
        <line num="101" count="0" type="stmt"/>
        <line num="102" count="0" type="stmt"/>
        <line num="103" count="0" type="stmt"/>
        <line num="104" count="0" type="stmt"/>
        <line num="105" count="0" type="stmt"/>
        <line num="106" count="0" type="stmt"/>
        <line num="107" count="0" type="stmt"/>
        <line num="108" count="10" type="stmt"/>
        <line num="109" count="10" type="stmt"/>
        <line num="110" count="10" type="cond" truecount="1" falsecount="0"/>
        <line num="111" count="26" type="stmt"/>
        <line num="112" count="26" type="stmt"/>
        <line num="113" count="26" type="cond" truecount="0" falsecount="1"/>
        <line num="114" count="0" type="stmt"/>
        <line num="115" count="0" type="stmt"/>
        <line num="116" count="26" type="cond" truecount="0" falsecount="1"/>
        <line num="117" count="0" type="stmt"/>
        <line num="118" count="0" type="stmt"/>
        <line num="119" count="26" type="cond" truecount="1" falsecount="0"/>
        <line num="120" count="14" type="stmt"/>
        <line num="121" count="14" type="stmt"/>
        <line num="122" count="14" type="stmt"/>
        <line num="123" count="26" type="cond" truecount="1" falsecount="0"/>
        <line num="124" count="12" type="stmt"/>
        <line num="125" count="12" type="stmt"/>
        <line num="126" count="26" type="stmt"/>
        <line num="127" count="26" type="stmt"/>
        <line num="128" count="26" type="cond" truecount="1" falsecount="0"/>
        <line num="129" count="1" type="stmt"/>
        <line num="130" count="1" type="stmt"/>
        <line num="131" count="25" type="cond" truecount="1" falsecount="0"/>
        <line num="132" count="26" type="cond" truecount="1" falsecount="0"/>
        <line num="133" count="14" type="stmt"/>
        <line num="134" count="14" type="stmt"/>
        <line num="135" count="25" type="cond" truecount="1" falsecount="0"/>
        <line num="136" count="25" type="stmt"/>
        <line num="137" count="26" type="stmt"/>
        <line num="138" count="10" type="stmt"/>
        <line num="139" count="10" type="stmt"/>
        <line num="140" count="0" type="stmt"/>
        <line num="141" count="0" type="stmt"/>
        <line num="142" count="0" type="stmt"/>
        <line num="143" count="0" type="stmt"/>
        <line num="144" count="0" type="stmt"/>
        <line num="145" count="0" type="stmt"/>
        <line num="146" count="0" type="stmt"/>
        <line num="147" count="0" type="stmt"/>
        <line num="148" count="0" type="stmt"/>
        <line num="149" count="0" type="stmt"/>
        <line num="150" count="10" type="stmt"/>
        <line num="151" count="10" type="cond" truecount="1" falsecount="0"/>
        <line num="152" count="89" type="stmt"/>
        <line num="153" count="89" type="stmt"/>
        <line num="154" count="10" type="stmt"/>
        <line num="155" count="10" type="stmt"/>
        <line num="156" count="10" type="cond" truecount="1" falsecount="0"/>
        <line num="157" count="125" type="cond" truecount="1" falsecount="0"/>
        <line num="158" count="127" type="stmt"/>
        <line num="159" count="127" type="stmt"/>
        <line num="160" count="125" type="stmt"/>
        <line num="161" count="125" type="stmt"/>
        <line num="162" count="10" type="stmt"/>
        <line num="163" count="10" type="stmt"/>
        <line num="164" count="10" type="cond" truecount="1" falsecount="0"/>
        <line num="165" count="35" type="cond" truecount="1" falsecount="0"/>
        <line num="166" count="35" type="stmt"/>
        <line num="167" count="35" type="stmt"/>
        <line num="168" count="35" type="stmt"/>
        <line num="169" count="35" type="stmt"/>
        <line num="170" count="10" type="stmt"/>
        <line num="171" count="10" type="stmt"/>
      </file>
      <file name="NodeFilter.js" path="/mnt/c/Users/eanor/OneDrive/Escritorio/Emmy/emmy-dom/src/ssr/register/dom/NodeFilter.js">
        <metrics statements="15" coveredstatements="15" conditionals="1" coveredconditionals="1" methods="0" coveredmethods="0"/>
        <line num="1" count="10" type="cond" truecount="1" falsecount="0"/>
        <line num="2" count="10" type="stmt"/>
        <line num="3" count="10" type="stmt"/>
        <line num="4" count="10" type="stmt"/>
        <line num="5" count="10" type="stmt"/>
        <line num="6" count="10" type="stmt"/>
        <line num="7" count="10" type="stmt"/>
        <line num="8" count="10" type="stmt"/>
        <line num="9" count="10" type="stmt"/>
        <line num="10" count="10" type="stmt"/>
        <line num="11" count="10" type="stmt"/>
        <line num="12" count="10" type="stmt"/>
        <line num="13" count="10" type="stmt"/>
        <line num="14" count="10" type="stmt"/>
        <line num="15" count="10" type="stmt"/>
      </file>
      <file name="StyleSheet.js" path="/mnt/c/Users/eanor/OneDrive/Escritorio/Emmy/emmy-dom/src/ssr/register/dom/StyleSheet.js">
        <metrics statements="10" coveredstatements="8" conditionals="1" coveredconditionals="1" methods="1" coveredmethods="0"/>
        <line num="1" count="10" type="cond" truecount="1" falsecount="0"/>
        <line num="2" count="10" type="stmt"/>
        <line num="3" count="10" type="stmt"/>
        <line num="4" count="10" type="stmt"/>
        <line num="5" count="10" type="stmt"/>
        <line num="6" count="0" type="stmt"/>
        <line num="7" count="0" type="stmt"/>
        <line num="8" count="10" type="stmt"/>
        <line num="9" count="10" type="stmt"/>
        <line num="10" count="10" type="stmt"/>
      </file>
      <file name="Text.js" path="/mnt/c/Users/eanor/OneDrive/Escritorio/Emmy/emmy-dom/src/ssr/register/dom/Text.js">
        <metrics statements="28" coveredstatements="26" conditionals="7" coveredconditionals="7" methods="7" coveredmethods="6"/>
        <line num="1" count="10" type="cond" truecount="1" falsecount="0"/>
        <line num="2" count="10" type="stmt"/>
        <line num="3" count="10" type="stmt"/>
        <line num="4" count="10" type="cond" truecount="1" falsecount="0"/>
        <line num="5" count="43" type="stmt"/>
        <line num="6" count="43" type="stmt"/>
        <line num="7" count="43" type="stmt"/>
        <line num="8" count="10" type="cond" truecount="1" falsecount="0"/>
        <line num="9" count="38" type="stmt"/>
        <line num="10" count="38" type="stmt"/>
        <line num="11" count="10" type="cond" truecount="1" falsecount="0"/>
        <line num="12" count="26" type="stmt"/>
        <line num="13" count="26" type="stmt"/>
        <line num="14" count="10" type="cond" truecount="1" falsecount="0"/>
        <line num="15" count="49" type="stmt"/>
        <line num="16" count="49" type="stmt"/>
        <line num="17" count="10" type="cond" truecount="1" falsecount="0"/>
        <line num="18" count="43" type="stmt"/>
        <line num="19" count="43" type="stmt"/>
        <line num="20" count="10" type="cond" truecount="1" falsecount="0"/>
        <line num="21" count="49" type="stmt"/>
        <line num="22" count="49" type="stmt"/>
        <line num="23" count="10" type="stmt"/>
        <line num="24" count="0" type="stmt"/>
        <line num="25" count="0" type="stmt"/>
        <line num="26" count="10" type="stmt"/>
        <line num="27" count="10" type="stmt"/>
        <line num="28" count="10" type="stmt"/>
      </file>
      <file name="Worker.js" path="/mnt/c/Users/eanor/OneDrive/Escritorio/Emmy/emmy-dom/src/ssr/register/dom/Worker.js">
        <metrics statements="27" coveredstatements="16" conditionals="1" coveredconditionals="1" methods="4" coveredmethods="0"/>
        <line num="1" count="10" type="cond" truecount="1" falsecount="0"/>
        <line num="2" count="10" type="stmt"/>
        <line num="3" count="10" type="stmt"/>
        <line num="4" count="10" type="stmt"/>
        <line num="5" count="0" type="stmt"/>
        <line num="6" count="0" type="stmt"/>
        <line num="7" count="0" type="stmt"/>
        <line num="8" count="0" type="stmt"/>
        <line num="9" count="0" type="stmt"/>
        <line num="10" count="10" type="stmt"/>
        <line num="11" count="10" type="stmt"/>
        <line num="12" count="10" type="stmt"/>
        <line num="13" count="10" type="stmt"/>
        <line num="14" count="0" type="stmt"/>
        <line num="15" count="0" type="stmt"/>
        <line num="16" count="10" type="stmt"/>
        <line num="17" count="10" type="stmt"/>
        <line num="18" count="10" type="stmt"/>
        <line num="19" count="10" type="stmt"/>
        <line num="20" count="0" type="stmt"/>
        <line num="21" count="0" type="stmt"/>
        <line num="22" count="10" type="stmt"/>
        <line num="23" count="0" type="stmt"/>
        <line num="24" count="0" type="stmt"/>
        <line num="25" count="10" type="stmt"/>
        <line num="26" count="10" type="stmt"/>
        <line num="27" count="10" type="stmt"/>
      </file>
    </package>
    <package name="src.ssr.register.util">
      <metrics statements="75" coveredstatements="57" conditionals="16" coveredconditionals="14" methods="7" coveredmethods="4"/>
      <file name="index.js" path="/mnt/c/Users/eanor/OneDrive/Escritorio/Emmy/emmy-dom/src/ssr/register/util/index.js">
        <metrics statements="75" coveredstatements="57" conditionals="16" coveredconditionals="14" methods="7" coveredmethods="4"/>
        <line num="1" count="10" type="cond" truecount="1" falsecount="0"/>
        <line num="2" count="10" type="stmt"/>
        <line num="3" count="10" type="stmt"/>
        <line num="4" count="10" type="stmt"/>
        <line num="5" count="160" type="cond" truecount="1" falsecount="0"/>
        <line num="6" count="160" type="cond" truecount="0" falsecount="1"/>
        <line num="7" count="0" type="stmt"/>
        <line num="8" count="0" type="stmt"/>
        <line num="9" count="160" type="cond" truecount="1" falsecount="0"/>
        <line num="10" count="16" type="stmt"/>
        <line num="11" count="160" type="cond" truecount="1" falsecount="0"/>
        <line num="12" count="144" type="stmt"/>
        <line num="13" count="144" type="stmt"/>
        <line num="14" count="160" type="stmt"/>
        <line num="15" count="160" type="stmt"/>
        <line num="16" count="10" type="stmt"/>
        <line num="17" count="0" type="stmt"/>
        <line num="18" count="0" type="stmt"/>
        <line num="19" count="0" type="stmt"/>
        <line num="20" count="0" type="stmt"/>
        <line num="21" count="10" type="stmt"/>
        <line num="22" count="0" type="stmt"/>
        <line num="23" count="0" type="stmt"/>
        <line num="24" count="0" type="stmt"/>
        <line num="25" count="0" type="stmt"/>
        <line num="26" count="0" type="stmt"/>
        <line num="27" count="10" type="stmt"/>
        <line num="28" count="240" type="cond" truecount="1" falsecount="0"/>
        <line num="29" count="240" type="cond" truecount="0" falsecount="1"/>
        <line num="30" count="240" type="stmt"/>
        <line num="31" count="10" type="stmt"/>
        <line num="32" count="10" type="cond" truecount="1" falsecount="0"/>
        <line num="33" count="10" type="stmt"/>
        <line num="34" count="10" type="stmt"/>
        <line num="35" count="10" type="stmt"/>
        <line num="36" count="10" type="stmt"/>
        <line num="37" count="10" type="cond" truecount="2" falsecount="0"/>
        <line num="38" count="10" type="stmt"/>
        <line num="39" count="10" type="cond" truecount="1" falsecount="0"/>
        <line num="40" count="50" type="cond" truecount="1" falsecount="0"/>
        <line num="41" count="6" type="stmt"/>
        <line num="42" count="6" type="cond" truecount="1" falsecount="0"/>
        <line num="43" count="2" type="stmt"/>
        <line num="44" count="2" type="stmt"/>
        <line num="45" count="4" type="cond" truecount="1" falsecount="0"/>
        <line num="46" count="4" type="stmt"/>
        <line num="47" count="50" type="stmt"/>
        <line num="48" count="8" type="cond" truecount="1" falsecount="0"/>
        <line num="49" count="8" type="stmt"/>
        <line num="50" count="10" type="stmt"/>
        <line num="51" count="10" type="stmt"/>
        <line num="52" count="225" type="cond" truecount="1" falsecount="0"/>
        <line num="53" count="225" type="stmt"/>
        <line num="54" count="225" type="stmt"/>
        <line num="55" count="225" type="stmt"/>
        <line num="56" count="225" type="stmt"/>
        <line num="57" count="225" type="stmt"/>
        <line num="58" count="10" type="stmt"/>
        <line num="59" count="0" type="stmt"/>
        <line num="60" count="0" type="stmt"/>
        <line num="61" count="0" type="stmt"/>
        <line num="62" count="0" type="stmt"/>
        <line num="63" count="0" type="stmt"/>
        <line num="64" count="0" type="stmt"/>
        <line num="65" count="0" type="stmt"/>
        <line num="66" count="10" type="stmt"/>
        <line num="67" count="10" type="stmt"/>
        <line num="68" count="10" type="stmt"/>
        <line num="69" count="10" type="stmt"/>
        <line num="70" count="10" type="stmt"/>
        <line num="71" count="10" type="stmt"/>
        <line num="72" count="10" type="stmt"/>
        <line num="73" count="10" type="stmt"/>
        <line num="74" count="10" type="stmt"/>
        <line num="75" count="10" type="stmt"/>
      </file>
    </package>
  </project>
</coverage>
