{"/home/eanorambuena/Desktop/emmy-dom/src/commonExports.ts": {"path":"/home/eanorambuena/Desktop/emmy-dom/src/commonExports.ts","all":false,"statementMap":{"0":{"start":{"line":1,"column":0},"end":{"line":1,"column":56}},"1":{"start":{"line":2,"column":0},"end":{"line":2,"column":8}},"2":{"start":{"line":3,"column":0},"end":{"line":3,"column":23}},"3":{"start":{"line":4,"column":0},"end":{"line":4,"column":14}},"4":{"start":{"line":5,"column":0},"end":{"line":5,"column":49}},"5":{"start":{"line":6,"column":0},"end":{"line":6,"column":30}},"6":{"start":{"line":7,"column":0},"end":{"line":7,"column":24}},"7":{"start":{"line":8,"column":0},"end":{"line":8,"column":52}},"8":{"start":{"line":9,"column":0},"end":{"line":9,"column":19}}},"s":{"0":2,"1":2,"2":2,"3":2,"4":2,"5":2,"6":2,"7":2,"8":2},"branchMap":{},"b":{},"fnMap":{},"f":{}}
,"/home/eanorambuena/Desktop/emmy-dom/src/hooks.ts": {"path":"/home/eanorambuena/Desktop/emmy-dom/src/hooks.ts","all":false,"statementMap":{"0":{"start":{"line":1,"column":0},"end":{"line":1,"column":37}},"1":{"start":{"line":2,"column":0},"end":{"line":2,"column":0}},"2":{"start":{"line":3,"column":0},"end":{"line":3,"column":103}},"3":{"start":{"line":4,"column":0},"end":{"line":4,"column":0}},"4":{"start":{"line":5,"column":0},"end":{"line":5,"column":54}},"5":{"start":{"line":6,"column":0},"end":{"line":6,"column":79}},"6":{"start":{"line":7,"column":0},"end":{"line":7,"column":140}},"7":{"start":{"line":8,"column":0},"end":{"line":8,"column":0}},"8":{"start":{"line":9,"column":0},"end":{"line":9,"column":36}},"9":{"start":{"line":10,"column":0},"end":{"line":10,"column":40}},"10":{"start":{"line":11,"column":0},"end":{"line":11,"column":34}},"11":{"start":{"line":12,"column":0},"end":{"line":12,"column":25}},"12":{"start":{"line":13,"column":0},"end":{"line":13,"column":20}},"13":{"start":{"line":14,"column":0},"end":{"line":14,"column":1}},"14":{"start":{"line":15,"column":0},"end":{"line":15,"column":0}},"15":{"start":{"line":16,"column":0},"end":{"line":16,"column":48}},"16":{"start":{"line":17,"column":0},"end":{"line":17,"column":47}},"17":{"start":{"line":18,"column":0},"end":{"line":18,"column":49}},"18":{"start":{"line":19,"column":0},"end":{"line":19,"column":1}},"19":{"start":{"line":20,"column":0},"end":{"line":20,"column":0}},"20":{"start":{"line":21,"column":0},"end":{"line":21,"column":70}},"21":{"start":{"line":22,"column":0},"end":{"line":22,"column":43}},"22":{"start":{"line":23,"column":0},"end":{"line":23,"column":43}},"23":{"start":{"line":24,"column":0},"end":{"line":24,"column":25}},"24":{"start":{"line":25,"column":0},"end":{"line":25,"column":5}},"25":{"start":{"line":26,"column":0},"end":{"line":26,"column":21}},"26":{"start":{"line":27,"column":0},"end":{"line":27,"column":4}},"27":{"start":{"line":28,"column":0},"end":{"line":28,"column":1}},"28":{"start":{"line":29,"column":0},"end":{"line":29,"column":0}},"29":{"start":{"line":30,"column":0},"end":{"line":30,"column":91}},"30":{"start":{"line":31,"column":0},"end":{"line":31,"column":26}},"31":{"start":{"line":32,"column":0},"end":{"line":32,"column":27}},"32":{"start":{"line":33,"column":0},"end":{"line":33,"column":37}},"33":{"start":{"line":34,"column":0},"end":{"line":34,"column":20}},"34":{"start":{"line":35,"column":0},"end":{"line":35,"column":54}},"35":{"start":{"line":36,"column":0},"end":{"line":36,"column":21}},"36":{"start":{"line":37,"column":0},"end":{"line":37,"column":5}},"37":{"start":{"line":38,"column":0},"end":{"line":38,"column":3}},"38":{"start":{"line":39,"column":0},"end":{"line":39,"column":26}},"39":{"start":{"line":40,"column":0},"end":{"line":40,"column":1}},"40":{"start":{"line":41,"column":0},"end":{"line":41,"column":0}},"41":{"start":{"line":42,"column":0},"end":{"line":42,"column":158}},"42":{"start":{"line":43,"column":0},"end":{"line":43,"column":27}},"43":{"start":{"line":44,"column":0},"end":{"line":44,"column":48}},"44":{"start":{"line":45,"column":0},"end":{"line":45,"column":10}},"45":{"start":{"line":46,"column":0},"end":{"line":46,"column":3}},"46":{"start":{"line":47,"column":0},"end":{"line":47,"column":47}},"47":{"start":{"line":48,"column":0},"end":{"line":48,"column":51}},"48":{"start":{"line":49,"column":0},"end":{"line":49,"column":42}},"49":{"start":{"line":50,"column":0},"end":{"line":50,"column":34}},"50":{"start":{"line":51,"column":0},"end":{"line":51,"column":41}},"51":{"start":{"line":52,"column":0},"end":{"line":52,"column":5}},"52":{"start":{"line":53,"column":0},"end":{"line":53,"column":10}},"53":{"start":{"line":54,"column":0},"end":{"line":54,"column":3}},"54":{"start":{"line":55,"column":0},"end":{"line":55,"column":47}},"55":{"start":{"line":56,"column":0},"end":{"line":56,"column":40}},"56":{"start":{"line":57,"column":0},"end":{"line":57,"column":32}},"57":{"start":{"line":58,"column":0},"end":{"line":58,"column":51}},"58":{"start":{"line":59,"column":0},"end":{"line":59,"column":78}},"59":{"start":{"line":60,"column":0},"end":{"line":60,"column":39}},"60":{"start":{"line":61,"column":0},"end":{"line":61,"column":41}},"61":{"start":{"line":62,"column":0},"end":{"line":62,"column":5}},"62":{"start":{"line":63,"column":0},"end":{"line":63,"column":3}},"63":{"start":{"line":64,"column":0},"end":{"line":64,"column":22}},"64":{"start":{"line":65,"column":0},"end":{"line":65,"column":37}},"65":{"start":{"line":66,"column":0},"end":{"line":66,"column":41}},"66":{"start":{"line":67,"column":0},"end":{"line":67,"column":38}},"67":{"start":{"line":68,"column":0},"end":{"line":68,"column":41}},"68":{"start":{"line":69,"column":0},"end":{"line":69,"column":40}},"69":{"start":{"line":70,"column":0},"end":{"line":70,"column":48}},"70":{"start":{"line":71,"column":0},"end":{"line":71,"column":30}},"71":{"start":{"line":72,"column":0},"end":{"line":72,"column":25}},"72":{"start":{"line":73,"column":0},"end":{"line":73,"column":45}},"73":{"start":{"line":74,"column":0},"end":{"line":74,"column":9}},"74":{"start":{"line":75,"column":0},"end":{"line":75,"column":7}},"75":{"start":{"line":76,"column":0},"end":{"line":76,"column":5}},"76":{"start":{"line":77,"column":0},"end":{"line":77,"column":16}},"77":{"start":{"line":78,"column":0},"end":{"line":78,"column":4}},"78":{"start":{"line":79,"column":0},"end":{"line":79,"column":1}},"79":{"start":{"line":80,"column":0},"end":{"line":80,"column":0}},"80":{"start":{"line":81,"column":0},"end":{"line":81,"column":38}},"81":{"start":{"line":82,"column":0},"end":{"line":82,"column":27}},"82":{"start":{"line":83,"column":0},"end":{"line":83,"column":1}}},"s":{"0":2,"1":2,"2":2,"3":2,"4":2,"5":2,"6":2,"7":2,"8":2,"9":2,"10":2,"11":2,"12":2,"13":2,"14":2,"15":2,"16":46,"17":46,"18":46,"19":2,"20":2,"21":16,"22":18,"23":6,"24":6,"25":12,"26":16,"27":16,"28":2,"29":2,"30":7,"31":7,"32":7,"33":6,"34":6,"35":3,"36":3,"37":6,"38":7,"39":7,"40":2,"41":2,"42":8,"43":2,"44":2,"45":2,"46":6,"47":8,"48":1,"49":1,"50":1,"51":1,"52":1,"53":1,"54":5,"55":5,"56":7,"57":7,"58":7,"59":1,"60":1,"61":1,"62":7,"63":5,"64":5,"65":5,"66":4,"67":4,"68":4,"69":7,"70":7,"71":4,"72":4,"73":7,"74":4,"75":4,"76":5,"77":5,"78":5,"79":2,"80":2,"81":1,"82":1},"branchMap":{"0":{"type":"branch","line":16,"loc":{"start":{"line":16,"column":7},"end":{"line":19,"column":1}},"locations":[{"start":{"line":16,"column":7},"end":{"line":19,"column":1}}]},"1":{"type":"branch","line":21,"loc":{"start":{"line":21,"column":7},"end":{"line":28,"column":1}},"locations":[{"start":{"line":21,"column":7},"end":{"line":28,"column":1}}]},"2":{"type":"branch","line":22,"loc":{"start":{"line":22,"column":26},"end":{"line":27,"column":3}},"locations":[{"start":{"line":22,"column":26},"end":{"line":27,"column":3}}]},"3":{"type":"branch","line":23,"loc":{"start":{"line":23,"column":42},"end":{"line":25,"column":5}},"locations":[{"start":{"line":23,"column":42},"end":{"line":25,"column":5}}]},"4":{"type":"branch","line":25,"loc":{"start":{"line":25,"column":4},"end":{"line":26,"column":21}},"locations":[{"start":{"line":25,"column":4},"end":{"line":26,"column":21}}]},"5":{"type":"branch","line":30,"loc":{"start":{"line":30,"column":7},"end":{"line":40,"column":1}},"locations":[{"start":{"line":30,"column":7},"end":{"line":40,"column":1}}]},"6":{"type":"branch","line":32,"loc":{"start":{"line":32,"column":16},"end":{"line":32,"column":27}},"locations":[{"start":{"line":32,"column":16},"end":{"line":32,"column":27}}]},"7":{"type":"branch","line":33,"loc":{"start":{"line":33,"column":19},"end":{"line":38,"column":3}},"locations":[{"start":{"line":33,"column":19},"end":{"line":38,"column":3}}]},"8":{"type":"branch","line":35,"loc":{"start":{"line":35,"column":53},"end":{"line":37,"column":5}},"locations":[{"start":{"line":35,"column":53},"end":{"line":37,"column":5}}]},"9":{"type":"branch","line":42,"loc":{"start":{"line":42,"column":7},"end":{"line":79,"column":1}},"locations":[{"start":{"line":42,"column":7},"end":{"line":79,"column":1}}]},"10":{"type":"branch","line":43,"loc":{"start":{"line":43,"column":26},"end":{"line":46,"column":3}},"locations":[{"start":{"line":43,"column":26},"end":{"line":46,"column":3}}]},"11":{"type":"branch","line":46,"loc":{"start":{"line":46,"column":2},"end":{"line":48,"column":50}},"locations":[{"start":{"line":46,"column":2},"end":{"line":48,"column":50}}]},"12":{"type":"branch","line":48,"loc":{"start":{"line":48,"column":50},"end":{"line":54,"column":3}},"locations":[{"start":{"line":48,"column":50},"end":{"line":54,"column":3}}]},"13":{"type":"branch","line":54,"loc":{"start":{"line":54,"column":2},"end":{"line":79,"column":1}},"locations":[{"start":{"line":54,"column":2},"end":{"line":79,"column":1}}]},"14":{"type":"branch","line":49,"loc":{"start":{"line":49,"column":26},"end":{"line":52,"column":5}},"locations":[{"start":{"line":49,"column":26},"end":{"line":52,"column":5}}]},"15":{"type":"branch","line":56,"loc":{"start":{"line":56,"column":24},"end":{"line":63,"column":3}},"locations":[{"start":{"line":56,"column":24},"end":{"line":63,"column":3}}]},"16":{"type":"branch","line":59,"loc":{"start":{"line":59,"column":77},"end":{"line":62,"column":5}},"locations":[{"start":{"line":59,"column":77},"end":{"line":62,"column":5}}]},"17":{"type":"branch","line":65,"loc":{"start":{"line":65,"column":20},"end":{"line":78,"column":3}},"locations":[{"start":{"line":65,"column":20},"end":{"line":78,"column":3}}]},"18":{"type":"branch","line":66,"loc":{"start":{"line":66,"column":40},"end":{"line":76,"column":5}},"locations":[{"start":{"line":66,"column":40},"end":{"line":76,"column":5}}]},"19":{"type":"branch","line":69,"loc":{"start":{"line":69,"column":24},"end":{"line":74,"column":9}},"locations":[{"start":{"line":69,"column":24},"end":{"line":74,"column":9}}]},"20":{"type":"branch","line":71,"loc":{"start":{"line":71,"column":24},"end":{"line":71,"column":30}},"locations":[{"start":{"line":71,"column":24},"end":{"line":71,"column":30}}]},"21":{"type":"branch","line":71,"loc":{"start":{"line":71,"column":24},"end":{"line":73,"column":45}},"locations":[{"start":{"line":71,"column":24},"end":{"line":73,"column":45}}]},"22":{"type":"branch","line":81,"loc":{"start":{"line":81,"column":7},"end":{"line":83,"column":1}},"locations":[{"start":{"line":81,"column":7},"end":{"line":83,"column":1}}]},"23":{"type":"branch","line":48,"loc":{"start":{"line":48,"column":50},"end":{"line":79,"column":1}},"locations":[{"start":{"line":48,"column":50},"end":{"line":79,"column":1}}]}},"b":{"0":[46],"1":[16],"2":[18],"3":[6],"4":[12],"5":[7],"6":[12],"7":[6],"8":[3],"9":[8],"10":[2],"11":[6],"12":[1],"13":[5],"14":[1],"15":[7],"16":[1],"17":[5],"18":[4],"19":[7],"20":[3],"21":[4],"22":[1],"23":[7]},"fnMap":{"0":{"name":"bindHooks","decl":{"start":{"line":16,"column":7},"end":{"line":19,"column":1}},"loc":{"start":{"line":16,"column":7},"end":{"line":19,"column":1}},"line":16},"1":{"name":"getValues","decl":{"start":{"line":21,"column":7},"end":{"line":28,"column":1}},"loc":{"start":{"line":21,"column":7},"end":{"line":28,"column":1}},"line":21},"2":{"name":"useState","decl":{"start":{"line":30,"column":7},"end":{"line":40,"column":1}},"loc":{"start":{"line":30,"column":7},"end":{"line":40,"column":1}},"line":30},"3":{"name":"state","decl":{"start":{"line":32,"column":16},"end":{"line":32,"column":27}},"loc":{"start":{"line":32,"column":16},"end":{"line":32,"column":27}},"line":32},"4":{"name":"setState","decl":{"start":{"line":33,"column":19},"end":{"line":38,"column":3}},"loc":{"start":{"line":33,"column":19},"end":{"line":38,"column":3}},"line":33},"5":{"name":"useEffect","decl":{"start":{"line":42,"column":7},"end":{"line":79,"column":1}},"loc":{"start":{"line":42,"column":7},"end":{"line":79,"column":1}},"line":42},"6":{"name":"effectCallback","decl":{"start":{"line":49,"column":26},"end":{"line":52,"column":5}},"loc":{"start":{"line":49,"column":26},"end":{"line":52,"column":5}},"line":49},"7":{"name":"effectCallback","decl":{"start":{"line":56,"column":24},"end":{"line":63,"column":3}},"loc":{"start":{"line":56,"column":24},"end":{"line":63,"column":3}},"line":56},"8":{"name":"callback","decl":{"start":{"line":69,"column":24},"end":{"line":74,"column":9}},"loc":{"start":{"line":69,"column":24},"end":{"line":74,"column":9}},"line":69},"9":{"name":"useRef","decl":{"start":{"line":81,"column":7},"end":{"line":83,"column":1}},"loc":{"start":{"line":81,"column":7},"end":{"line":83,"column":1}},"line":81}},"f":{"0":46,"1":16,"2":7,"3":12,"4":6,"5":8,"6":1,"7":7,"8":8,"9":1}}
,"/home/eanorambuena/Desktop/emmy-dom/src/index.ts": {"path":"/home/eanorambuena/Desktop/emmy-dom/src/index.ts","all":false,"statementMap":{"0":{"start":{"line":1,"column":0},"end":{"line":1,"column":34}},"1":{"start":{"line":2,"column":0},"end":{"line":2,"column":0}},"2":{"start":{"line":3,"column":0},"end":{"line":3,"column":69}},"3":{"start":{"line":4,"column":0},"end":{"line":4,"column":8}},"4":{"start":{"line":5,"column":0},"end":{"line":5,"column":9}},"5":{"start":{"line":6,"column":0},"end":{"line":6,"column":14}},"6":{"start":{"line":7,"column":0},"end":{"line":7,"column":20}},"7":{"start":{"line":8,"column":0},"end":{"line":8,"column":7}},"8":{"start":{"line":9,"column":0},"end":{"line":9,"column":6}},"9":{"start":{"line":10,"column":0},"end":{"line":10,"column":19}},"10":{"start":{"line":11,"column":0},"end":{"line":11,"column":19}},"11":{"start":{"line":12,"column":0},"end":{"line":12,"column":16}},"12":{"start":{"line":13,"column":0},"end":{"line":13,"column":19}},"13":{"start":{"line":14,"column":0},"end":{"line":14,"column":0}},"14":{"start":{"line":15,"column":0},"end":{"line":15,"column":25}},"15":{"start":{"line":16,"column":0},"end":{"line":16,"column":26}},"16":{"start":{"line":17,"column":0},"end":{"line":17,"column":22}},"17":{"start":{"line":18,"column":0},"end":{"line":18,"column":24}},"18":{"start":{"line":19,"column":0},"end":{"line":19,"column":1}},"19":{"start":{"line":20,"column":0},"end":{"line":20,"column":0}},"20":{"start":{"line":21,"column":0},"end":{"line":21,"column":121}},"21":{"start":{"line":22,"column":0},"end":{"line":22,"column":124}},"22":{"start":{"line":23,"column":0},"end":{"line":23,"column":0}},"23":{"start":{"line":24,"column":0},"end":{"line":24,"column":114}},"24":{"start":{"line":25,"column":0},"end":{"line":25,"column":16}},"25":{"start":{"line":26,"column":0},"end":{"line":26,"column":20}},"26":{"start":{"line":27,"column":0},"end":{"line":27,"column":33}},"27":{"start":{"line":28,"column":0},"end":{"line":28,"column":3}},"28":{"start":{"line":29,"column":0},"end":{"line":29,"column":1}},"29":{"start":{"line":30,"column":0},"end":{"line":30,"column":55}},"30":{"start":{"line":31,"column":0},"end":{"line":31,"column":104}},"31":{"start":{"line":32,"column":0},"end":{"line":32,"column":0}},"32":{"start":{"line":33,"column":0},"end":{"line":33,"column":57}},"33":{"start":{"line":34,"column":0},"end":{"line":34,"column":33}},"34":{"start":{"line":35,"column":0},"end":{"line":35,"column":20}},"35":{"start":{"line":36,"column":0},"end":{"line":36,"column":20}},"36":{"start":{"line":37,"column":0},"end":{"line":37,"column":0}},"37":{"start":{"line":38,"column":0},"end":{"line":38,"column":17}},"38":{"start":{"line":39,"column":0},"end":{"line":39,"column":11}},"39":{"start":{"line":40,"column":0},"end":{"line":40,"column":36}},"40":{"start":{"line":41,"column":0},"end":{"line":41,"column":52}},"41":{"start":{"line":42,"column":0},"end":{"line":42,"column":19}},"42":{"start":{"line":43,"column":0},"end":{"line":43,"column":3}},"43":{"start":{"line":44,"column":0},"end":{"line":44,"column":0}},"44":{"start":{"line":45,"column":0},"end":{"line":45,"column":32}},"45":{"start":{"line":46,"column":0},"end":{"line":46,"column":66}},"46":{"start":{"line":47,"column":0},"end":{"line":47,"column":59}},"47":{"start":{"line":48,"column":0},"end":{"line":48,"column":30}},"48":{"start":{"line":49,"column":0},"end":{"line":49,"column":55}},"49":{"start":{"line":50,"column":0},"end":{"line":50,"column":7}},"50":{"start":{"line":51,"column":0},"end":{"line":51,"column":5}},"51":{"start":{"line":52,"column":0},"end":{"line":52,"column":3}},"52":{"start":{"line":53,"column":0},"end":{"line":53,"column":0}},"53":{"start":{"line":54,"column":0},"end":{"line":54,"column":36}},"54":{"start":{"line":55,"column":0},"end":{"line":55,"column":0}},"55":{"start":{"line":56,"column":0},"end":{"line":56,"column":66}},"56":{"start":{"line":57,"column":0},"end":{"line":57,"column":75}},"57":{"start":{"line":58,"column":0},"end":{"line":58,"column":11}},"58":{"start":{"line":59,"column":0},"end":{"line":59,"column":23}},"59":{"start":{"line":60,"column":0},"end":{"line":60,"column":79}},"60":{"start":{"line":61,"column":0},"end":{"line":61,"column":96}},"61":{"start":{"line":62,"column":0},"end":{"line":62,"column":99}},"62":{"start":{"line":63,"column":0},"end":{"line":63,"column":9}},"63":{"start":{"line":64,"column":0},"end":{"line":64,"column":14}},"64":{"start":{"line":65,"column":0},"end":{"line":65,"column":38}},"65":{"start":{"line":66,"column":0},"end":{"line":66,"column":9}},"66":{"start":{"line":67,"column":0},"end":{"line":67,"column":49}},"67":{"start":{"line":68,"column":0},"end":{"line":68,"column":7}},"68":{"start":{"line":69,"column":0},"end":{"line":69,"column":17}},"69":{"start":{"line":70,"column":0},"end":{"line":70,"column":47}},"70":{"start":{"line":71,"column":0},"end":{"line":71,"column":7}},"71":{"start":{"line":72,"column":0},"end":{"line":72,"column":5}},"72":{"start":{"line":73,"column":0},"end":{"line":73,"column":47}},"73":{"start":{"line":74,"column":0},"end":{"line":74,"column":45}},"74":{"start":{"line":75,"column":0},"end":{"line":75,"column":5}},"75":{"start":{"line":76,"column":0},"end":{"line":76,"column":10}},"76":{"start":{"line":77,"column":0},"end":{"line":77,"column":39}},"77":{"start":{"line":78,"column":0},"end":{"line":78,"column":5}},"78":{"start":{"line":79,"column":0},"end":{"line":79,"column":53}},"79":{"start":{"line":80,"column":0},"end":{"line":80,"column":30}},"80":{"start":{"line":81,"column":0},"end":{"line":81,"column":5}},"81":{"start":{"line":82,"column":0},"end":{"line":82,"column":3}},"82":{"start":{"line":83,"column":0},"end":{"line":83,"column":0}},"83":{"start":{"line":84,"column":0},"end":{"line":84,"column":58}},"84":{"start":{"line":85,"column":0},"end":{"line":85,"column":1}},"85":{"start":{"line":86,"column":0},"end":{"line":86,"column":0}},"86":{"start":{"line":87,"column":0},"end":{"line":87,"column":46}},"87":{"start":{"line":88,"column":0},"end":{"line":88,"column":17}},"88":{"start":{"line":89,"column":0},"end":{"line":89,"column":11}},"89":{"start":{"line":90,"column":0},"end":{"line":90,"column":39}},"90":{"start":{"line":91,"column":0},"end":{"line":91,"column":3}},"91":{"start":{"line":92,"column":0},"end":{"line":92,"column":0}},"92":{"start":{"line":93,"column":0},"end":{"line":93,"column":23}},"93":{"start":{"line":94,"column":0},"end":{"line":94,"column":78}},"94":{"start":{"line":95,"column":0},"end":{"line":95,"column":34}},"95":{"start":{"line":96,"column":0},"end":{"line":96,"column":3}},"96":{"start":{"line":97,"column":0},"end":{"line":97,"column":0}},"97":{"start":{"line":98,"column":0},"end":{"line":98,"column":51}},"98":{"start":{"line":99,"column":0},"end":{"line":99,"column":67}},"99":{"start":{"line":100,"column":0},"end":{"line":100,"column":3}},"100":{"start":{"line":101,"column":0},"end":{"line":101,"column":1}},"101":{"start":{"line":102,"column":0},"end":{"line":102,"column":0}},"102":{"start":{"line":103,"column":0},"end":{"line":103,"column":51}},"103":{"start":{"line":104,"column":0},"end":{"line":104,"column":23}},"104":{"start":{"line":105,"column":0},"end":{"line":105,"column":66}},"105":{"start":{"line":106,"column":0},"end":{"line":106,"column":34}},"106":{"start":{"line":107,"column":0},"end":{"line":107,"column":3}},"107":{"start":{"line":108,"column":0},"end":{"line":108,"column":0}},"108":{"start":{"line":109,"column":0},"end":{"line":109,"column":51}},"109":{"start":{"line":110,"column":0},"end":{"line":110,"column":101}},"110":{"start":{"line":111,"column":0},"end":{"line":111,"column":3}},"111":{"start":{"line":112,"column":0},"end":{"line":112,"column":1}},"112":{"start":{"line":113,"column":0},"end":{"line":113,"column":0}},"113":{"start":{"line":114,"column":0},"end":{"line":114,"column":98}},"114":{"start":{"line":115,"column":0},"end":{"line":115,"column":58}},"115":{"start":{"line":116,"column":0},"end":{"line":116,"column":21}},"116":{"start":{"line":117,"column":0},"end":{"line":117,"column":44}},"117":{"start":{"line":118,"column":0},"end":{"line":118,"column":0}},"118":{"start":{"line":119,"column":0},"end":{"line":119,"column":51}},"119":{"start":{"line":120,"column":0},"end":{"line":120,"column":11}},"120":{"start":{"line":121,"column":0},"end":{"line":121,"column":64}},"121":{"start":{"line":122,"column":0},"end":{"line":122,"column":30}},"122":{"start":{"line":123,"column":0},"end":{"line":123,"column":41}},"123":{"start":{"line":124,"column":0},"end":{"line":124,"column":52}},"124":{"start":{"line":125,"column":0},"end":{"line":125,"column":15}},"125":{"start":{"line":126,"column":0},"end":{"line":126,"column":30}},"126":{"start":{"line":127,"column":0},"end":{"line":127,"column":36}},"127":{"start":{"line":128,"column":0},"end":{"line":128,"column":6}},"128":{"start":{"line":129,"column":0},"end":{"line":129,"column":39}},"129":{"start":{"line":130,"column":0},"end":{"line":130,"column":3}},"130":{"start":{"line":131,"column":0},"end":{"line":131,"column":0}},"131":{"start":{"line":132,"column":0},"end":{"line":132,"column":15}},"132":{"start":{"line":133,"column":0},"end":{"line":133,"column":62}},"133":{"start":{"line":134,"column":0},"end":{"line":134,"column":66}},"134":{"start":{"line":135,"column":0},"end":{"line":135,"column":67}},"135":{"start":{"line":136,"column":0},"end":{"line":136,"column":10}},"136":{"start":{"line":137,"column":0},"end":{"line":137,"column":3}},"137":{"start":{"line":138,"column":0},"end":{"line":138,"column":0}},"138":{"start":{"line":139,"column":0},"end":{"line":139,"column":28}},"139":{"start":{"line":140,"column":0},"end":{"line":140,"column":55}},"140":{"start":{"line":141,"column":0},"end":{"line":141,"column":32}},"141":{"start":{"line":142,"column":0},"end":{"line":142,"column":30}},"142":{"start":{"line":143,"column":0},"end":{"line":143,"column":16}},"143":{"start":{"line":144,"column":0},"end":{"line":144,"column":7}},"144":{"start":{"line":145,"column":0},"end":{"line":145,"column":35}},"145":{"start":{"line":146,"column":0},"end":{"line":146,"column":5}},"146":{"start":{"line":147,"column":0},"end":{"line":147,"column":3}},"147":{"start":{"line":148,"column":0},"end":{"line":148,"column":0}},"148":{"start":{"line":149,"column":0},"end":{"line":149,"column":23}},"149":{"start":{"line":150,"column":0},"end":{"line":150,"column":29}},"150":{"start":{"line":151,"column":0},"end":{"line":151,"column":29}},"151":{"start":{"line":152,"column":0},"end":{"line":152,"column":3}},"152":{"start":{"line":153,"column":0},"end":{"line":153,"column":0}},"153":{"start":{"line":154,"column":0},"end":{"line":154,"column":35}},"154":{"start":{"line":155,"column":0},"end":{"line":155,"column":20}},"155":{"start":{"line":156,"column":0},"end":{"line":156,"column":3}},"156":{"start":{"line":157,"column":0},"end":{"line":157,"column":0}},"157":{"start":{"line":158,"column":0},"end":{"line":158,"column":54}},"158":{"start":{"line":159,"column":0},"end":{"line":159,"column":27}},"159":{"start":{"line":160,"column":0},"end":{"line":160,"column":30}},"160":{"start":{"line":161,"column":0},"end":{"line":161,"column":5}},"161":{"start":{"line":162,"column":0},"end":{"line":162,"column":3}},"162":{"start":{"line":163,"column":0},"end":{"line":163,"column":0}},"163":{"start":{"line":164,"column":0},"end":{"line":164,"column":32}},"164":{"start":{"line":165,"column":0},"end":{"line":165,"column":37}},"165":{"start":{"line":166,"column":0},"end":{"line":166,"column":62}},"166":{"start":{"line":167,"column":0},"end":{"line":167,"column":31}},"167":{"start":{"line":168,"column":0},"end":{"line":168,"column":3}},"168":{"start":{"line":169,"column":0},"end":{"line":169,"column":0}},"169":{"start":{"line":170,"column":0},"end":{"line":170,"column":14}},"170":{"start":{"line":171,"column":0},"end":{"line":171,"column":70}},"171":{"start":{"line":172,"column":0},"end":{"line":172,"column":3}},"172":{"start":{"line":173,"column":0},"end":{"line":173,"column":0}},"173":{"start":{"line":174,"column":0},"end":{"line":174,"column":11}},"174":{"start":{"line":175,"column":0},"end":{"line":175,"column":9}},"175":{"start":{"line":176,"column":0},"end":{"line":176,"column":80}},"176":{"start":{"line":177,"column":0},"end":{"line":177,"column":13}},"177":{"start":{"line":178,"column":0},"end":{"line":178,"column":15}},"178":{"start":{"line":179,"column":0},"end":{"line":179,"column":5}},"179":{"start":{"line":180,"column":0},"end":{"line":180,"column":3}},"180":{"start":{"line":181,"column":0},"end":{"line":181,"column":0}},"181":{"start":{"line":182,"column":0},"end":{"line":182,"column":30}},"182":{"start":{"line":183,"column":0},"end":{"line":183,"column":76}},"183":{"start":{"line":184,"column":0},"end":{"line":184,"column":3}},"184":{"start":{"line":185,"column":0},"end":{"line":185,"column":0}},"185":{"start":{"line":186,"column":0},"end":{"line":186,"column":51}},"186":{"start":{"line":187,"column":0},"end":{"line":187,"column":110}},"187":{"start":{"line":188,"column":0},"end":{"line":188,"column":29}},"188":{"start":{"line":189,"column":0},"end":{"line":189,"column":82}},"189":{"start":{"line":190,"column":0},"end":{"line":190,"column":53}},"190":{"start":{"line":191,"column":0},"end":{"line":191,"column":38}},"191":{"start":{"line":192,"column":0},"end":{"line":192,"column":23}},"192":{"start":{"line":193,"column":0},"end":{"line":193,"column":23}},"193":{"start":{"line":194,"column":0},"end":{"line":194,"column":7}},"194":{"start":{"line":195,"column":0},"end":{"line":195,"column":43}},"195":{"start":{"line":196,"column":0},"end":{"line":196,"column":5}},"196":{"start":{"line":197,"column":0},"end":{"line":197,"column":18}},"197":{"start":{"line":198,"column":0},"end":{"line":198,"column":3}},"198":{"start":{"line":199,"column":0},"end":{"line":199,"column":1}},"199":{"start":{"line":200,"column":0},"end":{"line":200,"column":0}},"200":{"start":{"line":201,"column":0},"end":{"line":201,"column":43}},"201":{"start":{"line":202,"column":0},"end":{"line":202,"column":47}},"202":{"start":{"line":203,"column":0},"end":{"line":203,"column":0}},"203":{"start":{"line":204,"column":0},"end":{"line":204,"column":17}},"204":{"start":{"line":205,"column":0},"end":{"line":205,"column":11}},"205":{"start":{"line":206,"column":0},"end":{"line":206,"column":0}},"206":{"start":{"line":207,"column":0},"end":{"line":207,"column":27}},"207":{"start":{"line":208,"column":0},"end":{"line":208,"column":46}},"208":{"start":{"line":209,"column":0},"end":{"line":209,"column":54}},"209":{"start":{"line":210,"column":0},"end":{"line":210,"column":102}},"210":{"start":{"line":211,"column":0},"end":{"line":211,"column":66}},"211":{"start":{"line":212,"column":0},"end":{"line":212,"column":6}},"212":{"start":{"line":213,"column":0},"end":{"line":213,"column":3}},"213":{"start":{"line":214,"column":0},"end":{"line":214,"column":1}},"214":{"start":{"line":215,"column":0},"end":{"line":215,"column":0}},"215":{"start":{"line":216,"column":0},"end":{"line":216,"column":44}},"216":{"start":{"line":217,"column":0},"end":{"line":217,"column":28}},"217":{"start":{"line":218,"column":0},"end":{"line":218,"column":0}},"218":{"start":{"line":219,"column":0},"end":{"line":219,"column":17}},"219":{"start":{"line":220,"column":0},"end":{"line":220,"column":11}},"220":{"start":{"line":221,"column":0},"end":{"line":221,"column":37}},"221":{"start":{"line":222,"column":0},"end":{"line":222,"column":0}},"222":{"start":{"line":223,"column":0},"end":{"line":223,"column":33}},"223":{"start":{"line":224,"column":0},"end":{"line":224,"column":43}},"224":{"start":{"line":225,"column":0},"end":{"line":225,"column":82}},"225":{"start":{"line":226,"column":0},"end":{"line":226,"column":53}},"226":{"start":{"line":227,"column":0},"end":{"line":227,"column":64}},"227":{"start":{"line":228,"column":0},"end":{"line":228,"column":5}},"228":{"start":{"line":229,"column":0},"end":{"line":229,"column":0}},"229":{"start":{"line":230,"column":0},"end":{"line":230,"column":31}},"230":{"start":{"line":231,"column":0},"end":{"line":231,"column":28}},"231":{"start":{"line":232,"column":0},"end":{"line":232,"column":54}},"232":{"start":{"line":233,"column":0},"end":{"line":233,"column":59}},"233":{"start":{"line":234,"column":0},"end":{"line":234,"column":52}},"234":{"start":{"line":235,"column":0},"end":{"line":235,"column":27}},"235":{"start":{"line":236,"column":0},"end":{"line":236,"column":5}},"236":{"start":{"line":237,"column":0},"end":{"line":237,"column":0}},"237":{"start":{"line":238,"column":0},"end":{"line":238,"column":43}},"238":{"start":{"line":239,"column":0},"end":{"line":239,"column":0}},"239":{"start":{"line":240,"column":0},"end":{"line":240,"column":48}},"240":{"start":{"line":241,"column":0},"end":{"line":241,"column":3}},"241":{"start":{"line":242,"column":0},"end":{"line":242,"column":1}},"242":{"start":{"line":243,"column":0},"end":{"line":243,"column":0}},"243":{"start":{"line":244,"column":0},"end":{"line":244,"column":87}},"244":{"start":{"line":245,"column":0},"end":{"line":245,"column":49}},"245":{"start":{"line":246,"column":0},"end":{"line":246,"column":74}},"246":{"start":{"line":247,"column":0},"end":{"line":247,"column":20}},"247":{"start":{"line":248,"column":0},"end":{"line":248,"column":3}},"248":{"start":{"line":249,"column":0},"end":{"line":249,"column":95}},"249":{"start":{"line":250,"column":0},"end":{"line":250,"column":18}},"250":{"start":{"line":251,"column":0},"end":{"line":251,"column":1}},"251":{"start":{"line":252,"column":0},"end":{"line":252,"column":0}},"252":{"start":{"line":253,"column":0},"end":{"line":253,"column":117}},"253":{"start":{"line":254,"column":0},"end":{"line":254,"column":33}},"254":{"start":{"line":255,"column":0},"end":{"line":255,"column":38}},"255":{"start":{"line":256,"column":0},"end":{"line":256,"column":35}},"256":{"start":{"line":257,"column":0},"end":{"line":257,"column":1}},"257":{"start":{"line":258,"column":0},"end":{"line":258,"column":0}},"258":{"start":{"line":259,"column":0},"end":{"line":259,"column":110}},"259":{"start":{"line":260,"column":0},"end":{"line":260,"column":33}},"260":{"start":{"line":261,"column":0},"end":{"line":261,"column":48}},"261":{"start":{"line":262,"column":0},"end":{"line":262,"column":3}},"262":{"start":{"line":263,"column":0},"end":{"line":263,"column":7}},"263":{"start":{"line":264,"column":0},"end":{"line":264,"column":47}},"264":{"start":{"line":265,"column":0},"end":{"line":265,"column":121}},"265":{"start":{"line":266,"column":0},"end":{"line":266,"column":49}},"266":{"start":{"line":267,"column":0},"end":{"line":267,"column":5}},"267":{"start":{"line":268,"column":0},"end":{"line":268,"column":44}},"268":{"start":{"line":269,"column":0},"end":{"line":269,"column":3}},"269":{"start":{"line":270,"column":0},"end":{"line":270,"column":13}},"270":{"start":{"line":271,"column":0},"end":{"line":271,"column":41}},"271":{"start":{"line":272,"column":0},"end":{"line":272,"column":21}},"272":{"start":{"line":273,"column":0},"end":{"line":273,"column":62}},"273":{"start":{"line":274,"column":0},"end":{"line":274,"column":7}},"274":{"start":{"line":275,"column":0},"end":{"line":275,"column":5}},"275":{"start":{"line":276,"column":0},"end":{"line":276,"column":60}},"276":{"start":{"line":277,"column":0},"end":{"line":277,"column":3}},"277":{"start":{"line":278,"column":0},"end":{"line":278,"column":1}},"278":{"start":{"line":279,"column":0},"end":{"line":279,"column":0}},"279":{"start":{"line":280,"column":0},"end":{"line":280,"column":51}},"280":{"start":{"line":281,"column":0},"end":{"line":281,"column":53}}},"s":{"0":1,"1":1,"2":1,"3":1,"4":1,"5":1,"6":1,"7":1,"8":1,"9":1,"10":1,"11":1,"12":1,"13":1,"14":1,"15":1,"16":1,"17":1,"18":1,"19":1,"20":1,"21":1,"22":1,"23":1,"24":1,"25":1,"26":1,"27":1,"28":1,"29":1,"30":1,"31":1,"32":1,"33":1,"34":1,"35":1,"36":1,"37":1,"38":78,"39":78,"40":78,"41":78,"42":78,"43":1,"44":1,"45":6,"46":6,"47":6,"48":6,"49":6,"50":6,"51":6,"52":1,"53":1,"54":1,"55":1,"56":61,"57":4,"58":4,"59":4,"60":2,"61":2,"62":2,"63":2,"64":2,"65":2,"66":2,"67":2,"68":2,"69":2,"70":2,"71":4,"72":57,"73":56,"74":56,"75":1,"76":1,"77":1,"78":61,"79":17,"80":17,"81":61,"82":1,"83":1,"84":1,"85":1,"86":1,"87":1,"88":20,"89":20,"90":20,"91":1,"92":1,"93":11,"94":11,"95":11,"96":1,"97":1,"98":2,"99":2,"100":1,"101":1,"102":1,"103":1,"104":75,"105":75,"106":75,"107":1,"108":1,"109":2,"110":2,"111":1,"112":1,"113":1,"114":1,"115":1,"116":1,"117":1,"118":1,"119":34,"120":34,"121":34,"122":34,"123":34,"124":34,"125":34,"126":34,"127":34,"128":34,"129":34,"130":1,"131":1,"132":5,"133":18,"134":18,"135":5,"136":5,"137":1,"138":1,"139":1,"140":2,"141":1,"142":1,"143":1,"144":1,"145":1,"146":1,"147":1,"148":1,"149":59,"150":59,"151":59,"152":1,"153":1,"154":27,"155":27,"156":1,"157":1,"158":32,"159":32,"160":32,"161":32,"162":1,"163":1,"164":39,"165":39,"166":39,"167":39,"168":1,"169":1,"170":5,"171":5,"172":1,"173":1,"174":48,"175":48,"176":48,"177":0,"178":0,"179":48,"180":1,"181":1,"182":39,"183":39,"184":1,"185":1,"186":9,"187":9,"188":8,"189":8,"190":1,"191":1,"192":1,"193":1,"194":1,"195":1,"196":8,"197":9,"198":1,"199":1,"200":1,"201":1,"202":1,"203":1,"204":6,"205":6,"206":6,"207":6,"208":6,"209":6,"210":6,"211":6,"212":6,"213":1,"214":1,"215":1,"216":1,"217":1,"218":1,"219":5,"220":5,"221":5,"222":5,"223":7,"224":7,"225":7,"226":7,"227":7,"228":5,"229":5,"230":2,"231":2,"232":2,"233":1,"234":1,"235":2,"236":5,"237":5,"238":5,"239":5,"240":5,"241":1,"242":1,"243":1,"244":28,"245":3,"246":3,"247":3,"248":25,"249":25,"250":25,"251":1,"252":2,"253":2,"254":2,"255":1,"256":1,"257":1,"258":14,"259":14,"260":1,"261":1,"262":13,"263":13,"264":14,"265":2,"266":2,"267":1,"268":1,"269":11,"270":11,"271":11,"272":10,"273":10,"274":11,"275":11,"276":11,"277":14,"278":1,"279":1,"280":1},"branchMap":{"0":{"type":"branch","line":38,"loc":{"start":{"line":38,"column":2},"end":{"line":43,"column":3}},"locations":[{"start":{"line":38,"column":2},"end":{"line":43,"column":3}}]},"1":{"type":"branch","line":40,"loc":{"start":{"line":40,"column":28},"end":{"line":40,"column":36}},"locations":[{"start":{"line":40,"column":28},"end":{"line":40,"column":36}}]},"2":{"type":"branch","line":41,"loc":{"start":{"line":41,"column":20},"end":{"line":41,"column":52}},"locations":[{"start":{"line":41,"column":20},"end":{"line":41,"column":52}}]},"3":{"type":"branch","line":45,"loc":{"start":{"line":45,"column":2},"end":{"line":52,"column":3}},"locations":[{"start":{"line":45,"column":2},"end":{"line":52,"column":3}}]},"4":{"type":"branch","line":56,"loc":{"start":{"line":56,"column":2},"end":{"line":82,"column":3}},"locations":[{"start":{"line":56,"column":2},"end":{"line":82,"column":3}}]},"5":{"type":"branch","line":57,"loc":{"start":{"line":57,"column":29},"end":{"line":57,"column":74}},"locations":[{"start":{"line":57,"column":29},"end":{"line":57,"column":74}}]},"6":{"type":"branch","line":57,"loc":{"start":{"line":57,"column":74},"end":{"line":72,"column":5}},"locations":[{"start":{"line":57,"column":74},"end":{"line":72,"column":5}}]},"7":{"type":"branch","line":60,"loc":{"start":{"line":60,"column":78},"end":{"line":71,"column":7}},"locations":[{"start":{"line":60,"column":78},"end":{"line":71,"column":7}}]},"8":{"type":"branch","line":62,"loc":{"start":{"line":62,"column":55},"end":{"line":62,"column":68}},"locations":[{"start":{"line":62,"column":55},"end":{"line":62,"column":68}}]},"9":{"type":"branch","line":72,"loc":{"start":{"line":72,"column":4},"end":{"line":78,"column":5}},"locations":[{"start":{"line":72,"column":4},"end":{"line":78,"column":5}}]},"10":{"type":"branch","line":73,"loc":{"start":{"line":73,"column":46},"end":{"line":75,"column":5}},"locations":[{"start":{"line":73,"column":46},"end":{"line":75,"column":5}}]},"11":{"type":"branch","line":75,"loc":{"start":{"line":75,"column":4},"end":{"line":78,"column":5}},"locations":[{"start":{"line":75,"column":4},"end":{"line":78,"column":5}}]},"12":{"type":"branch","line":79,"loc":{"start":{"line":79,"column":8},"end":{"line":79,"column":52}},"locations":[{"start":{"line":79,"column":8},"end":{"line":79,"column":52}}]},"13":{"type":"branch","line":79,"loc":{"start":{"line":79,"column":52},"end":{"line":81,"column":5}},"locations":[{"start":{"line":79,"column":52},"end":{"line":81,"column":5}}]},"14":{"type":"branch","line":67,"loc":{"start":{"line":67,"column":32},"end":{"line":67,"column":49}},"locations":[{"start":{"line":67,"column":32},"end":{"line":67,"column":49}}]},"15":{"type":"branch","line":70,"loc":{"start":{"line":70,"column":32},"end":{"line":70,"column":47}},"locations":[{"start":{"line":70,"column":32},"end":{"line":70,"column":47}}]},"16":{"type":"branch","line":74,"loc":{"start":{"line":74,"column":30},"end":{"line":74,"column":45}},"locations":[{"start":{"line":74,"column":30},"end":{"line":74,"column":45}}]},"17":{"type":"branch","line":88,"loc":{"start":{"line":88,"column":2},"end":{"line":91,"column":3}},"locations":[{"start":{"line":88,"column":2},"end":{"line":91,"column":3}}]},"18":{"type":"branch","line":93,"loc":{"start":{"line":93,"column":2},"end":{"line":96,"column":3}},"locations":[{"start":{"line":93,"column":2},"end":{"line":96,"column":3}}]},"19":{"type":"branch","line":98,"loc":{"start":{"line":98,"column":2},"end":{"line":100,"column":3}},"locations":[{"start":{"line":98,"column":2},"end":{"line":100,"column":3}}]},"20":{"type":"branch","line":104,"loc":{"start":{"line":104,"column":2},"end":{"line":107,"column":3}},"locations":[{"start":{"line":104,"column":2},"end":{"line":107,"column":3}}]},"21":{"type":"branch","line":109,"loc":{"start":{"line":109,"column":2},"end":{"line":111,"column":3}},"locations":[{"start":{"line":109,"column":2},"end":{"line":111,"column":3}}]},"22":{"type":"branch","line":119,"loc":{"start":{"line":119,"column":2},"end":{"line":130,"column":3}},"locations":[{"start":{"line":119,"column":2},"end":{"line":130,"column":3}}]},"23":{"type":"branch","line":121,"loc":{"start":{"line":121,"column":26},"end":{"line":121,"column":64}},"locations":[{"start":{"line":121,"column":26},"end":{"line":121,"column":64}}]},"24":{"type":"branch","line":126,"loc":{"start":{"line":126,"column":13},"end":{"line":126,"column":30}},"locations":[{"start":{"line":126,"column":13},"end":{"line":126,"column":30}}]},"25":{"type":"branch","line":127,"loc":{"start":{"line":127,"column":16},"end":{"line":127,"column":36}},"locations":[{"start":{"line":127,"column":16},"end":{"line":127,"column":36}}]},"26":{"type":"branch","line":132,"loc":{"start":{"line":132,"column":2},"end":{"line":137,"column":3}},"locations":[{"start":{"line":132,"column":2},"end":{"line":137,"column":3}}]},"27":{"type":"branch","line":133,"loc":{"start":{"line":133,"column":46},"end":{"line":136,"column":7}},"locations":[{"start":{"line":133,"column":46},"end":{"line":136,"column":7}}]},"28":{"type":"branch","line":134,"loc":{"start":{"line":134,"column":33},"end":{"line":134,"column":57}},"locations":[{"start":{"line":134,"column":33},"end":{"line":134,"column":57}}]},"29":{"type":"branch","line":134,"loc":{"start":{"line":134,"column":43},"end":{"line":134,"column":66}},"locations":[{"start":{"line":134,"column":43},"end":{"line":134,"column":66}}]},"30":{"type":"branch","line":135,"loc":{"start":{"line":135,"column":31},"end":{"line":135,"column":66}},"locations":[{"start":{"line":135,"column":31},"end":{"line":135,"column":66}}]},"31":{"type":"branch","line":139,"loc":{"start":{"line":139,"column":2},"end":{"line":147,"column":3}},"locations":[{"start":{"line":139,"column":2},"end":{"line":147,"column":3}}]},"32":{"type":"branch","line":140,"loc":{"start":{"line":140,"column":54},"end":{"line":146,"column":5}},"locations":[{"start":{"line":140,"column":54},"end":{"line":146,"column":5}}]},"33":{"type":"branch","line":141,"loc":{"start":{"line":141,"column":31},"end":{"line":146,"column":5}},"locations":[{"start":{"line":141,"column":31},"end":{"line":146,"column":5}}]},"34":{"type":"branch","line":149,"loc":{"start":{"line":149,"column":2},"end":{"line":152,"column":3}},"locations":[{"start":{"line":149,"column":2},"end":{"line":152,"column":3}}]},"35":{"type":"branch","line":154,"loc":{"start":{"line":154,"column":2},"end":{"line":156,"column":3}},"locations":[{"start":{"line":154,"column":2},"end":{"line":156,"column":3}}]},"36":{"type":"branch","line":158,"loc":{"start":{"line":158,"column":2},"end":{"line":162,"column":3}},"locations":[{"start":{"line":158,"column":2},"end":{"line":162,"column":3}}]},"37":{"type":"branch","line":164,"loc":{"start":{"line":164,"column":2},"end":{"line":168,"column":3}},"locations":[{"start":{"line":164,"column":2},"end":{"line":168,"column":3}}]},"38":{"type":"branch","line":170,"loc":{"start":{"line":170,"column":2},"end":{"line":172,"column":3}},"locations":[{"start":{"line":170,"column":2},"end":{"line":172,"column":3}}]},"39":{"type":"branch","line":174,"loc":{"start":{"line":174,"column":2},"end":{"line":180,"column":3}},"locations":[{"start":{"line":174,"column":2},"end":{"line":180,"column":3}}]},"40":{"type":"branch","line":176,"loc":{"start":{"line":176,"column":50},"end":{"line":176,"column":61}},"locations":[{"start":{"line":176,"column":50},"end":{"line":176,"column":61}}]},"41":{"type":"branch","line":177,"loc":{"start":{"line":177,"column":4},"end":{"line":179,"column":5}},"locations":[{"start":{"line":177,"column":4},"end":{"line":179,"column":5}}]},"42":{"type":"branch","line":182,"loc":{"start":{"line":182,"column":2},"end":{"line":184,"column":3}},"locations":[{"start":{"line":182,"column":2},"end":{"line":184,"column":3}}]},"43":{"type":"branch","line":186,"loc":{"start":{"line":186,"column":2},"end":{"line":198,"column":3}},"locations":[{"start":{"line":186,"column":2},"end":{"line":198,"column":3}}]},"44":{"type":"branch","line":188,"loc":{"start":{"line":188,"column":18},"end":{"line":188,"column":29}},"locations":[{"start":{"line":188,"column":18},"end":{"line":188,"column":29}}]},"45":{"type":"branch","line":188,"loc":{"start":{"line":188,"column":25},"end":{"line":197,"column":18}},"locations":[{"start":{"line":188,"column":25},"end":{"line":197,"column":18}}]},"46":{"type":"branch","line":190,"loc":{"start":{"line":190,"column":31},"end":{"line":196,"column":5}},"locations":[{"start":{"line":190,"column":31},"end":{"line":196,"column":5}}]},"47":{"type":"branch","line":191,"loc":{"start":{"line":191,"column":26},"end":{"line":194,"column":7}},"locations":[{"start":{"line":191,"column":26},"end":{"line":194,"column":7}}]},"48":{"type":"branch","line":202,"loc":{"start":{"line":202,"column":2},"end":{"line":202,"column":47}},"locations":[{"start":{"line":202,"column":2},"end":{"line":202,"column":47}}]},"49":{"type":"branch","line":204,"loc":{"start":{"line":204,"column":2},"end":{"line":213,"column":3}},"locations":[{"start":{"line":204,"column":2},"end":{"line":213,"column":3}}]},"50":{"type":"branch","line":207,"loc":{"start":{"line":207,"column":20},"end":{"line":212,"column":5}},"locations":[{"start":{"line":207,"column":20},"end":{"line":212,"column":5}}]},"51":{"type":"branch","line":208,"loc":{"start":{"line":208,"column":39},"end":{"line":208,"column":46}},"locations":[{"start":{"line":208,"column":39},"end":{"line":208,"column":46}}]},"52":{"type":"branch","line":210,"loc":{"start":{"line":210,"column":50},"end":{"line":210,"column":67}},"locations":[{"start":{"line":210,"column":50},"end":{"line":210,"column":67}}]},"53":{"type":"branch","line":210,"loc":{"start":{"line":210,"column":57},"end":{"line":210,"column":102}},"locations":[{"start":{"line":210,"column":57},"end":{"line":210,"column":102}}]},"54":{"type":"branch","line":210,"loc":{"start":{"line":210,"column":91},"end":{"line":210,"column":102}},"locations":[{"start":{"line":210,"column":91},"end":{"line":210,"column":102}}]},"55":{"type":"branch","line":219,"loc":{"start":{"line":219,"column":2},"end":{"line":241,"column":3}},"locations":[{"start":{"line":219,"column":2},"end":{"line":241,"column":3}}]},"56":{"type":"branch","line":223,"loc":{"start":{"line":223,"column":26},"end":{"line":228,"column":5}},"locations":[{"start":{"line":223,"column":26},"end":{"line":228,"column":5}}]},"57":{"type":"branch","line":225,"loc":{"start":{"line":225,"column":33},"end":{"line":225,"column":63}},"locations":[{"start":{"line":225,"column":33},"end":{"line":225,"column":63}}]},"58":{"type":"branch","line":225,"loc":{"start":{"line":225,"column":59},"end":{"line":225,"column":82}},"locations":[{"start":{"line":225,"column":59},"end":{"line":225,"column":82}}]},"59":{"type":"branch","line":225,"loc":{"start":{"line":225,"column":80},"end":{"line":226,"column":35}},"locations":[{"start":{"line":225,"column":80},"end":{"line":226,"column":35}}]},"60":{"type":"branch","line":226,"loc":{"start":{"line":226,"column":30},"end":{"line":226,"column":53}},"locations":[{"start":{"line":226,"column":30},"end":{"line":226,"column":53}}]},"61":{"type":"branch","line":230,"loc":{"start":{"line":230,"column":19},"end":{"line":236,"column":5}},"locations":[{"start":{"line":230,"column":19},"end":{"line":236,"column":5}}]},"62":{"type":"branch","line":233,"loc":{"start":{"line":233,"column":53},"end":{"line":235,"column":27}},"locations":[{"start":{"line":233,"column":53},"end":{"line":235,"column":27}}]},"63":{"type":"branch","line":240,"loc":{"start":{"line":240,"column":20},"end":{"line":240,"column":47}},"locations":[{"start":{"line":240,"column":20},"end":{"line":240,"column":47}}]},"64":{"type":"branch","line":244,"loc":{"start":{"line":244,"column":7},"end":{"line":251,"column":1}},"locations":[{"start":{"line":244,"column":7},"end":{"line":251,"column":1}}]},"65":{"type":"branch","line":245,"loc":{"start":{"line":245,"column":48},"end":{"line":248,"column":3}},"locations":[{"start":{"line":245,"column":48},"end":{"line":248,"column":3}}]},"66":{"type":"branch","line":248,"loc":{"start":{"line":248,"column":2},"end":{"line":251,"column":1}},"locations":[{"start":{"line":248,"column":2},"end":{"line":251,"column":1}}]},"67":{"type":"branch","line":253,"loc":{"start":{"line":253,"column":0},"end":{"line":257,"column":1}},"locations":[{"start":{"line":253,"column":0},"end":{"line":257,"column":1}}]},"68":{"type":"branch","line":255,"loc":{"start":{"line":255,"column":37},"end":{"line":257,"column":1}},"locations":[{"start":{"line":255,"column":37},"end":{"line":257,"column":1}}]},"69":{"type":"branch","line":256,"loc":{"start":{"line":256,"column":14},"end":{"line":256,"column":30}},"locations":[{"start":{"line":256,"column":14},"end":{"line":256,"column":30}}]},"70":{"type":"branch","line":259,"loc":{"start":{"line":259,"column":0},"end":{"line":278,"column":1}},"locations":[{"start":{"line":259,"column":0},"end":{"line":278,"column":1}}]},"71":{"type":"branch","line":260,"loc":{"start":{"line":260,"column":32},"end":{"line":262,"column":3}},"locations":[{"start":{"line":260,"column":32},"end":{"line":262,"column":3}}]},"72":{"type":"branch","line":262,"loc":{"start":{"line":262,"column":2},"end":{"line":265,"column":41}},"locations":[{"start":{"line":262,"column":2},"end":{"line":265,"column":41}}]},"73":{"type":"branch","line":265,"loc":{"start":{"line":265,"column":28},"end":{"line":265,"column":79}},"locations":[{"start":{"line":265,"column":28},"end":{"line":265,"column":79}}]},"74":{"type":"branch","line":265,"loc":{"start":{"line":265,"column":61},"end":{"line":265,"column":120}},"locations":[{"start":{"line":265,"column":61},"end":{"line":265,"column":120}}]},"75":{"type":"branch","line":265,"loc":{"start":{"line":265,"column":120},"end":{"line":269,"column":3}},"locations":[{"start":{"line":265,"column":120},"end":{"line":269,"column":3}}]},"76":{"type":"branch","line":265,"loc":{"start":{"line":265,"column":120},"end":{"line":267,"column":5}},"locations":[{"start":{"line":265,"column":120},"end":{"line":267,"column":5}}]},"77":{"type":"branch","line":267,"loc":{"start":{"line":267,"column":4},"end":{"line":269,"column":3}},"locations":[{"start":{"line":267,"column":4},"end":{"line":269,"column":3}}]},"78":{"type":"branch","line":269,"loc":{"start":{"line":269,"column":2},"end":{"line":277,"column":3}},"locations":[{"start":{"line":269,"column":2},"end":{"line":277,"column":3}}]},"79":{"type":"branch","line":272,"loc":{"start":{"line":272,"column":6},"end":{"line":274,"column":7}},"locations":[{"start":{"line":272,"column":6},"end":{"line":274,"column":7}}]}},"b":{"0":[78],"1":[31],"2":[70],"3":[6],"4":[61],"5":[60],"6":[4],"7":[2],"8":[1],"9":[57],"10":[56],"11":[1],"12":[17],"13":[17],"14":[2],"15":[1],"16":[52],"17":[20],"18":[11],"19":[2],"20":[75],"21":[2],"22":[34],"23":[59],"24":[1],"25":[1],"26":[5],"27":[18],"28":[4],"29":[14],"30":[4],"31":[1],"32":[2],"33":[1],"34":[59],"35":[27],"36":[32],"37":[39],"38":[5],"39":[48],"40":[35],"41":[0],"42":[39],"43":[9],"44":[1],"45":[8],"46":[1],"47":[1],"48":[5],"49":[6],"50":[6],"51":[1],"52":[3],"53":[3],"54":[1],"55":[5],"56":[7],"57":[5],"58":[2],"59":[2],"60":[2],"61":[2],"62":[1],"63":[5],"64":[28],"65":[3],"66":[25],"67":[2],"68":[1],"69":[1],"70":[14],"71":[1],"72":[13],"73":[2],"74":[1],"75":[6],"76":[2],"77":[1],"78":[11],"79":[10]},"fnMap":{"0":{"name":"EmmyComponent","decl":{"start":{"line":38,"column":2},"end":{"line":43,"column":3}},"loc":{"start":{"line":38,"column":2},"end":{"line":43,"column":3}},"line":38},"1":{"name":"EmmyComponent.contentGenerator","decl":{"start":{"line":40,"column":28},"end":{"line":40,"column":36}},"loc":{"start":{"line":40,"column":28},"end":{"line":40,"column":36}},"line":40},"2":{"name":"EmmyComponent.callback","decl":{"start":{"line":41,"column":20},"end":{"line":41,"column":52}},"loc":{"start":{"line":41,"column":20},"end":{"line":41,"column":52}},"line":41},"3":{"name":"addStyle","decl":{"start":{"line":45,"column":2},"end":{"line":52,"column":3}},"loc":{"start":{"line":45,"column":2},"end":{"line":52,"column":3}},"line":45},"4":{"name":"render","decl":{"start":{"line":56,"column":2},"end":{"line":82,"column":3}},"loc":{"start":{"line":56,"column":2},"end":{"line":82,"column":3}},"line":56},"5":{"name":"contentGenerator","decl":{"start":{"line":67,"column":32},"end":{"line":67,"column":49}},"loc":{"start":{"line":67,"column":32},"end":{"line":67,"column":49}},"line":67},"6":{"name":"contentGenerator","decl":{"start":{"line":70,"column":32},"end":{"line":70,"column":47}},"loc":{"start":{"line":70,"column":32},"end":{"line":70,"column":47}},"line":70},"7":{"name":"contentGenerator","decl":{"start":{"line":74,"column":30},"end":{"line":74,"column":45}},"loc":{"start":{"line":74,"column":30},"end":{"line":74,"column":45}},"line":74},"8":{"name":"Component","decl":{"start":{"line":88,"column":2},"end":{"line":91,"column":3}},"loc":{"start":{"line":88,"column":2},"end":{"line":91,"column":3}},"line":88},"9":{"name":"connectedCallback","decl":{"start":{"line":93,"column":2},"end":{"line":96,"column":3}},"loc":{"start":{"line":93,"column":2},"end":{"line":96,"column":3}},"line":93},"10":{"name":"querySelector","decl":{"start":{"line":98,"column":2},"end":{"line":100,"column":3}},"loc":{"start":{"line":98,"column":2},"end":{"line":100,"column":3}},"line":98},"11":{"name":"connectedCallback","decl":{"start":{"line":104,"column":2},"end":{"line":107,"column":3}},"loc":{"start":{"line":104,"column":2},"end":{"line":107,"column":3}},"line":104},"12":{"name":"querySelector","decl":{"start":{"line":109,"column":2},"end":{"line":111,"column":3}},"loc":{"start":{"line":109,"column":2},"end":{"line":111,"column":3}},"line":109},"13":{"name":"FunctionalComponent","decl":{"start":{"line":119,"column":2},"end":{"line":130,"column":3}},"loc":{"start":{"line":119,"column":2},"end":{"line":130,"column":3}},"line":119},"14":{"name":"FunctionalComponent.effectCallback","decl":{"start":{"line":121,"column":26},"end":{"line":121,"column":64}},"loc":{"start":{"line":121,"column":26},"end":{"line":121,"column":64}},"line":121},"15":{"name":"props","decl":{"start":{"line":126,"column":13},"end":{"line":126,"column":30}},"loc":{"start":{"line":126,"column":13},"end":{"line":126,"column":30}},"line":126},"16":{"name":"children","decl":{"start":{"line":127,"column":16},"end":{"line":127,"column":36}},"loc":{"start":{"line":127,"column":16},"end":{"line":127,"column":36}},"line":127},"17":{"name":"get props","decl":{"start":{"line":132,"column":2},"end":{"line":137,"column":3}},"loc":{"start":{"line":132,"column":2},"end":{"line":137,"column":3}},"line":132},"18":{"name":"set props","decl":{"start":{"line":139,"column":2},"end":{"line":147,"column":3}},"loc":{"start":{"line":139,"column":2},"end":{"line":147,"column":3}},"line":139},"19":{"name":"connectedCallback","decl":{"start":{"line":149,"column":2},"end":{"line":152,"column":3}},"loc":{"start":{"line":149,"column":2},"end":{"line":152,"column":3}},"line":149},"20":{"name":"get observedAttributes","decl":{"start":{"line":154,"column":2},"end":{"line":156,"column":3}},"loc":{"start":{"line":154,"column":2},"end":{"line":156,"column":3}},"line":154},"21":{"name":"attributeChangedCallback","decl":{"start":{"line":158,"column":2},"end":{"line":162,"column":3}},"loc":{"start":{"line":158,"column":2},"end":{"line":162,"column":3}},"line":158},"22":{"name":"patchState","decl":{"start":{"line":164,"column":2},"end":{"line":168,"column":3}},"loc":{"start":{"line":164,"column":2},"end":{"line":168,"column":3}},"line":164},"23":{"name":"rerender","decl":{"start":{"line":170,"column":2},"end":{"line":172,"column":3}},"loc":{"start":{"line":170,"column":2},"end":{"line":172,"column":3}},"line":170},"24":{"name":"state","decl":{"start":{"line":174,"column":2},"end":{"line":180,"column":3}},"loc":{"start":{"line":174,"column":2},"end":{"line":180,"column":3}},"line":174},"25":{"name":"setState","decl":{"start":{"line":182,"column":2},"end":{"line":184,"column":3}},"loc":{"start":{"line":182,"column":2},"end":{"line":184,"column":3}},"line":182},"26":{"name":"querySelector","decl":{"start":{"line":186,"column":2},"end":{"line":198,"column":3}},"loc":{"start":{"line":186,"column":2},"end":{"line":198,"column":3}},"line":186},"27":{"name":"element.addEventListener","decl":{"start":{"line":190,"column":31},"end":{"line":196,"column":5}},"loc":{"start":{"line":190,"column":31},"end":{"line":196,"column":5}},"line":190},"28":{"name":"newCallback","decl":{"start":{"line":191,"column":26},"end":{"line":194,"column":7}},"loc":{"start":{"line":191,"column":26},"end":{"line":194,"column":7}},"line":191},"29":{"name":"<static_initializer>","decl":{"start":{"line":202,"column":2},"end":{"line":202,"column":47}},"loc":{"start":{"line":202,"column":2},"end":{"line":202,"column":47}},"line":202},"30":{"name":"Route","decl":{"start":{"line":204,"column":2},"end":{"line":213,"column":3}},"loc":{"start":{"line":204,"column":2},"end":{"line":213,"column":3}},"line":204},"31":{"name":"Router","decl":{"start":{"line":219,"column":2},"end":{"line":241,"column":3}},"loc":{"start":{"line":219,"column":2},"end":{"line":241,"column":3}},"line":219},"32":{"name":"Router.handleLocation","decl":{"start":{"line":223,"column":26},"end":{"line":228,"column":5}},"loc":{"start":{"line":223,"column":26},"end":{"line":228,"column":5}},"line":223},"33":{"name":"Router.window.route","decl":{"start":{"line":230,"column":19},"end":{"line":236,"column":5}},"loc":{"start":{"line":230,"column":19},"end":{"line":236,"column":5}},"line":230},"34":{"name":"launch","decl":{"start":{"line":244,"column":7},"end":{"line":251,"column":1}},"loc":{"start":{"line":244,"column":7},"end":{"line":251,"column":1}},"line":244},"35":{"name":"createPageComponent","decl":{"start":{"line":253,"column":0},"end":{"line":257,"column":1}},"loc":{"start":{"line":253,"column":0},"end":{"line":257,"column":1}},"line":253},"36":{"name":"load","decl":{"start":{"line":259,"column":0},"end":{"line":278,"column":1}},"loc":{"start":{"line":259,"column":0},"end":{"line":278,"column":1}},"line":259},"37":{"name":"X","decl":{"start":{"line":272,"column":6},"end":{"line":274,"column":7}},"loc":{"start":{"line":272,"column":6},"end":{"line":274,"column":7}},"line":272}},"f":{"0":78,"1":31,"2":70,"3":6,"4":61,"5":2,"6":1,"7":52,"8":20,"9":11,"10":2,"11":75,"12":2,"13":34,"14":59,"15":1,"16":1,"17":5,"18":1,"19":59,"20":27,"21":32,"22":39,"23":5,"24":48,"25":39,"26":9,"27":1,"28":1,"29":5,"30":6,"31":5,"32":7,"33":2,"34":28,"35":2,"36":14,"37":10}}
,"/home/eanorambuena/Desktop/emmy-dom/src/register.ts": {"path":"/home/eanorambuena/Desktop/emmy-dom/src/register.ts","all":false,"statementMap":{"0":{"start":{"line":1,"column":0},"end":{"line":1,"column":38}},"1":{"start":{"line":2,"column":0},"end":{"line":2,"column":46}},"2":{"start":{"line":3,"column":0},"end":{"line":3,"column":0}},"3":{"start":{"line":4,"column":0},"end":{"line":4,"column":29}},"4":{"start":{"line":5,"column":0},"end":{"line":5,"column":27}},"5":{"start":{"line":6,"column":0},"end":{"line":6,"column":1}},"6":{"start":{"line":7,"column":0},"end":{"line":7,"column":0}},"7":{"start":{"line":8,"column":0},"end":{"line":8,"column":38}}},"s":{"0":1,"1":1,"2":1,"3":1,"4":4,"5":4,"6":1,"7":1},"branchMap":{"0":{"type":"branch","line":4,"loc":{"start":{"line":4,"column":7},"end":{"line":6,"column":1}},"locations":[{"start":{"line":4,"column":7},"end":{"line":6,"column":1}}]}},"b":{"0":[4]},"fnMap":{"0":{"name":"useServer","decl":{"start":{"line":4,"column":7},"end":{"line":6,"column":1}},"loc":{"start":{"line":4,"column":7},"end":{"line":6,"column":1}},"line":4}},"f":{"0":4}}
,"/home/eanorambuena/Desktop/emmy-dom/src/server.ts": {"path":"/home/eanorambuena/Desktop/emmy-dom/src/server.ts","all":false,"statementMap":{"0":{"start":{"line":1,"column":0},"end":{"line":1,"column":34}},"1":{"start":{"line":2,"column":0},"end":{"line":2,"column":0}},"2":{"start":{"line":3,"column":0},"end":{"line":3,"column":8}},"3":{"start":{"line":4,"column":0},"end":{"line":4,"column":7}},"4":{"start":{"line":5,"column":0},"end":{"line":5,"column":9}},"5":{"start":{"line":6,"column":0},"end":{"line":6,"column":14}},"6":{"start":{"line":7,"column":0},"end":{"line":7,"column":24}},"7":{"start":{"line":8,"column":0},"end":{"line":8,"column":20}},"8":{"start":{"line":9,"column":0},"end":{"line":9,"column":7}},"9":{"start":{"line":10,"column":0},"end":{"line":10,"column":13}},"10":{"start":{"line":11,"column":0},"end":{"line":11,"column":6}},"11":{"start":{"line":12,"column":0},"end":{"line":12,"column":19}},"12":{"start":{"line":13,"column":0},"end":{"line":13,"column":19}},"13":{"start":{"line":14,"column":0},"end":{"line":14,"column":26}},"14":{"start":{"line":15,"column":0},"end":{"line":15,"column":16}},"15":{"start":{"line":16,"column":0},"end":{"line":16,"column":19}},"16":{"start":{"line":17,"column":0},"end":{"line":17,"column":0}},"17":{"start":{"line":18,"column":0},"end":{"line":18,"column":48}},"18":{"start":{"line":19,"column":0},"end":{"line":19,"column":69}},"19":{"start":{"line":20,"column":0},"end":{"line":20,"column":0}},"20":{"start":{"line":21,"column":0},"end":{"line":21,"column":49}},"21":{"start":{"line":22,"column":0},"end":{"line":22,"column":11}},"22":{"start":{"line":23,"column":0},"end":{"line":23,"column":0}},"23":{"start":{"line":24,"column":0},"end":{"line":24,"column":25}},"24":{"start":{"line":25,"column":0},"end":{"line":25,"column":26}},"25":{"start":{"line":26,"column":0},"end":{"line":26,"column":22}},"26":{"start":{"line":27,"column":0},"end":{"line":27,"column":24}},"27":{"start":{"line":28,"column":0},"end":{"line":28,"column":1}},"28":{"start":{"line":29,"column":0},"end":{"line":29,"column":0}},"29":{"start":{"line":30,"column":0},"end":{"line":30,"column":121}},"30":{"start":{"line":31,"column":0},"end":{"line":31,"column":124}},"31":{"start":{"line":32,"column":0},"end":{"line":32,"column":0}},"32":{"start":{"line":33,"column":0},"end":{"line":33,"column":114}},"33":{"start":{"line":34,"column":0},"end":{"line":34,"column":16}},"34":{"start":{"line":35,"column":0},"end":{"line":35,"column":20}},"35":{"start":{"line":36,"column":0},"end":{"line":36,"column":33}},"36":{"start":{"line":37,"column":0},"end":{"line":37,"column":3}},"37":{"start":{"line":38,"column":0},"end":{"line":38,"column":1}},"38":{"start":{"line":39,"column":0},"end":{"line":39,"column":55}},"39":{"start":{"line":40,"column":0},"end":{"line":40,"column":104}},"40":{"start":{"line":41,"column":0},"end":{"line":41,"column":0}},"41":{"start":{"line":42,"column":0},"end":{"line":42,"column":148}},"42":{"start":{"line":43,"column":0},"end":{"line":43,"column":0}},"43":{"start":{"line":44,"column":0},"end":{"line":44,"column":28}},"44":{"start":{"line":45,"column":0},"end":{"line":45,"column":23}},"45":{"start":{"line":46,"column":0},"end":{"line":46,"column":19}},"46":{"start":{"line":47,"column":0},"end":{"line":47,"column":44}},"47":{"start":{"line":48,"column":0},"end":{"line":48,"column":111}},"48":{"start":{"line":49,"column":0},"end":{"line":49,"column":15}},"49":{"start":{"line":50,"column":0},"end":{"line":50,"column":1}},"50":{"start":{"line":51,"column":0},"end":{"line":51,"column":0}},"51":{"start":{"line":52,"column":0},"end":{"line":52,"column":0}},"52":{"start":{"line":53,"column":0},"end":{"line":53,"column":57}},"53":{"start":{"line":54,"column":0},"end":{"line":54,"column":33}},"54":{"start":{"line":55,"column":0},"end":{"line":55,"column":20}},"55":{"start":{"line":56,"column":0},"end":{"line":56,"column":20}},"56":{"start":{"line":57,"column":0},"end":{"line":57,"column":0}},"57":{"start":{"line":58,"column":0},"end":{"line":58,"column":17}},"58":{"start":{"line":59,"column":0},"end":{"line":59,"column":11}},"59":{"start":{"line":60,"column":0},"end":{"line":60,"column":36}},"60":{"start":{"line":61,"column":0},"end":{"line":61,"column":52}},"61":{"start":{"line":62,"column":0},"end":{"line":62,"column":19}},"62":{"start":{"line":63,"column":0},"end":{"line":63,"column":3}},"63":{"start":{"line":64,"column":0},"end":{"line":64,"column":0}},"64":{"start":{"line":65,"column":0},"end":{"line":65,"column":32}},"65":{"start":{"line":66,"column":0},"end":{"line":66,"column":66}},"66":{"start":{"line":67,"column":0},"end":{"line":67,"column":59}},"67":{"start":{"line":68,"column":0},"end":{"line":68,"column":30}},"68":{"start":{"line":69,"column":0},"end":{"line":69,"column":55}},"69":{"start":{"line":70,"column":0},"end":{"line":70,"column":7}},"70":{"start":{"line":71,"column":0},"end":{"line":71,"column":5}},"71":{"start":{"line":72,"column":0},"end":{"line":72,"column":3}},"72":{"start":{"line":73,"column":0},"end":{"line":73,"column":0}},"73":{"start":{"line":74,"column":0},"end":{"line":74,"column":36}},"74":{"start":{"line":75,"column":0},"end":{"line":75,"column":0}},"75":{"start":{"line":76,"column":0},"end":{"line":76,"column":66}},"76":{"start":{"line":77,"column":0},"end":{"line":77,"column":75}},"77":{"start":{"line":78,"column":0},"end":{"line":78,"column":11}},"78":{"start":{"line":79,"column":0},"end":{"line":79,"column":42}},"79":{"start":{"line":80,"column":0},"end":{"line":80,"column":32}},"80":{"start":{"line":81,"column":0},"end":{"line":81,"column":49}},"81":{"start":{"line":82,"column":0},"end":{"line":82,"column":7}},"82":{"start":{"line":83,"column":0},"end":{"line":83,"column":17}},"83":{"start":{"line":84,"column":0},"end":{"line":84,"column":47}},"84":{"start":{"line":85,"column":0},"end":{"line":85,"column":7}},"85":{"start":{"line":86,"column":0},"end":{"line":86,"column":5}},"86":{"start":{"line":87,"column":0},"end":{"line":87,"column":47}},"87":{"start":{"line":88,"column":0},"end":{"line":88,"column":45}},"88":{"start":{"line":89,"column":0},"end":{"line":89,"column":5}},"89":{"start":{"line":90,"column":0},"end":{"line":90,"column":10}},"90":{"start":{"line":91,"column":0},"end":{"line":91,"column":39}},"91":{"start":{"line":92,"column":0},"end":{"line":92,"column":5}},"92":{"start":{"line":93,"column":0},"end":{"line":93,"column":53}},"93":{"start":{"line":94,"column":0},"end":{"line":94,"column":30}},"94":{"start":{"line":95,"column":0},"end":{"line":95,"column":5}},"95":{"start":{"line":96,"column":0},"end":{"line":96,"column":3}},"96":{"start":{"line":97,"column":0},"end":{"line":97,"column":0}},"97":{"start":{"line":98,"column":0},"end":{"line":98,"column":58}},"98":{"start":{"line":99,"column":0},"end":{"line":99,"column":1}},"99":{"start":{"line":100,"column":0},"end":{"line":100,"column":0}},"100":{"start":{"line":101,"column":0},"end":{"line":101,"column":0}},"101":{"start":{"line":102,"column":0},"end":{"line":102,"column":46}},"102":{"start":{"line":103,"column":0},"end":{"line":103,"column":17}},"103":{"start":{"line":104,"column":0},"end":{"line":104,"column":11}},"104":{"start":{"line":105,"column":0},"end":{"line":105,"column":39}},"105":{"start":{"line":106,"column":0},"end":{"line":106,"column":3}},"106":{"start":{"line":107,"column":0},"end":{"line":107,"column":0}},"107":{"start":{"line":108,"column":0},"end":{"line":108,"column":23}},"108":{"start":{"line":109,"column":0},"end":{"line":109,"column":78}},"109":{"start":{"line":110,"column":0},"end":{"line":110,"column":34}},"110":{"start":{"line":111,"column":0},"end":{"line":111,"column":3}},"111":{"start":{"line":112,"column":0},"end":{"line":112,"column":0}},"112":{"start":{"line":113,"column":0},"end":{"line":113,"column":51}},"113":{"start":{"line":114,"column":0},"end":{"line":114,"column":67}},"114":{"start":{"line":115,"column":0},"end":{"line":115,"column":3}},"115":{"start":{"line":116,"column":0},"end":{"line":116,"column":1}},"116":{"start":{"line":117,"column":0},"end":{"line":117,"column":0}},"117":{"start":{"line":118,"column":0},"end":{"line":118,"column":0}},"118":{"start":{"line":119,"column":0},"end":{"line":119,"column":51}},"119":{"start":{"line":120,"column":0},"end":{"line":120,"column":23}},"120":{"start":{"line":121,"column":0},"end":{"line":121,"column":66}},"121":{"start":{"line":122,"column":0},"end":{"line":122,"column":34}},"122":{"start":{"line":123,"column":0},"end":{"line":123,"column":3}},"123":{"start":{"line":124,"column":0},"end":{"line":124,"column":0}},"124":{"start":{"line":125,"column":0},"end":{"line":125,"column":51}},"125":{"start":{"line":126,"column":0},"end":{"line":126,"column":101}},"126":{"start":{"line":127,"column":0},"end":{"line":127,"column":3}},"127":{"start":{"line":128,"column":0},"end":{"line":128,"column":1}},"128":{"start":{"line":129,"column":0},"end":{"line":129,"column":0}},"129":{"start":{"line":130,"column":0},"end":{"line":130,"column":98}},"130":{"start":{"line":131,"column":0},"end":{"line":131,"column":58}},"131":{"start":{"line":132,"column":0},"end":{"line":132,"column":21}},"132":{"start":{"line":133,"column":0},"end":{"line":133,"column":44}},"133":{"start":{"line":134,"column":0},"end":{"line":134,"column":0}},"134":{"start":{"line":135,"column":0},"end":{"line":135,"column":51}},"135":{"start":{"line":136,"column":0},"end":{"line":136,"column":11}},"136":{"start":{"line":137,"column":0},"end":{"line":137,"column":64}},"137":{"start":{"line":138,"column":0},"end":{"line":138,"column":30}},"138":{"start":{"line":139,"column":0},"end":{"line":139,"column":39}},"139":{"start":{"line":140,"column":0},"end":{"line":140,"column":52}},"140":{"start":{"line":141,"column":0},"end":{"line":141,"column":15}},"141":{"start":{"line":142,"column":0},"end":{"line":142,"column":30}},"142":{"start":{"line":143,"column":0},"end":{"line":143,"column":36}},"143":{"start":{"line":144,"column":0},"end":{"line":144,"column":6}},"144":{"start":{"line":145,"column":0},"end":{"line":145,"column":39}},"145":{"start":{"line":146,"column":0},"end":{"line":146,"column":3}},"146":{"start":{"line":147,"column":0},"end":{"line":147,"column":0}},"147":{"start":{"line":148,"column":0},"end":{"line":148,"column":15}},"148":{"start":{"line":149,"column":0},"end":{"line":149,"column":62}},"149":{"start":{"line":150,"column":0},"end":{"line":150,"column":66}},"150":{"start":{"line":151,"column":0},"end":{"line":151,"column":67}},"151":{"start":{"line":152,"column":0},"end":{"line":152,"column":10}},"152":{"start":{"line":153,"column":0},"end":{"line":153,"column":3}},"153":{"start":{"line":154,"column":0},"end":{"line":154,"column":0}},"154":{"start":{"line":155,"column":0},"end":{"line":155,"column":28}},"155":{"start":{"line":156,"column":0},"end":{"line":156,"column":55}},"156":{"start":{"line":157,"column":0},"end":{"line":157,"column":32}},"157":{"start":{"line":158,"column":0},"end":{"line":158,"column":30}},"158":{"start":{"line":159,"column":0},"end":{"line":159,"column":16}},"159":{"start":{"line":160,"column":0},"end":{"line":160,"column":7}},"160":{"start":{"line":161,"column":0},"end":{"line":161,"column":35}},"161":{"start":{"line":162,"column":0},"end":{"line":162,"column":5}},"162":{"start":{"line":163,"column":0},"end":{"line":163,"column":3}},"163":{"start":{"line":164,"column":0},"end":{"line":164,"column":0}},"164":{"start":{"line":165,"column":0},"end":{"line":165,"column":23}},"165":{"start":{"line":166,"column":0},"end":{"line":166,"column":29}},"166":{"start":{"line":167,"column":0},"end":{"line":167,"column":29}},"167":{"start":{"line":168,"column":0},"end":{"line":168,"column":3}},"168":{"start":{"line":169,"column":0},"end":{"line":169,"column":0}},"169":{"start":{"line":170,"column":0},"end":{"line":170,"column":35}},"170":{"start":{"line":171,"column":0},"end":{"line":171,"column":20}},"171":{"start":{"line":172,"column":0},"end":{"line":172,"column":3}},"172":{"start":{"line":173,"column":0},"end":{"line":173,"column":0}},"173":{"start":{"line":174,"column":0},"end":{"line":174,"column":54}},"174":{"start":{"line":175,"column":0},"end":{"line":175,"column":27}},"175":{"start":{"line":176,"column":0},"end":{"line":176,"column":30}},"176":{"start":{"line":177,"column":0},"end":{"line":177,"column":5}},"177":{"start":{"line":178,"column":0},"end":{"line":178,"column":3}},"178":{"start":{"line":179,"column":0},"end":{"line":179,"column":0}},"179":{"start":{"line":180,"column":0},"end":{"line":180,"column":32}},"180":{"start":{"line":181,"column":0},"end":{"line":181,"column":37}},"181":{"start":{"line":182,"column":0},"end":{"line":182,"column":62}},"182":{"start":{"line":183,"column":0},"end":{"line":183,"column":31}},"183":{"start":{"line":184,"column":0},"end":{"line":184,"column":3}},"184":{"start":{"line":185,"column":0},"end":{"line":185,"column":0}},"185":{"start":{"line":186,"column":0},"end":{"line":186,"column":14}},"186":{"start":{"line":187,"column":0},"end":{"line":187,"column":70}},"187":{"start":{"line":188,"column":0},"end":{"line":188,"column":3}},"188":{"start":{"line":189,"column":0},"end":{"line":189,"column":0}},"189":{"start":{"line":190,"column":0},"end":{"line":190,"column":11}},"190":{"start":{"line":191,"column":0},"end":{"line":191,"column":75}},"191":{"start":{"line":192,"column":0},"end":{"line":192,"column":3}},"192":{"start":{"line":193,"column":0},"end":{"line":193,"column":0}},"193":{"start":{"line":194,"column":0},"end":{"line":194,"column":30}},"194":{"start":{"line":195,"column":0},"end":{"line":195,"column":76}},"195":{"start":{"line":196,"column":0},"end":{"line":196,"column":3}},"196":{"start":{"line":197,"column":0},"end":{"line":197,"column":0}},"197":{"start":{"line":198,"column":0},"end":{"line":198,"column":51}},"198":{"start":{"line":199,"column":0},"end":{"line":199,"column":110}},"199":{"start":{"line":200,"column":0},"end":{"line":200,"column":29}},"200":{"start":{"line":201,"column":0},"end":{"line":201,"column":82}},"201":{"start":{"line":202,"column":0},"end":{"line":202,"column":53}},"202":{"start":{"line":203,"column":0},"end":{"line":203,"column":38}},"203":{"start":{"line":204,"column":0},"end":{"line":204,"column":23}},"204":{"start":{"line":205,"column":0},"end":{"line":205,"column":23}},"205":{"start":{"line":206,"column":0},"end":{"line":206,"column":7}},"206":{"start":{"line":207,"column":0},"end":{"line":207,"column":43}},"207":{"start":{"line":208,"column":0},"end":{"line":208,"column":5}},"208":{"start":{"line":209,"column":0},"end":{"line":209,"column":18}},"209":{"start":{"line":210,"column":0},"end":{"line":210,"column":3}},"210":{"start":{"line":211,"column":0},"end":{"line":211,"column":1}},"211":{"start":{"line":212,"column":0},"end":{"line":212,"column":0}},"212":{"start":{"line":213,"column":0},"end":{"line":213,"column":43}},"213":{"start":{"line":214,"column":0},"end":{"line":214,"column":47}},"214":{"start":{"line":215,"column":0},"end":{"line":215,"column":0}},"215":{"start":{"line":216,"column":0},"end":{"line":216,"column":17}},"216":{"start":{"line":217,"column":0},"end":{"line":217,"column":11}},"217":{"start":{"line":218,"column":0},"end":{"line":218,"column":0}},"218":{"start":{"line":219,"column":0},"end":{"line":219,"column":27}},"219":{"start":{"line":220,"column":0},"end":{"line":220,"column":46}},"220":{"start":{"line":221,"column":0},"end":{"line":221,"column":54}},"221":{"start":{"line":222,"column":0},"end":{"line":222,"column":102}},"222":{"start":{"line":223,"column":0},"end":{"line":223,"column":66}},"223":{"start":{"line":224,"column":0},"end":{"line":224,"column":6}},"224":{"start":{"line":225,"column":0},"end":{"line":225,"column":3}},"225":{"start":{"line":226,"column":0},"end":{"line":226,"column":1}},"226":{"start":{"line":227,"column":0},"end":{"line":227,"column":0}},"227":{"start":{"line":228,"column":0},"end":{"line":228,"column":44}},"228":{"start":{"line":229,"column":0},"end":{"line":229,"column":39}},"229":{"start":{"line":230,"column":0},"end":{"line":230,"column":0}},"230":{"start":{"line":231,"column":0},"end":{"line":231,"column":17}},"231":{"start":{"line":232,"column":0},"end":{"line":232,"column":11}},"232":{"start":{"line":233,"column":0},"end":{"line":233,"column":37}},"233":{"start":{"line":234,"column":0},"end":{"line":234,"column":0}},"234":{"start":{"line":235,"column":0},"end":{"line":235,"column":74}},"235":{"start":{"line":236,"column":0},"end":{"line":236,"column":40}},"236":{"start":{"line":237,"column":0},"end":{"line":237,"column":59}},"237":{"start":{"line":238,"column":0},"end":{"line":238,"column":65}},"238":{"start":{"line":239,"column":0},"end":{"line":239,"column":26}},"239":{"start":{"line":240,"column":0},"end":{"line":240,"column":44}},"240":{"start":{"line":241,"column":0},"end":{"line":241,"column":53}},"241":{"start":{"line":242,"column":0},"end":{"line":242,"column":57}},"242":{"start":{"line":243,"column":0},"end":{"line":243,"column":29}},"243":{"start":{"line":244,"column":0},"end":{"line":244,"column":84}},"244":{"start":{"line":245,"column":0},"end":{"line":245,"column":41}},"245":{"start":{"line":246,"column":0},"end":{"line":246,"column":53}},"246":{"start":{"line":247,"column":0},"end":{"line":247,"column":92}},"247":{"start":{"line":248,"column":0},"end":{"line":248,"column":9}},"248":{"start":{"line":249,"column":0},"end":{"line":249,"column":20}},"249":{"start":{"line":250,"column":0},"end":{"line":250,"column":8}},"250":{"start":{"line":251,"column":0},"end":{"line":251,"column":31}},"251":{"start":{"line":252,"column":0},"end":{"line":252,"column":12}},"252":{"start":{"line":253,"column":0},"end":{"line":253,"column":5}},"253":{"start":{"line":254,"column":0},"end":{"line":254,"column":0}},"254":{"start":{"line":255,"column":0},"end":{"line":255,"column":33}},"255":{"start":{"line":256,"column":0},"end":{"line":256,"column":43}},"256":{"start":{"line":257,"column":0},"end":{"line":257,"column":82}},"257":{"start":{"line":258,"column":0},"end":{"line":258,"column":53}},"258":{"start":{"line":259,"column":0},"end":{"line":259,"column":64}},"259":{"start":{"line":260,"column":0},"end":{"line":260,"column":5}},"260":{"start":{"line":261,"column":0},"end":{"line":261,"column":0}},"261":{"start":{"line":262,"column":0},"end":{"line":262,"column":31}},"262":{"start":{"line":263,"column":0},"end":{"line":263,"column":28}},"263":{"start":{"line":264,"column":0},"end":{"line":264,"column":54}},"264":{"start":{"line":265,"column":0},"end":{"line":265,"column":59}},"265":{"start":{"line":266,"column":0},"end":{"line":266,"column":52}},"266":{"start":{"line":267,"column":0},"end":{"line":267,"column":27}},"267":{"start":{"line":268,"column":0},"end":{"line":268,"column":5}},"268":{"start":{"line":269,"column":0},"end":{"line":269,"column":0}},"269":{"start":{"line":270,"column":0},"end":{"line":270,"column":43}},"270":{"start":{"line":271,"column":0},"end":{"line":271,"column":0}},"271":{"start":{"line":272,"column":0},"end":{"line":272,"column":48}},"272":{"start":{"line":273,"column":0},"end":{"line":273,"column":3}},"273":{"start":{"line":274,"column":0},"end":{"line":274,"column":1}},"274":{"start":{"line":275,"column":0},"end":{"line":275,"column":0}},"275":{"start":{"line":276,"column":0},"end":{"line":276,"column":87}},"276":{"start":{"line":277,"column":0},"end":{"line":277,"column":49}},"277":{"start":{"line":278,"column":0},"end":{"line":278,"column":74}},"278":{"start":{"line":279,"column":0},"end":{"line":279,"column":20}},"279":{"start":{"line":280,"column":0},"end":{"line":280,"column":3}},"280":{"start":{"line":281,"column":0},"end":{"line":281,"column":95}},"281":{"start":{"line":282,"column":0},"end":{"line":282,"column":18}},"282":{"start":{"line":283,"column":0},"end":{"line":283,"column":1}},"283":{"start":{"line":284,"column":0},"end":{"line":284,"column":0}},"284":{"start":{"line":285,"column":0},"end":{"line":285,"column":117}},"285":{"start":{"line":286,"column":0},"end":{"line":286,"column":33}},"286":{"start":{"line":287,"column":0},"end":{"line":287,"column":38}},"287":{"start":{"line":288,"column":0},"end":{"line":288,"column":35}},"288":{"start":{"line":289,"column":0},"end":{"line":289,"column":1}},"289":{"start":{"line":290,"column":0},"end":{"line":290,"column":0}},"290":{"start":{"line":291,"column":0},"end":{"line":291,"column":110}},"291":{"start":{"line":292,"column":0},"end":{"line":292,"column":33}},"292":{"start":{"line":293,"column":0},"end":{"line":293,"column":48}},"293":{"start":{"line":294,"column":0},"end":{"line":294,"column":3}},"294":{"start":{"line":295,"column":0},"end":{"line":295,"column":7}},"295":{"start":{"line":296,"column":0},"end":{"line":296,"column":47}},"296":{"start":{"line":297,"column":0},"end":{"line":297,"column":121}},"297":{"start":{"line":298,"column":0},"end":{"line":298,"column":49}},"298":{"start":{"line":299,"column":0},"end":{"line"
[...]
,"/home/eanorambuena/Desktop/emmy-dom/src/ssr/register/dom/Worker.js": {"path":"/home/eanorambuena/Desktop/emmy-dom/src/ssr/register/dom/Worker.js","all":false,"statementMap":{"0":{"start":{"line":1,"column":0},"end":{"line":1,"column":28}},"1":{"start":{"line":2,"column":0},"end":{"line":2,"column":24}},"2":{"start":{"line":3,"column":0},"end":{"line":3,"column":41}},"3":{"start":{"line":4,"column":0},"end":{"line":4,"column":0}},"4":{"start":{"line":5,"column":0},"end":{"line":5,"column":29}},"5":{"start":{"line":6,"column":0},"end":{"line":6,"column":29}},"6":{"start":{"line":7,"column":0},"end":{"line":7,"column":27}},"7":{"start":{"line":8,"column":0},"end":{"line":8,"column":3}},"8":{"start":{"line":9,"column":0},"end":{"line":9,"column":1}},"9":{"start":{"line":10,"column":0},"end":{"line":10,"column":0}},"10":{"start":{"line":11,"column":0},"end":{"line":11,"column":17}},"11":{"start":{"line":12,"column":0},"end":{"line":12,"column":18}},"12":{"start":{"line":13,"column":0},"end":{"line":13,"column":20}},"13":{"start":{"line":14,"column":0},"end":{"line":14,"column":22}},"14":{"start":{"line":15,"column":0},"end":{"line":15,"column":3}},"15":{"start":{"line":16,"column":0},"end":{"line":16,"column":1}},"16":{"start":{"line":17,"column":0},"end":{"line":17,"column":0}},"17":{"start":{"line":18,"column":0},"end":{"line":18,"column":14}},"18":{"start":{"line":19,"column":0},"end":{"line":19,"column":21}},"19":{"start":{"line":20,"column":0},"end":{"line":20,"column":36}},"20":{"start":{"line":21,"column":0},"end":{"line":21,"column":3}},"21":{"start":{"line":22,"column":0},"end":{"line":22,"column":20}},"22":{"start":{"line":23,"column":0},"end":{"line":23,"column":22}},"23":{"start":{"line":24,"column":0},"end":{"line":24,"column":3}},"24":{"start":{"line":25,"column":0},"end":{"line":25,"column":1}},"25":{"start":{"line":26,"column":0},"end":{"line":26,"column":0}},"26":{"start":{"line":27,"column":0},"end":{"line":27,"column":23}}},"s":{"0":15,"1":15,"2":15,"3":15,"4":4,"5":0,"6":1,"7":0,"8":0,"9":0,"10":0,"11":15,"12":1,"13":2,"14":2,"15":1,"16":1,"17":1,"18":1,"19":2,"20":2,"21":1,"22":2,"23":2,"24":1,"25":1,"26":1},"branchMap":{"0":{"type":"branch","line":1,"loc":{"start":{"line":1,"column":0},"end":{"line":13,"column":19}},"locations":[{"start":{"line":1,"column":0},"end":{"line":13,"column":19}}]},"1":{"type":"branch","line":5,"loc":{"start":{"line":5,"column":0},"end":{"line":9,"column":1}},"locations":[{"start":{"line":5,"column":0},"end":{"line":9,"column":1}}]},"2":{"type":"branch","line":6,"loc":{"start":{"line":6,"column":10},"end":{"line":6,"column":26}},"locations":[{"start":{"line":6,"column":10},"end":{"line":6,"column":26}}]},"3":{"type":"branch","line":6,"loc":{"start":{"line":6,"column":28},"end":{"line":8,"column":3}},"locations":[{"start":{"line":6,"column":28},"end":{"line":8,"column":3}}]},"4":{"type":"branch","line":13,"loc":{"start":{"line":13,"column":2},"end":{"line":15,"column":3}},"locations":[{"start":{"line":13,"column":2},"end":{"line":15,"column":3}}]},"5":{"type":"branch","line":19,"loc":{"start":{"line":19,"column":2},"end":{"line":21,"column":3}},"locations":[{"start":{"line":19,"column":2},"end":{"line":21,"column":3}}]},"6":{"type":"branch","line":22,"loc":{"start":{"line":22,"column":2},"end":{"line":24,"column":3}},"locations":[{"start":{"line":22,"column":2},"end":{"line":24,"column":3}}]}},"b":{"0":[15],"1":[4],"2":[2],"3":[1],"4":[2],"5":[2],"6":[2]},"fnMap":{"0":{"name":"trigger","decl":{"start":{"line":1,"column":0},"end":{"line":1,"column":5}},"loc":{"start":{"line":1,"column":0},"end":{"line":1,"column":5}},"line":1},"1":{"name":"postMessage","decl":{"start":{"line":2,"column":11},"end":{"line":3,"column":38}},"loc":{"start":{"line":2,"column":11},"end":{"line":3,"column":38}},"line":2},"2":{"name":"trigger","decl":{"start":{"line":5,"column":0},"end":{"line":9,"column":1}},"loc":{"start":{"line":5,"column":0},"end":{"line":9,"column":1}},"line":5},"3":{"name":"Worker","decl":{"start":{"line":5,"column":9},"end":{"line":7,"column":17}},"loc":{"start":{"line":5,"column":9},"end":{"line":7,"column":17}},"line":5},"4":{"name":"postMessage","decl":{"start":{"line":7,"column":18},"end":{"line":12,"column":11}},"loc":{"start":{"line":7,"column":18},"end":{"line":12,"column":11}},"line":7},"5":{"name":"postMessage","decl":{"start":{"line":13,"column":2},"end":{"line":15,"column":3}},"loc":{"start":{"line":13,"column":2},"end":{"line":15,"column":3}},"line":13},"6":{"name":"Worker","decl":{"start":{"line":19,"column":2},"end":{"line":21,"column":3}},"loc":{"start":{"line":19,"column":2},"end":{"line":21,"column":3}},"line":19},"7":{"name":"postMessage","decl":{"start":{"line":22,"column":2},"end":{"line":24,"column":3}},"loc":{"start":{"line":22,"column":2},"end":{"line":24,"column":3}},"line":22}},"f":{"0":0,"1":0,"2":4,"3":0,"4":0,"5":2,"6":2,"7":2}}
,"/home/eanorambuena/Desktop/emmy-dom/src/ssr/register/util/index.js": {"path":"/home/eanorambuena/Desktop/emmy-dom/src/ssr/register/util/index.js","all":false,"statementMap":{"0":{"start":{"line":1,"column":0},"end":{"line":1,"column":25}},"1":{"start":{"line":2,"column":0},"end":{"line":2,"column":29}},"2":{"start":{"line":3,"column":0},"end":{"line":3,"column":25}},"3":{"start":{"line":4,"column":0},"end":{"line":4,"column":0}},"4":{"start":{"line":5,"column":0},"end":{"line":5,"column":27}},"5":{"start":{"line":6,"column":0},"end":{"line":6,"column":25}},"6":{"start":{"line":7,"column":0},"end":{"line":7,"column":47}},"7":{"start":{"line":8,"column":0},"end":{"line":8,"column":46}},"8":{"start":{"line":9,"column":0},"end":{"line":9,"column":16}},"9":{"start":{"line":10,"column":0},"end":{"line":10,"column":3}},"10":{"start":{"line":11,"column":0},"end":{"line":11,"column":13}},"11":{"start":{"line":12,"column":0},"end":{"line":12,"column":14}},"12":{"start":{"line":13,"column":0},"end":{"line":13,"column":1}},"13":{"start":{"line":14,"column":0},"end":{"line":14,"column":0}},"14":{"start":{"line":15,"column":0},"end":{"line":15,"column":36}},"15":{"start":{"line":16,"column":0},"end":{"line":16,"column":36}},"16":{"start":{"line":17,"column":0},"end":{"line":17,"column":59}},"17":{"start":{"line":18,"column":0},"end":{"line":18,"column":1}},"18":{"start":{"line":19,"column":0},"end":{"line":19,"column":0}},"19":{"start":{"line":20,"column":0},"end":{"line":20,"column":36}},"20":{"start":{"line":21,"column":0},"end":{"line":21,"column":74}},"21":{"start":{"line":22,"column":0},"end":{"line":22,"column":20}},"22":{"start":{"line":23,"column":0},"end":{"line":23,"column":7}},"23":{"start":{"line":24,"column":0},"end":{"line":24,"column":59}},"24":{"start":{"line":25,"column":0},"end":{"line":25,"column":15}},"25":{"start":{"line":26,"column":0},"end":{"line":26,"column":57}},"26":{"start":{"line":27,"column":0},"end":{"line":27,"column":41}},"27":{"start":{"line":28,"column":0},"end":{"line":28,"column":12}},"28":{"start":{"line":29,"column":0},"end":{"line":29,"column":14}},"29":{"start":{"line":30,"column":0},"end":{"line":30,"column":5}},"30":{"start":{"line":31,"column":0},"end":{"line":31,"column":3}},"31":{"start":{"line":32,"column":0},"end":{"line":32,"column":58}},"32":{"start":{"line":33,"column":0},"end":{"line":33,"column":1}},"33":{"start":{"line":34,"column":0},"end":{"line":34,"column":0}},"34":{"start":{"line":35,"column":0},"end":{"line":35,"column":30}},"35":{"start":{"line":36,"column":0},"end":{"line":36,"column":48}},"36":{"start":{"line":37,"column":0},"end":{"line":37,"column":19}},"37":{"start":{"line":38,"column":0},"end":{"line":38,"column":19}},"38":{"start":{"line":39,"column":0},"end":{"line":39,"column":11}},"39":{"start":{"line":40,"column":0},"end":{"line":40,"column":1}},"40":{"start":{"line":41,"column":0},"end":{"line":41,"column":0}},"41":{"start":{"line":42,"column":0},"end":{"line":42,"column":38}},"42":{"start":{"line":43,"column":0},"end":{"line":43,"column":47}},"43":{"start":{"line":44,"column":0},"end":{"line":44,"column":36}},"44":{"start":{"line":45,"column":0},"end":{"line":45,"column":27}},"45":{"start":{"line":46,"column":0},"end":{"line":46,"column":33}},"46":{"start":{"line":47,"column":0},"end":{"line":47,"column":44}},"47":{"start":{"line":48,"column":0},"end":{"line":48,"column":34}},"48":{"start":{"line":49,"column":0},"end":{"line":49,"column":5}},"49":{"start":{"line":50,"column":0},"end":{"line":50,"column":3}},"50":{"start":{"line":51,"column":0},"end":{"line":51,"column":14}},"51":{"start":{"line":52,"column":0},"end":{"line":52,"column":1}},"52":{"start":{"line":53,"column":0},"end":{"line":53,"column":0}},"53":{"start":{"line":54,"column":0},"end":{"line":54,"column":32}},"54":{"start":{"line":55,"column":0},"end":{"line":55,"column":98}},"55":{"start":{"line":56,"column":0},"end":{"line":56,"column":1}},"56":{"start":{"line":57,"column":0},"end":{"line":57,"column":0}},"57":{"start":{"line":58,"column":0},"end":{"line":58,"column":27}},"58":{"start":{"line":59,"column":0},"end":{"line":59,"column":20}},"59":{"start":{"line":60,"column":0},"end":{"line":60,"column":47}},"60":{"start":{"line":61,"column":0},"end":{"line":61,"column":27}},"61":{"start":{"line":62,"column":0},"end":{"line":62,"column":33}},"62":{"start":{"line":63,"column":0},"end":{"line":63,"column":3}},"63":{"start":{"line":64,"column":0},"end":{"line":64,"column":1}},"64":{"start":{"line":65,"column":0},"end":{"line":65,"column":0}},"65":{"start":{"line":66,"column":0},"end":{"line":66,"column":18}},"66":{"start":{"line":67,"column":0},"end":{"line":67,"column":7}},"67":{"start":{"line":68,"column":0},"end":{"line":68,"column":11}},"68":{"start":{"line":69,"column":0},"end":{"line":69,"column":11}},"69":{"start":{"line":70,"column":0},"end":{"line":70,"column":9}},"70":{"start":{"line":71,"column":0},"end":{"line":71,"column":7}},"71":{"start":{"line":72,"column":0},"end":{"line":72,"column":7}},"72":{"start":{"line":73,"column":0},"end":{"line":73,"column":6}},"73":{"start":{"line":74,"column":0},"end":{"line":74,"column":2}}},"s":{"0":30,"1":30,"2":248,"3":218,"4":3,"5":2,"6":2,"7":2,"8":1,"9":2,"10":2,"11":2,"12":2,"13":2,"14":3,"15":3,"16":3,"17":3,"18":2,"19":1,"20":1,"21":1,"22":1,"23":1,"24":1,"25":0,"26":360,"27":360,"28":360,"29":360,"30":360,"31":1,"32":6,"33":6,"34":1,"35":1,"36":1,"37":1,"38":1,"39":1,"40":32,"41":2,"42":2,"43":2,"44":376,"45":376,"46":376,"47":2,"48":0,"49":0,"50":0,"51":0,"52":0,"53":1,"54":1,"55":1,"56":16,"57":2,"58":2,"59":1,"60":2,"61":2,"62":2,"63":2,"64":1,"65":1,"66":1,"67":1,"68":1,"69":1,"70":1,"71":1,"72":1,"73":1},"branchMap":{"0":{"type":"branch","line":1,"loc":{"start":{"line":1,"column":0},"end":{"line":60,"column":23}},"locations":[{"start":{"line":1,"column":0},"end":{"line":60,"column":23}}]},"1":{"type":"branch","line":1,"loc":{"start":{"line":1,"column":0},"end":{"line":5,"column":18}},"locations":[{"start":{"line":1,"column":0},"end":{"line":5,"column":18}}]},"2":{"type":"branch","line":1,"loc":{"start":{"line":1,"column":0},"end":{"line":3,"column":11}},"locations":[{"start":{"line":1,"column":0},"end":{"line":3,"column":11}}]},"3":{"type":"branch","line":3,"loc":{"start":{"line":3,"column":11},"end":{"line":5,"column":14}},"locations":[{"start":{"line":3,"column":11},"end":{"line":5,"column":14}}]},"4":{"type":"branch","line":5,"loc":{"start":{"line":5,"column":0},"end":{"line":13,"column":1}},"locations":[{"start":{"line":5,"column":0},"end":{"line":13,"column":1}}]},"5":{"type":"branch","line":6,"loc":{"start":{"line":6,"column":13},"end":{"line":6,"column":25}},"locations":[{"start":{"line":6,"column":13},"end":{"line":6,"column":25}}]},"6":{"type":"branch","line":7,"loc":{"start":{"line":7,"column":-1},"end":{"line":7,"column":46}},"locations":[{"start":{"line":7,"column":-1},"end":{"line":7,"column":46}}]},"7":{"type":"branch","line":7,"loc":{"start":{"line":7,"column":46},"end":{"line":13,"column":1}},"locations":[{"start":{"line":7,"column":46},"end":{"line":13,"column":1}}]},"8":{"type":"branch","line":5,"loc":{"start":{"line":5,"column":14},"end":{"line":9,"column":3}},"locations":[{"start":{"line":5,"column":14},"end":{"line":9,"column":3}}]},"9":{"type":"branch","line":8,"loc":{"start":{"line":8,"column":31},"end":{"line":8,"column":40}},"locations":[{"start":{"line":8,"column":31},"end":{"line":8,"column":40}}]},"10":{"type":"branch","line":9,"loc":{"start":{"line":9,"column":4},"end":{"line":26,"column":14}},"locations":[{"start":{"line":9,"column":4},"end":{"line":26,"column":14}}]},"11":{"type":"branch","line":23,"loc":{"start":{"line":23,"column":2},"end":{"line":24,"column":30}},"locations":[{"start":{"line":23,"column":2},"end":{"line":24,"column":30}}]},"12":{"type":"branch","line":15,"loc":{"start":{"line":15,"column":0},"end":{"line":18,"column":1}},"locations":[{"start":{"line":15,"column":0},"end":{"line":18,"column":1}}]},"13":{"type":"branch","line":17,"loc":{"start":{"line":17,"column":42},"end":{"line":17,"column":51}},"locations":[{"start":{"line":17,"column":42},"end":{"line":17,"column":51}}]},"14":{"type":"branch","line":20,"loc":{"start":{"line":20,"column":0},"end":{"line":33,"column":1}},"locations":[{"start":{"line":20,"column":0},"end":{"line":33,"column":1}}]},"15":{"type":"branch","line":25,"loc":{"start":{"line":25,"column":4},"end":{"line":31,"column":3}},"locations":[{"start":{"line":25,"column":4},"end":{"line":31,"column":3}}]},"16":{"type":"branch","line":26,"loc":{"start":{"line":26,"column":15},"end":{"line":32,"column":17}},"locations":[{"start":{"line":26,"column":15},"end":{"line":32,"column":17}}]},"17":{"type":"branch","line":27,"loc":{"start":{"line":27,"column":6},"end":{"line":27,"column":40}},"locations":[{"start":{"line":27,"column":6},"end":{"line":27,"column":40}}]},"18":{"type":"branch","line":32,"loc":{"start":{"line":32,"column":9},"end":{"line":44,"column":20}},"locations":[{"start":{"line":32,"column":9},"end":{"line":44,"column":20}}]},"19":{"type":"branch","line":36,"loc":{"start":{"line":36,"column":30},"end":{"line":36,"column":38}},"locations":[{"start":{"line":36,"column":30},"end":{"line":36,"column":38}}]},"20":{"type":"branch","line":38,"loc":{"start":{"line":38,"column":0},"end":{"line":44,"column":7}},"locations":[{"start":{"line":38,"column":0},"end":{"line":44,"column":7}}]},"21":{"type":"branch","line":42,"loc":{"start":{"line":42,"column":-1},"end":{"line":43,"column":47}},"locations":[{"start":{"line":42,"column":-1},"end":{"line":43,"column":47}}]},"22":{"type":"branch","line":42,"loc":{"start":{"line":42,"column":20},"end":{"line":43,"column":7}},"locations":[{"start":{"line":42,"column":20},"end":{"line":43,"column":7}}]},"23":{"type":"branch","line":35,"loc":{"start":{"line":35,"column":0},"end":{"line":40,"column":1}},"locations":[{"start":{"line":35,"column":0},"end":{"line":40,"column":1}}]},"24":{"type":"branch","line":36,"loc":{"start":{"line":36,"column":18},"end":{"line":36,"column":47}},"locations":[{"start":{"line":36,"column":18},"end":{"line":36,"column":47}}]},"25":{"type":"branch","line":42,"loc":{"start":{"line":42,"column":0},"end":{"line":52,"column":1}},"locations":[{"start":{"line":42,"column":0},"end":{"line":52,"column":1}}]},"26":{"type":"branch","line":44,"loc":{"start":{"line":44,"column":24},"end":{"line":44,"column":30}},"locations":[{"start":{"line":44,"column":24},"end":{"line":44,"column":30}}]},"27":{"type":"branch","line":44,"loc":{"start":{"line":44,"column":31},"end":{"line":44,"column":35}},"locations":[{"start":{"line":44,"column":31},"end":{"line":44,"column":35}}]},"28":{"type":"branch","line":45,"loc":{"start":{"line":45,"column":26},"end":{"line":50,"column":3}},"locations":[{"start":{"line":45,"column":26},"end":{"line":50,"column":3}}]},"29":{"type":"branch","line":47,"loc":{"start":{"line":47,"column":20},"end":{"line":47,"column":44}},"locations":[{"start":{"line":47,"column":20},"end":{"line":47,"column":44}}]},"30":{"type":"branch","line":48,"loc":{"start":{"line":48,"column":-1},"end":{"line":49,"column":5}},"locations":[{"start":{"line":48,"column":-1},"end":{"line":49,"column":5}}]},"31":{"type":"branch","line":51,"loc":{"start":{"line":51,"column":-1},"end":{"line":52,"column":1}},"locations":[{"start":{"line":51,"column":-1},"end":{"line":52,"column":1}}]},"32":{"type":"branch","line":44,"loc":{"start":{"line":44,"column":20},"end":{"line":48,"column":11}},"locations":[{"start":{"line":44,"column":20},"end":{"line":48,"column":11}}]},"33":{"type":"branch","line":54,"loc":{"start":{"line":54,"column":0},"end":{"line":56,"column":1}},"locations":[{"start":{"line":54,"column":0},"end":{"line":56,"column":1}}]},"34":{"type":"branch","line":58,"loc":{"start":{"line":58,"column":0},"end":{"line":64,"column":1}},"locations":[{"start":{"line":58,"column":0},"end":{"line":64,"column":1}}]},"35":{"type":"branch","line":59,"loc":{"start":{"line":59,"column":13},"end":{"line":61,"column":26}},"locations":[{"start":{"line":59,"column":13},"end":{"line":61,"column":26}}]}},"b":{"0":[16],"1":[248],"2":[30],"3":[218],"4":[3],"5":[1],"6":[2],"7":[1],"8":[2],"9":[0],"10":[2],"11":[0],"12":[3],"13":[1],"14":[1],"15":[0],"16":[360],"17":[0],"18":[6],"19":[0],"20":[32],"21":[4],"22":[0],"23":[1],"24":[0],"25":[2],"26":[1],"27":[1],"28":[3],"29":[1],"30":[2],"31":[1],"32":[376],"33":[1],"34":[2],"35":[1]},"fnMap":{"0":{"name":"each","decl":{"start":{"line":1,"column":0},"end":{"line":5,"column":18}},"loc":{"start":{"line":1,"column":0},"end":{"line":5,"column":18}},"line":1},"1":{"name":"each","decl":{"start":{"line":5,"column":0},"end":{"line":13,"column":1}},"loc":{"start":{"line":5,"column":0},"end":{"line":13,"column":1}},"line":5},"2":{"name":"execCode","decl":{"start":{"line":5,"column":14},"end":{"line":9,"column":3}},"loc":{"start":{"line":5,"column":14},"end":{"line":9,"column":3}},"line":5},"3":{"name":"execFile","decl":{"start":{"line":9,"column":4},"end":{"line":26,"column":14}},"loc":{"start":{"line":9,"column":4},"end":{"line":26,"column":14}},"line":9},"4":{"name":"execCode","decl":{"start":{"line":15,"column":0},"end":{"line":18,"column":1}},"loc":{"start":{"line":15,"column":0},"end":{"line":18,"column":1}},"line":15},"5":{"name":"execFile","decl":{"start":{"line":20,"column":0},"end":{"line":33,"column":1}},"loc":{"start":{"line":20,"column":0},"end":{"line":33,"column":1}},"line":20},"6":{"name":"expose","decl":{"start":{"line":26,"column":15},"end":{"line":32,"column":17}},"loc":{"start":{"line":26,"column":15},"end":{"line":32,"column":17}},"line":26},"7":{"name":"find","decl":{"start":{"line":32,"column":9},"end":{"line":44,"column":20}},"loc":{"start":{"line":32,"column":9},"end":{"line":44,"column":20}},"line":32},"8":{"name":"expose","decl":{"start":{"line":35,"column":0},"end":{"line":40,"column":1}},"loc":{"start":{"line":35,"column":0},"end":{"line":40,"column":1}},"line":35},"9":{"name":"find","decl":{"start":{"line":42,"column":0},"end":{"line":52,"column":1}},"loc":{"start":{"line":42,"column":0},"end":{"line":52,"column":1}},"line":42},"10":{"name":"prop","decl":{"start":{"line":44,"column":20},"end":{"line":48,"column":11}},"loc":{"start":{"line":44,"column":20},"end":{"line":48,"column":11}},"line":44},"11":{"name":"walk","decl":{"start":{"line":48,"column":11},"end":{"line":55,"column":81}},"loc":{"start":{"line":48,"column":11},"end":{"line":55,"column":81}},"line":48},"12":{"name":"prop","decl":{"start":{"line":54,"column":0},"end":{"line":56,"column":1}},"loc":{"start":{"line":54,"column":0},"end":{"line":56,"column":1}},"line":54},"13":{"name":"walk","decl":{"start":{"line":58,"column":0},"end":{"line":64,"column":1}},"loc":{"start":{"line":58,"column":0},"end":{"line":64,"column":1}},"line":58}},"f":{"0":248,"1":3,"2":2,"3":2,"4":3,"5":1,"6":360,"7":6,"8":1,"9":2,"10":376,"11":0,"12":1,"13":2}}
}
