{"/mnt/c/Users/eanor/OneDrive/Escritorio/Emmy/emmy-dom/src/commonExports.ts": {"path":"/mnt/c/Users/eanor/OneDrive/Escritorio/Emmy/emmy-dom/src/commonExports.ts","all":false,"statementMap":{"0":{"start":{"line":1,"column":0},"end":{"line":1,"column":56}},"1":{"start":{"line":2,"column":0},"end":{"line":2,"column":8}},"2":{"start":{"line":3,"column":0},"end":{"line":3,"column":23}},"3":{"start":{"line":4,"column":0},"end":{"line":4,"column":14}},"4":{"start":{"line":5,"column":0},"end":{"line":5,"column":49}},"5":{"start":{"line":6,"column":0},"end":{"line":6,"column":30}},"6":{"start":{"line":7,"column":0},"end":{"line":7,"column":24}},"7":{"start":{"line":8,"column":0},"end":{"line":8,"column":52}},"8":{"start":{"line":9,"column":0},"end":{"line":9,"column":19}}},"s":{"0":1,"1":1,"2":1,"3":1,"4":1,"5":1,"6":1,"7":1,"8":1},"branchMap":{},"b":{},"fnMap":{},"f":{}}
,"/mnt/c/Users/eanor/OneDrive/Escritorio/Emmy/emmy-dom/src/hooks.ts": {"path":"/mnt/c/Users/eanor/OneDrive/Escritorio/Emmy/emmy-dom/src/hooks.ts","all":false,"statementMap":{"0":{"start":{"line":1,"column":0},"end":{"line":1,"column":37}},"1":{"start":{"line":2,"column":0},"end":{"line":2,"column":0}},"2":{"start":{"line":3,"column":0},"end":{"line":3,"column":104}},"3":{"start":{"line":4,"column":0},"end":{"line":4,"column":0}},"4":{"start":{"line":5,"column":0},"end":{"line":5,"column":54}},"5":{"start":{"line":6,"column":0},"end":{"line":6,"column":79}},"6":{"start":{"line":7,"column":0},"end":{"line":7,"column":128}},"7":{"start":{"line":8,"column":0},"end":{"line":8,"column":0}},"8":{"start":{"line":9,"column":0},"end":{"line":9,"column":27}},"9":{"start":{"line":10,"column":0},"end":{"line":10,"column":45}},"10":{"start":{"line":11,"column":0},"end":{"line":11,"column":39}},"11":{"start":{"line":12,"column":0},"end":{"line":12,"column":22}},"12":{"start":{"line":13,"column":0},"end":{"line":13,"column":20}},"13":{"start":{"line":14,"column":0},"end":{"line":14,"column":1}},"14":{"start":{"line":15,"column":0},"end":{"line":15,"column":0}},"15":{"start":{"line":16,"column":0},"end":{"line":16,"column":48}},"16":{"start":{"line":17,"column":0},"end":{"line":17,"column":47}},"17":{"start":{"line":18,"column":0},"end":{"line":18,"column":49}},"18":{"start":{"line":19,"column":0},"end":{"line":19,"column":1}},"19":{"start":{"line":20,"column":0},"end":{"line":20,"column":0}},"20":{"start":{"line":21,"column":0},"end":{"line":21,"column":70}},"21":{"start":{"line":22,"column":0},"end":{"line":22,"column":43}},"22":{"start":{"line":23,"column":0},"end":{"line":23,"column":43}},"23":{"start":{"line":24,"column":0},"end":{"line":24,"column":25}},"24":{"start":{"line":25,"column":0},"end":{"line":25,"column":5}},"25":{"start":{"line":26,"column":0},"end":{"line":26,"column":21}},"26":{"start":{"line":27,"column":0},"end":{"line":27,"column":4}},"27":{"start":{"line":28,"column":0},"end":{"line":28,"column":1}},"28":{"start":{"line":29,"column":0},"end":{"line":29,"column":0}},"29":{"start":{"line":30,"column":0},"end":{"line":30,"column":80}},"30":{"start":{"line":31,"column":0},"end":{"line":31,"column":26}},"31":{"start":{"line":32,"column":0},"end":{"line":32,"column":27}},"32":{"start":{"line":33,"column":0},"end":{"line":33,"column":34}},"33":{"start":{"line":34,"column":0},"end":{"line":34,"column":20}},"34":{"start":{"line":35,"column":0},"end":{"line":35,"column":3}},"35":{"start":{"line":36,"column":0},"end":{"line":36,"column":26}},"36":{"start":{"line":37,"column":0},"end":{"line":37,"column":1}},"37":{"start":{"line":38,"column":0},"end":{"line":38,"column":0}},"38":{"start":{"line":39,"column":0},"end":{"line":39,"column":133}},"39":{"start":{"line":40,"column":0},"end":{"line":40,"column":27}},"40":{"start":{"line":41,"column":0},"end":{"line":41,"column":48}},"41":{"start":{"line":42,"column":0},"end":{"line":42,"column":10}},"42":{"start":{"line":43,"column":0},"end":{"line":43,"column":3}},"43":{"start":{"line":44,"column":0},"end":{"line":44,"column":47}},"44":{"start":{"line":45,"column":0},"end":{"line":45,"column":51}},"45":{"start":{"line":46,"column":0},"end":{"line":46,"column":42}},"46":{"start":{"line":47,"column":0},"end":{"line":47,"column":34}},"47":{"start":{"line":48,"column":0},"end":{"line":48,"column":41}},"48":{"start":{"line":49,"column":0},"end":{"line":49,"column":5}},"49":{"start":{"line":50,"column":0},"end":{"line":50,"column":10}},"50":{"start":{"line":51,"column":0},"end":{"line":51,"column":3}},"51":{"start":{"line":52,"column":0},"end":{"line":52,"column":47}},"52":{"start":{"line":53,"column":0},"end":{"line":53,"column":40}},"53":{"start":{"line":54,"column":0},"end":{"line":54,"column":32}},"54":{"start":{"line":55,"column":0},"end":{"line":55,"column":51}},"55":{"start":{"line":56,"column":0},"end":{"line":56,"column":78}},"56":{"start":{"line":57,"column":0},"end":{"line":57,"column":39}},"57":{"start":{"line":58,"column":0},"end":{"line":58,"column":41}},"58":{"start":{"line":59,"column":0},"end":{"line":59,"column":5}},"59":{"start":{"line":60,"column":0},"end":{"line":60,"column":3}},"60":{"start":{"line":61,"column":0},"end":{"line":61,"column":22}},"61":{"start":{"line":62,"column":0},"end":{"line":62,"column":37}},"62":{"start":{"line":63,"column":0},"end":{"line":63,"column":41}},"63":{"start":{"line":64,"column":0},"end":{"line":64,"column":38}},"64":{"start":{"line":65,"column":0},"end":{"line":65,"column":41}},"65":{"start":{"line":66,"column":0},"end":{"line":66,"column":40}},"66":{"start":{"line":67,"column":0},"end":{"line":67,"column":48}},"67":{"start":{"line":68,"column":0},"end":{"line":68,"column":30}},"68":{"start":{"line":69,"column":0},"end":{"line":69,"column":25}},"69":{"start":{"line":70,"column":0},"end":{"line":70,"column":45}},"70":{"start":{"line":71,"column":0},"end":{"line":71,"column":9}},"71":{"start":{"line":72,"column":0},"end":{"line":72,"column":7}},"72":{"start":{"line":73,"column":0},"end":{"line":73,"column":5}},"73":{"start":{"line":74,"column":0},"end":{"line":74,"column":16}},"74":{"start":{"line":75,"column":0},"end":{"line":75,"column":4}},"75":{"start":{"line":76,"column":0},"end":{"line":76,"column":1}},"76":{"start":{"line":77,"column":0},"end":{"line":77,"column":0}},"77":{"start":{"line":78,"column":0},"end":{"line":78,"column":38}},"78":{"start":{"line":79,"column":0},"end":{"line":79,"column":27}},"79":{"start":{"line":80,"column":0},"end":{"line":80,"column":1}}},"s":{"0":1,"1":1,"2":1,"3":1,"4":1,"5":1,"6":1,"7":1,"8":1,"9":1,"10":1,"11":1,"12":1,"13":1,"14":1,"15":1,"16":32,"17":32,"18":32,"19":1,"20":1,"21":10,"22":12,"23":6,"24":6,"25":6,"26":10,"27":10,"28":1,"29":1,"30":4,"31":4,"32":4,"33":3,"34":3,"35":4,"36":4,"37":1,"38":1,"39":5,"40":1,"41":1,"42":1,"43":4,"44":5,"45":1,"46":1,"47":1,"48":1,"49":1,"50":1,"51":3,"52":3,"53":3,"54":3,"55":3,"56":1,"57":1,"58":1,"59":3,"60":3,"61":3,"62":3,"63":2,"64":2,"65":2,"66":2,"67":2,"68":2,"69":2,"70":2,"71":2,"72":2,"73":3,"74":3,"75":3,"76":1,"77":1,"78":1,"79":1},"branchMap":{"0":{"type":"branch","line":16,"loc":{"start":{"line":16,"column":7},"end":{"line":19,"column":1}},"locations":[{"start":{"line":16,"column":7},"end":{"line":19,"column":1}}]},"1":{"type":"branch","line":21,"loc":{"start":{"line":21,"column":7},"end":{"line":28,"column":1}},"locations":[{"start":{"line":21,"column":7},"end":{"line":28,"column":1}}]},"2":{"type":"branch","line":22,"loc":{"start":{"line":22,"column":26},"end":{"line":27,"column":3}},"locations":[{"start":{"line":22,"column":26},"end":{"line":27,"column":3}}]},"3":{"type":"branch","line":23,"loc":{"start":{"line":23,"column":42},"end":{"line":26,"column":21}},"locations":[{"start":{"line":23,"column":42},"end":{"line":26,"column":21}}]},"4":{"type":"branch","line":30,"loc":{"start":{"line":30,"column":7},"end":{"line":37,"column":1}},"locations":[{"start":{"line":30,"column":7},"end":{"line":37,"column":1}}]},"5":{"type":"branch","line":32,"loc":{"start":{"line":32,"column":16},"end":{"line":32,"column":27}},"locations":[{"start":{"line":32,"column":16},"end":{"line":32,"column":27}}]},"6":{"type":"branch","line":33,"loc":{"start":{"line":33,"column":19},"end":{"line":35,"column":3}},"locations":[{"start":{"line":33,"column":19},"end":{"line":35,"column":3}}]},"7":{"type":"branch","line":39,"loc":{"start":{"line":39,"column":7},"end":{"line":76,"column":1}},"locations":[{"start":{"line":39,"column":7},"end":{"line":76,"column":1}}]},"8":{"type":"branch","line":40,"loc":{"start":{"line":40,"column":26},"end":{"line":43,"column":3}},"locations":[{"start":{"line":40,"column":26},"end":{"line":43,"column":3}}]},"9":{"type":"branch","line":43,"loc":{"start":{"line":43,"column":2},"end":{"line":45,"column":50}},"locations":[{"start":{"line":43,"column":2},"end":{"line":45,"column":50}}]},"10":{"type":"branch","line":45,"loc":{"start":{"line":45,"column":50},"end":{"line":51,"column":3}},"locations":[{"start":{"line":45,"column":50},"end":{"line":51,"column":3}}]},"11":{"type":"branch","line":51,"loc":{"start":{"line":51,"column":2},"end":{"line":76,"column":1}},"locations":[{"start":{"line":51,"column":2},"end":{"line":76,"column":1}}]},"12":{"type":"branch","line":46,"loc":{"start":{"line":46,"column":26},"end":{"line":49,"column":5}},"locations":[{"start":{"line":46,"column":26},"end":{"line":49,"column":5}}]},"13":{"type":"branch","line":53,"loc":{"start":{"line":53,"column":24},"end":{"line":60,"column":3}},"locations":[{"start":{"line":53,"column":24},"end":{"line":60,"column":3}}]},"14":{"type":"branch","line":56,"loc":{"start":{"line":56,"column":77},"end":{"line":59,"column":5}},"locations":[{"start":{"line":56,"column":77},"end":{"line":59,"column":5}}]},"15":{"type":"branch","line":62,"loc":{"start":{"line":62,"column":20},"end":{"line":75,"column":3}},"locations":[{"start":{"line":62,"column":20},"end":{"line":75,"column":3}}]},"16":{"type":"branch","line":63,"loc":{"start":{"line":63,"column":40},"end":{"line":73,"column":5}},"locations":[{"start":{"line":63,"column":40},"end":{"line":73,"column":5}}]},"17":{"type":"branch","line":66,"loc":{"start":{"line":66,"column":24},"end":{"line":71,"column":9}},"locations":[{"start":{"line":66,"column":24},"end":{"line":71,"column":9}}]},"18":{"type":"branch","line":68,"loc":{"start":{"line":68,"column":24},"end":{"line":68,"column":30}},"locations":[{"start":{"line":68,"column":24},"end":{"line":68,"column":30}}]},"19":{"type":"branch","line":78,"loc":{"start":{"line":78,"column":7},"end":{"line":80,"column":1}},"locations":[{"start":{"line":78,"column":7},"end":{"line":80,"column":1}}]}},"b":{"0":[32],"1":[10],"2":[12],"3":[6],"4":[4],"5":[7],"6":[3],"7":[5],"8":[1],"9":[4],"10":[1],"11":[3],"12":[1],"13":[3],"14":[1],"15":[3],"16":[2],"17":[2],"18":[0],"19":[1]},"fnMap":{"0":{"name":"bindHooks","decl":{"start":{"line":16,"column":7},"end":{"line":19,"column":1}},"loc":{"start":{"line":16,"column":7},"end":{"line":19,"column":1}},"line":16},"1":{"name":"getValues","decl":{"start":{"line":21,"column":7},"end":{"line":28,"column":1}},"loc":{"start":{"line":21,"column":7},"end":{"line":28,"column":1}},"line":21},"2":{"name":"useState","decl":{"start":{"line":30,"column":7},"end":{"line":37,"column":1}},"loc":{"start":{"line":30,"column":7},"end":{"line":37,"column":1}},"line":30},"3":{"name":"state","decl":{"start":{"line":32,"column":16},"end":{"line":32,"column":27}},"loc":{"start":{"line":32,"column":16},"end":{"line":32,"column":27}},"line":32},"4":{"name":"setState","decl":{"start":{"line":33,"column":19},"end":{"line":35,"column":3}},"loc":{"start":{"line":33,"column":19},"end":{"line":35,"column":3}},"line":33},"5":{"name":"useEffect","decl":{"start":{"line":39,"column":7},"end":{"line":76,"column":1}},"loc":{"start":{"line":39,"column":7},"end":{"line":76,"column":1}},"line":39},"6":{"name":"effectCallback","decl":{"start":{"line":46,"column":26},"end":{"line":49,"column":5}},"loc":{"start":{"line":46,"column":26},"end":{"line":49,"column":5}},"line":46},"7":{"name":"effectCallback","decl":{"start":{"line":53,"column":24},"end":{"line":60,"column":3}},"loc":{"start":{"line":53,"column":24},"end":{"line":60,"column":3}},"line":53},"8":{"name":"callback","decl":{"start":{"line":66,"column":24},"end":{"line":71,"column":9}},"loc":{"start":{"line":66,"column":24},"end":{"line":71,"column":9}},"line":66},"9":{"name":"useRef","decl":{"start":{"line":78,"column":7},"end":{"line":80,"column":1}},"loc":{"start":{"line":78,"column":7},"end":{"line":80,"column":1}},"line":78}},"f":{"0":32,"1":10,"2":4,"3":7,"4":3,"5":5,"6":1,"7":3,"8":2,"9":1}}
,"/mnt/c/Users/eanor/OneDrive/Escritorio/Emmy/emmy-dom/src/index.ts": {"path":"/mnt/c/Users/eanor/OneDrive/Escritorio/Emmy/emmy-dom/src/index.ts","all":false,"statementMap":{"0":{"start":{"line":1,"column":0},"end":{"line":1,"column":34}},"1":{"start":{"line":2,"column":0},"end":{"line":2,"column":0}},"2":{"start":{"line":3,"column":0},"end":{"line":3,"column":69}},"3":{"start":{"line":4,"column":0},"end":{"line":4,"column":8}},"4":{"start":{"line":5,"column":0},"end":{"line":5,"column":9}},"5":{"start":{"line":6,"column":0},"end":{"line":6,"column":14}},"6":{"start":{"line":7,"column":0},"end":{"line":7,"column":20}},"7":{"start":{"line":8,"column":0},"end":{"line":8,"column":7}},"8":{"start":{"line":9,"column":0},"end":{"line":9,"column":6}},"9":{"start":{"line":10,"column":0},"end":{"line":10,"column":19}},"10":{"start":{"line":11,"column":0},"end":{"line":11,"column":19}},"11":{"start":{"line":12,"column":0},"end":{"line":12,"column":16}},"12":{"start":{"line":13,"column":0},"end":{"line":13,"column":19}},"13":{"start":{"line":14,"column":0},"end":{"line":14,"column":0}},"14":{"start":{"line":15,"column":0},"end":{"line":15,"column":25}},"15":{"start":{"line":16,"column":0},"end":{"line":16,"column":26}},"16":{"start":{"line":17,"column":0},"end":{"line":17,"column":22}},"17":{"start":{"line":18,"column":0},"end":{"line":18,"column":24}},"18":{"start":{"line":19,"column":0},"end":{"line":19,"column":1}},"19":{"start":{"line":20,"column":0},"end":{"line":20,"column":0}},"20":{"start":{"line":21,"column":0},"end":{"line":21,"column":121}},"21":{"start":{"line":22,"column":0},"end":{"line":22,"column":124}},"22":{"start":{"line":23,"column":0},"end":{"line":23,"column":0}},"23":{"start":{"line":24,"column":0},"end":{"line":24,"column":114}},"24":{"start":{"line":25,"column":0},"end":{"line":25,"column":16}},"25":{"start":{"line":26,"column":0},"end":{"line":26,"column":20}},"26":{"start":{"line":27,"column":0},"end":{"line":27,"column":33}},"27":{"start":{"line":28,"column":0},"end":{"line":28,"column":3}},"28":{"start":{"line":29,"column":0},"end":{"line":29,"column":1}},"29":{"start":{"line":30,"column":0},"end":{"line":30,"column":55}},"30":{"start":{"line":31,"column":0},"end":{"line":31,"column":104}},"31":{"start":{"line":32,"column":0},"end":{"line":32,"column":0}},"32":{"start":{"line":33,"column":0},"end":{"line":33,"column":57}},"33":{"start":{"line":34,"column":0},"end":{"line":34,"column":33}},"34":{"start":{"line":35,"column":0},"end":{"line":35,"column":20}},"35":{"start":{"line":36,"column":0},"end":{"line":36,"column":20}},"36":{"start":{"line":37,"column":0},"end":{"line":37,"column":0}},"37":{"start":{"line":38,"column":0},"end":{"line":38,"column":17}},"38":{"start":{"line":39,"column":0},"end":{"line":39,"column":11}},"39":{"start":{"line":40,"column":0},"end":{"line":40,"column":36}},"40":{"start":{"line":41,"column":0},"end":{"line":41,"column":52}},"41":{"start":{"line":42,"column":0},"end":{"line":42,"column":19}},"42":{"start":{"line":43,"column":0},"end":{"line":43,"column":3}},"43":{"start":{"line":44,"column":0},"end":{"line":44,"column":0}},"44":{"start":{"line":45,"column":0},"end":{"line":45,"column":32}},"45":{"start":{"line":46,"column":0},"end":{"line":46,"column":66}},"46":{"start":{"line":47,"column":0},"end":{"line":47,"column":59}},"47":{"start":{"line":48,"column":0},"end":{"line":48,"column":30}},"48":{"start":{"line":49,"column":0},"end":{"line":49,"column":55}},"49":{"start":{"line":50,"column":0},"end":{"line":50,"column":7}},"50":{"start":{"line":51,"column":0},"end":{"line":51,"column":5}},"51":{"start":{"line":52,"column":0},"end":{"line":52,"column":3}},"52":{"start":{"line":53,"column":0},"end":{"line":53,"column":0}},"53":{"start":{"line":54,"column":0},"end":{"line":54,"column":36}},"54":{"start":{"line":55,"column":0},"end":{"line":55,"column":0}},"55":{"start":{"line":56,"column":0},"end":{"line":56,"column":66}},"56":{"start":{"line":57,"column":0},"end":{"line":57,"column":75}},"57":{"start":{"line":58,"column":0},"end":{"line":58,"column":11}},"58":{"start":{"line":59,"column":0},"end":{"line":59,"column":42}},"59":{"start":{"line":60,"column":0},"end":{"line":60,"column":32}},"60":{"start":{"line":61,"column":0},"end":{"line":61,"column":49}},"61":{"start":{"line":62,"column":0},"end":{"line":62,"column":7}},"62":{"start":{"line":63,"column":0},"end":{"line":63,"column":17}},"63":{"start":{"line":64,"column":0},"end":{"line":64,"column":47}},"64":{"start":{"line":65,"column":0},"end":{"line":65,"column":7}},"65":{"start":{"line":66,"column":0},"end":{"line":66,"column":5}},"66":{"start":{"line":67,"column":0},"end":{"line":67,"column":47}},"67":{"start":{"line":68,"column":0},"end":{"line":68,"column":45}},"68":{"start":{"line":69,"column":0},"end":{"line":69,"column":5}},"69":{"start":{"line":70,"column":0},"end":{"line":70,"column":10}},"70":{"start":{"line":71,"column":0},"end":{"line":71,"column":39}},"71":{"start":{"line":72,"column":0},"end":{"line":72,"column":5}},"72":{"start":{"line":73,"column":0},"end":{"line":73,"column":53}},"73":{"start":{"line":74,"column":0},"end":{"line":74,"column":30}},"74":{"start":{"line":75,"column":0},"end":{"line":75,"column":5}},"75":{"start":{"line":76,"column":0},"end":{"line":76,"column":3}},"76":{"start":{"line":77,"column":0},"end":{"line":77,"column":0}},"77":{"start":{"line":78,"column":0},"end":{"line":78,"column":62}},"78":{"start":{"line":79,"column":0},"end":{"line":79,"column":1}},"79":{"start":{"line":80,"column":0},"end":{"line":80,"column":0}},"80":{"start":{"line":81,"column":0},"end":{"line":81,"column":46}},"81":{"start":{"line":82,"column":0},"end":{"line":82,"column":17}},"82":{"start":{"line":83,"column":0},"end":{"line":83,"column":11}},"83":{"start":{"line":84,"column":0},"end":{"line":84,"column":39}},"84":{"start":{"line":85,"column":0},"end":{"line":85,"column":3}},"85":{"start":{"line":86,"column":0},"end":{"line":86,"column":0}},"86":{"start":{"line":87,"column":0},"end":{"line":87,"column":23}},"87":{"start":{"line":88,"column":0},"end":{"line":88,"column":78}},"88":{"start":{"line":89,"column":0},"end":{"line":89,"column":34}},"89":{"start":{"line":90,"column":0},"end":{"line":90,"column":3}},"90":{"start":{"line":91,"column":0},"end":{"line":91,"column":0}},"91":{"start":{"line":92,"column":0},"end":{"line":92,"column":55}},"92":{"start":{"line":93,"column":0},"end":{"line":93,"column":67}},"93":{"start":{"line":94,"column":0},"end":{"line":94,"column":3}},"94":{"start":{"line":95,"column":0},"end":{"line":95,"column":1}},"95":{"start":{"line":96,"column":0},"end":{"line":96,"column":0}},"96":{"start":{"line":97,"column":0},"end":{"line":97,"column":51}},"97":{"start":{"line":98,"column":0},"end":{"line":98,"column":23}},"98":{"start":{"line":99,"column":0},"end":{"line":99,"column":66}},"99":{"start":{"line":100,"column":0},"end":{"line":100,"column":34}},"100":{"start":{"line":101,"column":0},"end":{"line":101,"column":3}},"101":{"start":{"line":102,"column":0},"end":{"line":102,"column":0}},"102":{"start":{"line":103,"column":0},"end":{"line":103,"column":55}},"103":{"start":{"line":104,"column":0},"end":{"line":104,"column":83}},"104":{"start":{"line":105,"column":0},"end":{"line":105,"column":3}},"105":{"start":{"line":106,"column":0},"end":{"line":106,"column":1}},"106":{"start":{"line":107,"column":0},"end":{"line":107,"column":0}},"107":{"start":{"line":108,"column":0},"end":{"line":108,"column":77}},"108":{"start":{"line":109,"column":0},"end":{"line":109,"column":58}},"109":{"start":{"line":110,"column":0},"end":{"line":110,"column":20}},"110":{"start":{"line":111,"column":0},"end":{"line":111,"column":22}},"111":{"start":{"line":112,"column":0},"end":{"line":112,"column":0}},"112":{"start":{"line":113,"column":0},"end":{"line":113,"column":36}},"113":{"start":{"line":114,"column":0},"end":{"line":114,"column":11}},"114":{"start":{"line":115,"column":0},"end":{"line":115,"column":64}},"115":{"start":{"line":116,"column":0},"end":{"line":116,"column":30}},"116":{"start":{"line":117,"column":0},"end":{"line":117,"column":39}},"117":{"start":{"line":118,"column":0},"end":{"line":118,"column":52}},"118":{"start":{"line":119,"column":0},"end":{"line":119,"column":15}},"119":{"start":{"line":120,"column":0},"end":{"line":120,"column":30}},"120":{"start":{"line":121,"column":0},"end":{"line":121,"column":36}},"121":{"start":{"line":122,"column":0},"end":{"line":122,"column":6}},"122":{"start":{"line":123,"column":0},"end":{"line":123,"column":39}},"123":{"start":{"line":124,"column":0},"end":{"line":124,"column":3}},"124":{"start":{"line":125,"column":0},"end":{"line":125,"column":0}},"125":{"start":{"line":126,"column":0},"end":{"line":126,"column":15}},"126":{"start":{"line":127,"column":0},"end":{"line":127,"column":62}},"127":{"start":{"line":128,"column":0},"end":{"line":128,"column":73}},"128":{"start":{"line":129,"column":0},"end":{"line":129,"column":67}},"129":{"start":{"line":130,"column":0},"end":{"line":130,"column":10}},"130":{"start":{"line":131,"column":0},"end":{"line":131,"column":3}},"131":{"start":{"line":132,"column":0},"end":{"line":132,"column":0}},"132":{"start":{"line":133,"column":0},"end":{"line":133,"column":28}},"133":{"start":{"line":134,"column":0},"end":{"line":134,"column":55}},"134":{"start":{"line":135,"column":0},"end":{"line":135,"column":32}},"135":{"start":{"line":136,"column":0},"end":{"line":136,"column":30}},"136":{"start":{"line":137,"column":0},"end":{"line":137,"column":16}},"137":{"start":{"line":138,"column":0},"end":{"line":138,"column":7}},"138":{"start":{"line":139,"column":0},"end":{"line":139,"column":35}},"139":{"start":{"line":140,"column":0},"end":{"line":140,"column":5}},"140":{"start":{"line":141,"column":0},"end":{"line":141,"column":3}},"141":{"start":{"line":142,"column":0},"end":{"line":142,"column":0}},"142":{"start":{"line":143,"column":0},"end":{"line":143,"column":23}},"143":{"start":{"line":144,"column":0},"end":{"line":144,"column":29}},"144":{"start":{"line":145,"column":0},"end":{"line":145,"column":29}},"145":{"start":{"line":146,"column":0},"end":{"line":146,"column":3}},"146":{"start":{"line":147,"column":0},"end":{"line":147,"column":0}},"147":{"start":{"line":148,"column":0},"end":{"line":148,"column":35}},"148":{"start":{"line":149,"column":0},"end":{"line":149,"column":20}},"149":{"start":{"line":150,"column":0},"end":{"line":150,"column":3}},"150":{"start":{"line":151,"column":0},"end":{"line":151,"column":0}},"151":{"start":{"line":152,"column":0},"end":{"line":152,"column":54}},"152":{"start":{"line":153,"column":0},"end":{"line":153,"column":27}},"153":{"start":{"line":154,"column":0},"end":{"line":154,"column":30}},"154":{"start":{"line":155,"column":0},"end":{"line":155,"column":5}},"155":{"start":{"line":156,"column":0},"end":{"line":156,"column":3}},"156":{"start":{"line":157,"column":0},"end":{"line":157,"column":0}},"157":{"start":{"line":158,"column":0},"end":{"line":158,"column":32}},"158":{"start":{"line":159,"column":0},"end":{"line":159,"column":37}},"159":{"start":{"line":160,"column":0},"end":{"line":160,"column":62}},"160":{"start":{"line":161,"column":0},"end":{"line":161,"column":31}},"161":{"start":{"line":162,"column":0},"end":{"line":162,"column":3}},"162":{"start":{"line":163,"column":0},"end":{"line":163,"column":0}},"163":{"start":{"line":164,"column":0},"end":{"line":164,"column":14}},"164":{"start":{"line":165,"column":0},"end":{"line":165,"column":70}},"165":{"start":{"line":166,"column":0},"end":{"line":166,"column":3}},"166":{"start":{"line":167,"column":0},"end":{"line":167,"column":0}},"167":{"start":{"line":168,"column":0},"end":{"line":168,"column":11}},"168":{"start":{"line":169,"column":0},"end":{"line":169,"column":75}},"169":{"start":{"line":170,"column":0},"end":{"line":170,"column":3}},"170":{"start":{"line":171,"column":0},"end":{"line":171,"column":0}},"171":{"start":{"line":172,"column":0},"end":{"line":172,"column":30}},"172":{"start":{"line":173,"column":0},"end":{"line":173,"column":76}},"173":{"start":{"line":174,"column":0},"end":{"line":174,"column":3}},"174":{"start":{"line":175,"column":0},"end":{"line":175,"column":0}},"175":{"start":{"line":176,"column":0},"end":{"line":176,"column":55}},"176":{"start":{"line":177,"column":0},"end":{"line":177,"column":92}},"177":{"start":{"line":178,"column":0},"end":{"line":178,"column":63}},"178":{"start":{"line":179,"column":0},"end":{"line":179,"column":38}},"179":{"start":{"line":180,"column":0},"end":{"line":180,"column":23}},"180":{"start":{"line":181,"column":0},"end":{"line":181,"column":23}},"181":{"start":{"line":182,"column":0},"end":{"line":182,"column":7}},"182":{"start":{"line":183,"column":0},"end":{"line":183,"column":78}},"183":{"start":{"line":184,"column":0},"end":{"line":184,"column":5}},"184":{"start":{"line":185,"column":0},"end":{"line":185,"column":18}},"185":{"start":{"line":186,"column":0},"end":{"line":186,"column":3}},"186":{"start":{"line":187,"column":0},"end":{"line":187,"column":1}},"187":{"start":{"line":188,"column":0},"end":{"line":188,"column":0}},"188":{"start":{"line":189,"column":0},"end":{"line":189,"column":43}},"189":{"start":{"line":190,"column":0},"end":{"line":190,"column":47}},"190":{"start":{"line":191,"column":0},"end":{"line":191,"column":0}},"191":{"start":{"line":192,"column":0},"end":{"line":192,"column":17}},"192":{"start":{"line":193,"column":0},"end":{"line":193,"column":11}},"193":{"start":{"line":194,"column":0},"end":{"line":194,"column":0}},"194":{"start":{"line":195,"column":0},"end":{"line":195,"column":27}},"195":{"start":{"line":196,"column":0},"end":{"line":196,"column":46}},"196":{"start":{"line":197,"column":0},"end":{"line":197,"column":54}},"197":{"start":{"line":198,"column":0},"end":{"line":198,"column":102}},"198":{"start":{"line":199,"column":0},"end":{"line":199,"column":66}},"199":{"start":{"line":200,"column":0},"end":{"line":200,"column":6}},"200":{"start":{"line":201,"column":0},"end":{"line":201,"column":3}},"201":{"start":{"line":202,"column":0},"end":{"line":202,"column":1}},"202":{"start":{"line":203,"column":0},"end":{"line":203,"column":0}},"203":{"start":{"line":204,"column":0},"end":{"line":204,"column":44}},"204":{"start":{"line":205,"column":0},"end":{"line":205,"column":28}},"205":{"start":{"line":206,"column":0},"end":{"line":206,"column":0}},"206":{"start":{"line":207,"column":0},"end":{"line":207,"column":17}},"207":{"start":{"line":208,"column":0},"end":{"line":208,"column":11}},"208":{"start":{"line":209,"column":0},"end":{"line":209,"column":37}},"209":{"start":{"line":210,"column":0},"end":{"line":210,"column":0}},"210":{"start":{"line":211,"column":0},"end":{"line":211,"column":33}},"211":{"start":{"line":212,"column":0},"end":{"line":212,"column":43}},"212":{"start":{"line":213,"column":0},"end":{"line":213,"column":82}},"213":{"start":{"line":214,"column":0},"end":{"line":214,"column":53}},"214":{"start":{"line":215,"column":0},"end":{"line":215,"column":64}},"215":{"start":{"line":216,"column":0},"end":{"line":216,"column":5}},"216":{"start":{"line":217,"column":0},"end":{"line":217,"column":0}},"217":{"start":{"line":218,"column":0},"end":{"line":218,"column":31}},"218":{"start":{"line":219,"column":0},"end":{"line":219,"column":28}},"219":{"start":{"line":220,"column":0},"end":{"line":220,"column":54}},"220":{"start":{"line":221,"column":0},"end":{"line":221,"column":59}},"221":{"start":{"line":222,"column":0},"end":{"line":222,"column":52}},"222":{"start":{"line":223,"column":0},"end":{"line":223,"column":27}},"223":{"start":{"line":224,"column":0},"end":{"line":224,"column":5}},"224":{"start":{"line":225,"column":0},"end":{"line":225,"column":0}},"225":{"start":{"line":226,"column":0},"end":{"line":226,"column":43}},"226":{"start":{"line":227,"column":0},"end":{"line":227,"column":0}},"227":{"start":{"line":228,"column":0},"end":{"line":228,"column":48}},"228":{"start":{"line":229,"column":0},"end":{"line":229,"column":3}},"229":{"start":{"line":230,"column":0},"end":{"line":230,"column":1}},"230":{"start":{"line":231,"column":0},"end":{"line":231,"column":0}},"231":{"start":{"line":232,"column":0},"end":{"line":232,"column":87}},"232":{"start":{"line":233,"column":0},"end":{"line":233,"column":49}},"233":{"start":{"line":234,"column":0},"end":{"line":234,"column":74}},"234":{"start":{"line":235,"column":0},"end":{"line":235,"column":20}},"235":{"start":{"line":236,"column":0},"end":{"line":236,"column":3}},"236":{"start":{"line":237,"column":0},"end":{"line":237,"column":95}},"237":{"start":{"line":238,"column":0},"end":{"line":238,"column":18}},"238":{"start":{"line":239,"column":0},"end":{"line":239,"column":1}},"239":{"start":{"line":240,"column":0},"end":{"line":240,"column":0}},"240":{"start":{"line":241,"column":0},"end":{"line":241,"column":117}},"241":{"start":{"line":242,"column":0},"end":{"line":242,"column":33}},"242":{"start":{"line":243,"column":0},"end":{"line":243,"column":38}},"243":{"start":{"line":244,"column":0},"end":{"line":244,"column":35}},"244":{"start":{"line":245,"column":0},"end":{"line":245,"column":1}},"245":{"start":{"line":246,"column":0},"end":{"line":246,"column":0}},"246":{"start":{"line":247,"column":0},"end":{"line":247,"column":110}},"247":{"start":{"line":248,"column":0},"end":{"line":248,"column":33}},"248":{"start":{"line":249,"column":0},"end":{"line":249,"column":48}},"249":{"start":{"line":250,"column":0},"end":{"line":250,"column":3}},"250":{"start":{"line":251,"column":0},"end":{"line":251,"column":7}},"251":{"start":{"line":252,"column":0},"end":{"line":252,"column":47}},"252":{"start":{"line":253,"column":0},"end":{"line":253,"column":121}},"253":{"start":{"line":254,"column":0},"end":{"line":254,"column":49}},"254":{"start":{"line":255,"column":0},"end":{"line":255,"column":5}},"255":{"start":{"line":256,"column":0},"end":{"line":256,"column":44}},"256":{"start":{"line":257,"column":0},"end":{"line":257,"column":3}},"257":{"start":{"line":258,"column":0},"end":{"line":258,"column":13}},"258":{"start":{"line":259,"column":0},"end":{"line":259,"column":41}},"259":{"start":{"line":260,"column":0},"end":{"line":260,"column":21}},"260":{"start":{"line":261,"column":0},"end":{"line":261,"column":36}},"261":{"start":{"line":262,"column":0},"end":{"line":262,"column":7}},"262":{"start":{"line":263,"column":0},"end":{"line":263,"column":5}},"263":{"start":{"line":264,"column":0},"end":{"line":264,"column":60}},"264":{"start":{"line":265,"column":0},"end":{"line":265,"column":3}},"265":{"start":{"line":266,"column":0},"end":{"line":266,"column":1}},"266":{"start":{"line":267,"column":0},"end":{"line":267,"column":0}},"267":{"start":{"line":268,"column":0},"end":{"line":268,"column":51}},"268":{"start":{"line":269,"column":0},"end":{"line":269,"column":53}}},"s":{"0":1,"1":1,"2":1,"3":1,"4":1,"5":1,"6":1,"7":1,"8":1,"9":1,"10":1,"11":1,"12":1,"13":1,"14":1,"15":1,"16":1,"17":1,"18":1,"19":1,"20":1,"21":1,"22":1,"23":1,"24":1,"25":1,"26":1,"27":1,"28":1,"29":1,"30":1,"31":1,"32":1,"33":1,"34":1,"35":1,"36":1,"37":1,"38":53,"39":53,"40":53,"41":53,"42":53,"43":1,"44":1,"45":6,"46":6,"47":6,"48":6,"49":6,"50":6,"51":6,"52":1,"53":1,"54":1,"55":1,"56":33,"57":1,"58":1,"59":1,"60":1,"61":1,"62":1,"63":1,"64":1,"65":1,"66":32,"67":31,"68":31,"69":1,"70":1,"71":1,"72":33,"73":6,"74":6,"75":33,"76":1,"77":1,"78":1,"79":1,"80":1,"81":1,"82":19,"83":19,"84":19,"85":1,"86":1,"87":10,"88":10,"89":10,"90":1,"91":1,"92":2,"93":2,"94":1,"95":1,"96":1,"97":1,"98":30,"99":30,"100":30,"101":1,"102":1,"103":2,"104":2,"105":1,"106":1,"107":1,"108":1,"109":1,"110":1,"111":1,"112":1,"113":21,"114":21,"115":21,"116":21,"117":21,"118":21,"119":21,"120":21,"121":21,"122":21,"123":21,"124":1,"125":1,"126":0,"127":0,"128":0,"129":0,"130":0,"131":1,"132":1,"133":0,"134":0,"135":0,"136":0,"137":0,"138":0,"139":0,"140":0,"141":1,"142":1,"143":25,"144":25,"145":25,"146":1,"147":1,"148":15,"149":15,"150":1,"151":1,"152":13,"153":13,"154":13,"155":13,"156":1,"157":1,"158":0,"159":0,"160":0,"161":0,"162":1,"163":1,"164":0,"165":0,"166":1,"167":1,"168":0,"169":0,"170":1,"171":1,"172":21,"173":21,"174":1,"175":1,"176":4,"177":4,"178":0,"179":0,"180":0,"181":0,"182":0,"183":0,"184":4,"185":4,"186":1,"187":1,"188":1,"189":1,"190":1,"191":1,"192":0,"193":0,"194":0,"195":0,"196":0,"197":0,"198":0,"199":0,"200":0,"201":1,"202":1,"203":1,"204":1,"205":1,"206":1,"207":0,"208":0,"209":0,"210":0,"211":0,"212":0,"213":0,"214":0,"215":0,"216":0,"217":0,"218":0,"219":0,"220":0,"221":0,"222":0,"223":0,"224":0,"225":0,"226":0,"227":0,"228":0,"229":1,"230":1,"231":1,"232":19,"233":3,"234":3,"235":3,"236":16,"237":16,"238":16,"239":1,"240":2,"241":2,"242":2,"243":2,"244":2,"245":1,"246":9,"247":9,"248":1,"249":1,"250":8,"251":8,"252":9,"253":2,"254":2,"255":1,"256":1,"257":6,"258":6,"259":6,"260":4,"261":4,"262":6,"263":6,"264":6,"265":9,"266":1,"267":1,"268":1},"branchMap":{"0":{"type":"branch","line":38,"loc":{"start":{"line":38,"column":2},"end":{"line":43,"column":3}},"locations":[{"start":{"line":38,"column":2},"end":{"line":43,"column":3}}]},"1":{"type":"branch","line":40,"loc":{"start":{"line":40,"column":28},"end":{"line":40,"column":36}},"locations":[{"start":{"line":40,"column":28},"end":{"line":40,"column":36}}]},"2":{"type":"branch","line":41,"loc":{"start":{"line":41,"column":20},"end":{"line":41,"column":52}},"locations":[{"start":{"line":41,"column":20},"end":{"line":41,"column":52}}]},"3":{"type":"branch","line":45,"loc":{"start":{"line":45,"column":2},"end":{"line":52,"column":3}},"locations":[{"start":{"line":45,"column":2},"end":{"line":52,"column":3}}]},"4":{"type":"branch","line":56,"loc":{"start":{"line":56,"column":2},"end":{"line":76,"column":3}},"locations":[{"start":{"line":56,"column":2},"end":{"line":76,"column":3}}]},"5":{"type":"branch","line":57,"loc":{"start":{"line":57,"column":29},"end":{"line":57,"column":74}},"locations":[{"start":{"line":57,"column":29},"end":{"line":57,"column":74}}]},"6":{"type":"branch","line":57,"loc":{"start":{"line":57,"column":74},"end":{"line":72,"column":5}},"locations":[{"start":{"line":57,"column":74},"end":{"line":72,"column":5}}]},"7":{"type":"branch","line":57,"loc":{"start":{"line":57,"column":74},"end":{"line":66,"column":5}},"locations":[{"start":{"line":57,"column":74},"end":{"line":66,"column":5}}]},"8":{"type":"branch","line":67,"loc":{"start":{"line":67,"column":46},"end":{"line":69,"column":5}},"locations":[{"start":{"line":67,"column":46},"end":{"line":69,"column":5}}]},"9":{"type":"branch","line":69,"loc":{"start":{"line":69,"column":4},"end":{"line":72,"column":5}},"locations":[{"start":{"line":69,"column":4},"end":{"line":72,"column":5}}]},"10":{"type":"branch","line":73,"loc":{"start":{"line":73,"column":8},"end":{"line":73,"column":52}},"locations":[{"start":{"line":73,"column":8},"end":{"line":73,"column":52}}]},"11":{"type":"branch","line":73,"loc":{"start":{"line":73,"column":52},"end":{"line":75,"column":5}},"locations":[{"start":{"line":73,"column":52},"end":{"line":75,"column":5}}]},"12":{"type":"branch","line":68,"loc":{"start":{"line":68,"column":30},"end":{"line":68,"column":45}},"locations":[{"start":{"line":68,"column":30},"end":{"line":68,"column":45}}]},"13":{"type":"branch","line":82,"loc":{"start":{"line":82,"column":2},"end":{"line":85,"column":3}},"locations":[{"start":{"line":82,"column":2},"end":{"line":85,"column":3}}]},"14":{"type":"branch","line":87,"loc":{"start":{"line":87,"column":2},"end":{"line":90,"column":3}},"locations":[{"start":{"line":87,"column":2},"end":{"line":90,"column":3}}]},"15":{"type":"branch","line":92,"loc":{"start":{"line":92,"column":2},"end":{"line":94,"column":3}},"locations":[{"start":{"line":92,"column":2},"end":{"line":94,"column":3}}]},"16":{"type":"branch","line":98,"loc":{"start":{"line":98,"column":2},"end":{"line":101,"column":3}},"locations":[{"start":{"line":98,"column":2},"end":{"line":101,"column":3}}]},"17":{"type":"branch","line":103,"loc":{"start":{"line":103,"column":2},"end":{"line":105,"column":3}},"locations":[{"start":{"line":103,"column":2},"end":{"line":105,"column":3}}]},"18":{"type":"branch","line":113,"loc":{"start":{"line":113,"column":2},"end":{"line":124,"column":3}},"locations":[{"start":{"line":113,"column":2},"end":{"line":124,"column":3}}]},"19":{"type":"branch","line":115,"loc":{"start":{"line":115,"column":26},"end":{"line":115,"column":64}},"locations":[{"start":{"line":115,"column":26},"end":{"line":115,"column":64}}]},"20":{"type":"branch","line":143,"loc":{"start":{"line":143,"column":2},"end":{"line":146,"column":3}},"locations":[{"start":{"line":143,"column":2},"end":{"line":146,"column":3}}]},"21":{"type":"branch","line":148,"loc":{"start":{"line":148,"column":2},"end":{"line":150,"column":3}},"locations":[{"start":{"line":148,"column":2},"end":{"line":150,"column":3}}]},"22":{"type":"branch","line":152,"loc":{"start":{"line":152,"column":2},"end":{"line":156,"column":3}},"locations":[{"start":{"line":152,"column":2},"end":{"line":156,"column":3}}]},"23":{"type":"branch","line":172,"loc":{"start":{"line":172,"column":2},"end":{"line":174,"column":3}},"locations":[{"start":{"line":172,"column":2},"end":{"line":174,"column":3}}]},"24":{"type":"branch","line":176,"loc":{"start":{"line":176,"column":2},"end":{"line":186,"column":3}},"locations":[{"start":{"line":176,"column":2},"end":{"line":186,"column":3}}]},"25":{"type":"branch","line":190,"loc":{"start":{"line":190,"column":2},"end":{"line":190,"column":47}},"locations":[{"start":{"line":190,"column":2},"end":{"line":190,"column":47}}]},"26":{"type":"branch","line":232,"loc":{"start":{"line":232,"column":7},"end":{"line":239,"column":1}},"locations":[{"start":{"line":232,"column":7},"end":{"line":239,"column":1}}]},"27":{"type":"branch","line":233,"loc":{"start":{"line":233,"column":48},"end":{"line":236,"column":3}},"locations":[{"start":{"line":233,"column":48},"end":{"line":236,"column":3}}]},"28":{"type":"branch","line":236,"loc":{"start":{"line":236,"column":2},"end":{"line":239,"column":1}},"locations":[{"start":{"line":236,"column":2},"end":{"line":239,"column":1}}]},"29":{"type":"branch","line":241,"loc":{"start":{"line":241,"column":0},"end":{"line":245,"column":1}},"locations":[{"start":{"line":241,"column":0},"end":{"line":245,"column":1}}]},"30":{"type":"branch","line":244,"loc":{"start":{"line":244,"column":14},"end":{"line":244,"column":30}},"locations":[{"start":{"line":244,"column":14},"end":{"line":244,"column":30}}]},"31":{"type":"branch","line":247,"loc":{"start":{"line":247,"column":0},"end":{"line":266,"column":1}},"locations":[{"start":{"line":247,"column":0},"end":{"line":266,"column":1}}]},"32":{"type":"branch","line":248,"loc":{"start":{"line":248,"column":32},"end":{"line":250,"column":3}},"locations":[{"start":{"line":248,"column":32},"end":{"line":250,"column":3}}]},"33":{"type":"branch","line":250,"loc":{"start":{"line":250,"column":2},"end":{"line":253,"column":41}},"locations":[{"start":{"line":250,"column":2},"end":{"line":253,"column":41}}]},"34":{"type":"branch","line":253,"loc":{"start":{"line":253,"column":28},"end":{"line":253,"column":79}},"locations":[{"start":{"line":253,"column":28},"end":{"line":253,"column":79}}]},"35":{"type":"branch","line":253,"loc":{"start":{"line":253,"column":61},"end":{"line":253,"column":120}},"locations":[{"start":{"line":253,"column":61},"end":{"line":253,"column":120}}]},"36":{"type":"branch","line":253,"loc":{"start":{"line":253,"column":120},"end":{"line":257,"column":3}},"locations":[{"start":{"line":253,"column":120},"end":{"line":257,"column":3}}]},"37":{"type":"branch","line":253,"loc":{"start":{"line":253,"column":120},"end":{"line":255,"column":5}},"locations":[{"start":{"line":253,"column":120},"end":{"line":255,"column":5}}]},"38":{"type":"branch","line":255,"loc":{"start":{"line":255,"column":4},"end":{"line":257,"column":3}},"locations":[{"start":{"line":255,"column":4},"end":{"line":257,"column":3}}]},"39":{"type":"branch","line":257,"loc":{"start":{"line":257,"column":2},"end":{"line":265,"column":3}},"locations":[{"start":{"line":257,"column":2},"end":{"line":265,"column":3}}]},"40":{"type":"branch","line":260,"loc":{"start":{"line":260,"column":6},"end":{"line":262,"column":7}},"locations":[{"start":{"line":260,"column":6},"end":{"line":262,"column":7}}]}},"b":{"0":[53],"1":[18],"2":[34],"3":[6],"4":[33],"5":[32],"6":[32],"7":[1],"8":[31],"9":[1],"10":[6],"11":[6],"12":[21],"13":[19],"14":[10],"15":[2],"16":[30],"17":[2],"18":[21],"19":[25],"20":[25],"21":[15],"22":[13],"23":[21],"24":[4],"25":[3],"26":[19],"27":[3],"28":[16],"29":[2],"30":[1],"31":[9],"32":[1],"33":[8],"34":[2],"35":[1],"36":[7],"37":[2],"38":[1],"39":[6],"40":[4]},"fnMap":{"0":{"name":"EmmyComponent","decl":{"start":{"line":38,"column":2},"end":{"line":43,"column":3}},"loc":{"start":{"line":38,"column":2},"end":{"line":43,"column":3}},"line":38},"1":{"name":"EmmyComponent.contentGenerator","decl":{"start":{"line":40,"column":28},"end":{"line":40,"column":36}},"loc":{"start":{"line":40,"column":28},"end":{"line":40,"column":36}},"line":40},"2":{"name":"EmmyComponent.callback","decl":{"start":{"line":41,"column":20},"end":{"line":41,"column":52}},"loc":{"start":{"line":41,"column":20},"end":{"line":41,"column":52}},"line":41},"3":{"name":"addStyle","decl":{"start":{"line":45,"column":2},"end":{"line":52,"column":3}},"loc":{"start":{"line":45,"column":2},"end":{"line":52,"column":3}},"line":45},"4":{"name":"render","decl":{"start":{"line":56,"column":2},"end":{"line":76,"column":3}},"loc":{"start":{"line":56,"column":2},"end":{"line":76,"column":3}},"line":56},"5":{"name":"contentGenerator","decl":{"start":{"line":61,"column":32},"end":{"line":61,"column":49}},"loc":{"start":{"line":61,"column":32},"end":{"line":61,"column":49}},"line":61},"6":{"name":"contentGenerator","decl":{"start":{"line":64,"column":32},"end":{"line":64,"column":47}},"loc":{"start":{"line":64,"column":32},"end":{"line":64,"column":47}},"line":64},"7":{"name":"contentGenerator","decl":{"start":{"line":68,"column":30},"end":{"line":68,"column":45}},"loc":{"start":{"line":68,"column":30},"end":{"line":68,"column":45}},"line":68},"8":{"name":"Component","decl":{"start":{"line":82,"column":2},"end":{"line":85,"column":3}},"loc":{"start":{"line":82,"column":2},"end":{"line":85,"column":3}},"line":82},"9":{"name":"connectedCallback","decl":{"start":{"line":87,"column":2},"end":{"line":90,"column":3}},"loc":{"start":{"line":87,"column":2},"end":{"line":90,"column":3}},"line":87},"10":{"name":"querySelector","decl":{"start":{"line":92,"column":2},"end":{"line":94,"column":3}},"loc":{"start":{"line":92,"column":2},"end":{"line":94,"column":3}},"line":92},"11":{"name":"connectedCallback","decl":{"start":{"line":98,"column":2},"end":{"line":101,"column":3}},"loc":{"start":{"line":98,"column":2},"end":{"line":101,"column":3}},"line":98},"12":{"name":"querySelector","decl":{"start":{"line":103,"column":2},"end":{"line":105,"column":3}},"loc":{"start":{"line":103,"column":2},"end":{"line":105,"column":3}},"line":103},"13":{"name":"FunctionalComponent","decl":{"start":{"line":113,"column":2},"end":{"line":124,"column":3}},"loc":{"start":{"line":113,"column":2},"end":{"line":124,"column":3}},"line":113},"14":{"name":"FunctionalComponent.effectCallback","decl":{"start":{"line":115,"column":26},"end":{"line":115,"column":64}},"loc":{"start":{"line":115,"column":26},"end":{"line":115,"column":64}},"line":115},"15":{"name":"props","decl":{"start":{"line":120,"column":13},"end":{"line":120,"column":30}},"loc":{"start":{"line":120,"column":13},"end":{"line":120,"column":30}},"line":120},"16":{"name":"children","decl":{"start":{"line":121,"column":16},"end":{"line":121,"column":36}},"loc":{"start":{"line":121,"column":16},"end":{"line":121,"column":36}},"line":121},"17":{"name":"get props","decl":{"start":{"line":126,"column":2},"end":{"line":131,"column":3}},"loc":{"start":{"line":126,"column":2},"end":{"line":131,"column":3}},"line":126},"18":{"name":"set props","decl":{"start":{"line":133,"column":2},"end":{"line":141,"column":3}},"loc":{"start":{"line":133,"column":2},"end":{"line":141,"column":3}},"line":133},"19":{"name":"connectedCallback","decl":{"start":{"line":143,"column":2},"end":{"line":146,"column":3}},"loc":{"start":{"line":143,"column":2},"end":{"line":146,"column":3}},"line":143},"20":{"name":"get observedAttributes","decl":{"start":{"line":148,"column":2},"end":{"line":150,"column":3}},"loc":{"start":{"line":148,"column":2},"end":{"line":150,"column":3}},"line":148},"21":{"name":"attributeChangedCallback","decl":{"start":{"line":152,"column":2},"end":{"line":156,"column":3}},"loc":{"start":{"line":152,"column":2},"end":{"line":156,"column":3}},"line":152},"22":{"name":"patchState","decl":{"start":{"line":158,"column":2},"end":{"line":162,"column":3}},"loc":{"start":{"line":158,"column":2},"end":{"line":162,"column":3}},"line":158},"23":{"name":"rerender","decl":{"start":{"line":164,"column":2},"end":{"line":166,"column":3}},"loc":{"start":{"line":164,"column":2},"end":{"line":166,"column":3}},"line":164},"24":{"name":"state","decl":{"start":{"line":168,"column":2},"end":{"line":170,"column":3}},"loc":{"start":{"line":168,"column":2},"end":{"line":170,"column":3}},"line":168},"25":{"name":"setState","decl":{"start":{"line":172,"column":2},"end":{"line":174,"column":3}},"loc":{"start":{"line":172,"column":2},"end":{"line":174,"column":3}},"line":172},"26":{"name":"querySelector","decl":{"start":{"line":176,"column":2},"end":{"line":186,"column":3}},"loc":{"start":{"line":176,"column":2},"end":{"line":186,"column":3}},"line":176},"27":{"name":"element.__proto__.addEventListener","decl":{"start":{"line":178,"column":41},"end":{"line":184,"column":5}},"loc":{"start":{"line":178,"column":41},"end":{"line":184,"column":5}},"line":178},"28":{"name":"<static_initializer>","decl":{"start":{"line":190,"column":2},"end":{"line":190,"column":47}},"loc":{"start":{"line":190,"column":2},"end":{"line":190,"column":47}},"line":190},"29":{"name":"Route","decl":{"start":{"line":192,"column":2},"end":{"line":201,"column":3}},"loc":{"start":{"line":192,"column":2},"end":{"line":201,"column":3}},"line":192},"30":{"name":"Router","decl":{"start":{"line":207,"column":2},"end":{"line":229,"column":3}},"loc":{"start":{"line":207,"column":2},"end":{"line":229,"column":3}},"line":207},"31":{"name":"launch","decl":{"start":{"line":232,"column":7},"end":{"line":239,"column":1}},"loc":{"start":{"line":232,"column":7},"end":{"line":239,"column":1}},"line":232},"32":{"name":"createPageComponent","decl":{"start":{"line":241,"column":0},"end":{"line":245,"column":1}},"loc":{"start":{"line":241,"column":0},"end":{"line":245,"column":1}},"line":241},"33":{"name":"load","decl":{"start":{"line":247,"column":0},"end":{"line":266,"column":1}},"loc":{"start":{"line":247,"column":0},"end":{"line":266,"column":1}},"line":247},"34":{"name":"X","decl":{"start":{"line":260,"column":6},"end":{"line":262,"column":7}},"loc":{"start":{"line":260,"column":6},"end":{"line":262,"column":7}},"line":260}},"f":{"0":53,"1":18,"2":34,"3":6,"4":33,"5":0,"6":0,"7":21,"8":19,"9":10,"10":2,"11":30,"12":2,"13":21,"14":25,"15":0,"16":0,"17":0,"18":0,"19":25,"20":15,"21":13,"22":0,"23":0,"24":0,"25":21,"26":4,"27":0,"28":3,"29":0,"30":0,"31":19,"32":2,"33":9,"34":4}}
,"/mnt/c/Users/eanor/OneDrive/Escritorio/Emmy/emmy-dom/src/register.ts": {"path":"/mnt/c/Users/eanor/OneDrive/Escritorio/Emmy/emmy-dom/src/register.ts","all":false,"statementMap":{"0":{"start":{"line":1,"column":0},"end":{"line":1,"column":38}},"1":{"start":{"line":2,"column":0},"end":{"line":2,"column":46}},"2":{"start":{"line":3,"column":0},"end":{"line":3,"column":0}},"3":{"start":{"line":4,"column":0},"end":{"line":4,"column":29}},"4":{"start":{"line":5,"column":0},"end":{"line":5,"column":27}},"5":{"start":{"line":6,"column":0},"end":{"line":6,"column":1}},"6":{"start":{"line":7,"column":0},"end":{"line":7,"column":0}},"7":{"start":{"line":8,"column":0},"end":{"line":8,"column":38}}},"s":{"0":1,"1":1,"2":1,"3":1,"4":3,"5":3,"6":1,"7":1},"branchMap":{"0":{"type":"branch","line":4,"loc":{"start":{"line":4,"column":7},"end":{"line":6,"column":1}},"locations":[{"start":{"line":4,"column":7},"end":{"line":6,"column":1}}]}},"b":{"0":[3]},"fnMap":{"0":{"name":"useServer","decl":{"start":{"line":4,"column":7},"end":{"line":6,"column":1}},"loc":{"start":{"line":4,"column":7},"end":{"line":6,"column":1}},"line":4}},"f":{"0":3}}
,"/mnt/c/Users/eanor/OneDrive/Escritorio/Emmy/emmy-dom/src/server.ts": {"path":"/mnt/c/Users/eanor/OneDrive/Escritorio/Emmy/emmy-dom/src/server.ts","all":false,"statementMap":{"0":{"start":{"line":1,"column":0},"end":{"line":1,"column":34}},"1":{"start":{"line":2,"column":0},"end":{"line":2,"column":0}},"2":{"start":{"line":3,"column":0},"end":{"line":3,"column":8}},"3":{"start":{"line":4,"column":0},"end":{"line":4,"column":7}},"4":{"start":{"line":5,"column":0},"end":{"line":5,"column":9}},"5":{"start":{"line":6,"column":0},"end":{"line":6,"column":14}},"6":{"start":{"line":7,"column":0},"end":{"line":7,"column":24}},"7":{"start":{"line":8,"column":0},"end":{"line":8,"column":20}},"8":{"start":{"line":9,"column":0},"end":{"line":9,"column":7}},"9":{"start":{"line":10,"column":0},"end":{"line":10,"column":13}},"10":{"start":{"line":11,"column":0},"end":{"line":11,"column":6}},"11":{"start":{"line":12,"column":0},"end":{"line":12,"column":19}},"12":{"start":{"line":13,"column":0},"end":{"line":13,"column":19}},"13":{"start":{"line":14,"column":0},"end":{"line":14,"column":26}},"14":{"start":{"line":15,"column":0},"end":{"line":15,"column":16}},"15":{"start":{"line":16,"column":0},"end":{"line":16,"column":19}},"16":{"start":{"line":17,"column":0},"end":{"line":17,"column":0}},"17":{"start":{"line":18,"column":0},"end":{"line":18,"column":48}},"18":{"start":{"line":19,"column":0},"end":{"line":19,"column":69}},"19":{"start":{"line":20,"column":0},"end":{"line":20,"column":0}},"20":{"start":{"line":21,"column":0},"end":{"line":21,"column":49}},"21":{"start":{"line":22,"column":0},"end":{"line":22,"column":11}},"22":{"start":{"line":23,"column":0},"end":{"line":23,"column":0}},"23":{"start":{"line":24,"column":0},"end":{"line":24,"column":25}},"24":{"start":{"line":25,"column":0},"end":{"line":25,"column":26}},"25":{"start":{"line":26,"column":0},"end":{"line":26,"column":22}},"26":{"start":{"line":27,"column":0},"end":{"line":27,"column":24}},"27":{"start":{"line":28,"column":0},"end":{"line":28,"column":1}},"28":{"start":{"line":29,"column":0},"end":{"line":29,"column":0}},"29":{"start":{"line":30,"column":0},"end":{"line":30,"column":121}},"30":{"start":{"line":31,"column":0},"end":{"line":31,"column":124}},"31":{"start":{"line":32,"column":0},"end":{"line":32,"column":0}},"32":{"start":{"line":33,"column":0},"end":{"line":33,"column":114}},"33":{"start":{"line":34,"column":0},"end":{"line":34,"column":16}},"34":{"start":{"line":35,"column":0},"end":{"line":35,"column":20}},"35":{"start":{"line":36,"column":0},"end":{"line":36,"column":33}},"36":{"start":{"line":37,"column":0},"end":{"line":37,"column":3}},"37":{"start":{"line":38,"column":0},"end":{"line":38,"column":1}},"38":{"start":{"line":39,"column":0},"end":{"line":39,"column":55}},"39":{"start":{"line":40,"column":0},"end":{"line":40,"column":104}},"40":{"start":{"line":41,"column":0},"end":{"line":41,"column":0}},"41":{"start":{"line":42,"column":0},"end":{"line":42,"column":148}},"42":{"start":{"line":43,"column":0},"end":{"line":43,"column":0}},"43":{"start":{"line":44,"column":0},"end":{"line":44,"column":28}},"44":{"start":{"line":45,"column":0},"end":{"line":45,"column":23}},"45":{"start":{"line":46,"column":0},"end":{"line":46,"column":19}},"46":{"start":{"line":47,"column":0},"end":{"line":47,"column":44}},"47":{"start":{"line":48,"column":0},"end":{"line":48,"column":56}},"48":{"start":{"line":49,"column":0},"end":{"line":49,"column":15}},"49":{"start":{"line":50,"column":0},"end":{"line":50,"column":1}},"50":{"start":{"line":51,"column":0},"end":{"line":51,"column":0}},"51":{"start":{"line":52,"column":0},"end":{"line":52,"column":0}},"52":{"start":{"line":53,"column":0},"end":{"line":53,"column":57}},"53":{"start":{"line":54,"column":0},"end":{"line":54,"column":33}},"54":{"start":{"line":55,"column":0},"end":{"line":55,"column":20}},"55":{"start":{"line":56,"column":0},"end":{"line":56,"column":20}},"56":{"start":{"line":57,"column":0},"end":{"line":57,"column":0}},"57":{"start":{"line":58,"column":0},"end":{"line":58,"column":17}},"58":{"start":{"line":59,"column":0},"end":{"line":59,"column":11}},"59":{"start":{"line":60,"column":0},"end":{"line":60,"column":36}},"60":{"start":{"line":61,"column":0},"end":{"line":61,"column":52}},"61":{"start":{"line":62,"column":0},"end":{"line":62,"column":19}},"62":{"start":{"line":63,"column":0},"end":{"line":63,"column":3}},"63":{"start":{"line":64,"column":0},"end":{"line":64,"column":0}},"64":{"start":{"line":65,"column":0},"end":{"line":65,"column":32}},"65":{"start":{"line":66,"column":0},"end":{"line":66,"column":66}},"66":{"start":{"line":67,"column":0},"end":{"line":67,"column":59}},"67":{"start":{"line":68,"column":0},"end":{"line":68,"column":30}},"68":{"start":{"line":69,"column":0},"end":{"line":69,"column":55}},"69":{"start":{"line":70,"column":0},"end":{"line":70,"column":7}},"70":{"start":{"line":71,"column":0},"end":{"line":71,"column":5}},"71":{"start":{"line":72,"column":0},"end":{"line":72,"column":3}},"72":{"start":{"line":73,"column":0},"end":{"line":73,"column":0}},"73":{"start":{"line":74,"column":0},"end":{"line":74,"column":36}},"74":{"start":{"line":75,"column":0},"end":{"line":75,"column":0}},"75":{"start":{"line":76,"column":0},"end":{"line":76,"column":66}},"76":{"start":{"line":77,"column":0},"end":{"line":77,"column":75}},"77":{"start":{"line":78,"column":0},"end":{"line":78,"column":11}},"78":{"start":{"line":79,"column":0},"end":{"line":79,"column":42}},"79":{"start":{"line":80,"column":0},"end":{"line":80,"column":32}},"80":{"start":{"line":81,"column":0},"end":{"line":81,"column":49}},"81":{"start":{"line":82,"column":0},"end":{"line":82,"column":7}},"82":{"start":{"line":83,"column":0},"end":{"line":83,"column":17}},"83":{"start":{"line":84,"column":0},"end":{"line":84,"column":47}},"84":{"start":{"line":85,"column":0},"end":{"line":85,"column":7}},"85":{"start":{"line":86,"column":0},"end":{"line":86,"column":5}},"86":{"start":{"line":87,"column":0},"end":{"line":87,"column":47}},"87":{"start":{"line":88,"column":0},"end":{"line":88,"column":45}},"88":{"start":{"line":89,"column":0},"end":{"line":89,"column":5}},"89":{"start":{"line":90,"column":0},"end":{"line":90,"column":10}},"90":{"start":{"line":91,"column":0},"end":{"line":91,"column":39}},"91":{"start":{"line":92,"column":0},"end":{"line":92,"column":5}},"92":{"start":{"line":93,"column":0},"end":{"line":93,"column":53}},"93":{"start":{"line":94,"column":0},"end":{"line":94,"column":30}},"94":{"start":{"line":95,"column":0},"end":{"line":95,"column":5}},"95":{"start":{"line":96,"column":0},"end":{"line":96,"column":3}},"96":{"start":{"line":97,"column":0},"end":{"line":97,"column":0}},"97":{"start":{"line":98,"column":0},"end":{"line":98,"column":62}},"98":{"start":{"line":99,"column":0},"end":{"line":99,"column":1}},"99":{"start":{"line":100,"column":0},"end":{"line":100,"column":0}},"100":{"start":{"line":101,"column":0},"end":{"line":101,"column":0}},"101":{"start":{"line":102,"column":0},"end":{"line":102,"column":46}},"102":{"start":{"line":103,"column":0},"end":{"line":103,"column":17}},"103":{"start":{"line":104,"column":0},"end":{"line":104,"column":11}},"104":{"start":{"line":105,"column":0},"end":{"line":105,"column":39}},"105":{"start":{"line":106,"column":0},"end":{"line":106,"column":3}},"106":{"start":{"line":107,"column":0},"end":{"line":107,"column":0}},"107":{"start":{"line":108,"column":0},"end":{"line":108,"column":23}},"108":{"start":{"line":109,"column":0},"end":{"line":109,"column":78}},"109":{"start":{"line":110,"column":0},"end":{"line":110,"column":34}},"110":{"start":{"line":111,"column":0},"end":{"line":111,"column":3}},"111":{"start":{"line":112,"column":0},"end":{"line":112,"column":0}},"112":{"start":{"line":113,"column":0},"end":{"line":113,"column":55}},"113":{"start":{"line":114,"column":0},"end":{"line":114,"column":67}},"114":{"start":{"line":115,"column":0},"end":{"line":115,"column":3}},"115":{"start":{"line":116,"column":0},"end":{"line":116,"column":1}},"116":{"start":{"line":117,"column":0},"end":{"line":117,"column":0}},"117":{"start":{"line":118,"column":0},"end":{"line":118,"column":0}},"118":{"start":{"line":119,"column":0},"end":{"line":119,"column":51}},"119":{"start":{"line":120,"column":0},"end":{"line":120,"column":23}},"120":{"start":{"line":121,"column":0},"end":{"line":121,"column":66}},"121":{"start":{"line":122,"column":0},"end":{"line":122,"column":34}},"122":{"start":{"line":123,"column":0},"end":{"line":123,"column":3}},"123":{"start":{"line":124,"column":0},"end":{"line":124,"column":0}},"124":{"start":{"line":125,"column":0},"end":{"line":125,"column":55}},"125":{"start":{"line":126,"column":0},"end":{"line":126,"column":83}},"126":{"start":{"line":127,"column":0},"end":{"line":127,"column":3}},"127":{"start":{"line":128,"column":0},"end":{"line":128,"column":1}},"128":{"start":{"line":129,"column":0},"end":{"line":129,"column":0}},"129":{"start":{"line":130,"column":0},"end":{"line":130,"column":77}},"130":{"start":{"line":131,"column":0},"end":{"line":131,"column":58}},"131":{"start":{"line":132,"column":0},"end":{"line":132,"column":20}},"132":{"start":{"line":133,"column":0},"end":{"line":133,"column":22}},"133":{"start":{"line":134,"column":0},"end":{"line":134,"column":0}},"134":{"start":{"line":135,"column":0},"end":{"line":135,"column":36}},"135":{"start":{"line":136,"column":0},"end":{"line":136,"column":11}},"136":{"start":{"line":137,"column":0},"end":{"line":137,"column":64}},"137":{"start":{"line":138,"column":0},"end":{"line":138,"column":30}},"138":{"start":{"line":139,"column":0},"end":{"line":139,"column":39}},"139":{"start":{"line":140,"column":0},"end":{"line":140,"column":52}},"140":{"start":{"line":141,"column":0},"end":{"line":141,"column":15}},"141":{"start":{"line":142,"column":0},"end":{"line":142,"column":30}},"142":{"start":{"line":143,"column":0},"end":{"line":143,"column":36}},"143":{"start":{"line":144,"column":0},"end":{"line":144,"column":6}},"144":{"start":{"line":145,"column":0},"end":{"line":145,"column":39}},"145":{"start":{"line":146,"column":0},"end":{"line":146,"column":3}},"146":{"start":{"line":147,"column":0},"end":{"line":147,"column":0}},"147":{"start":{"line":148,"column":0},"end":{"line":148,"column":15}},"148":{"start":{"line":149,"column":0},"end":{"line":149,"column":62}},"149":{"start":{"line":150,"column":0},"end":{"line":150,"column":73}},"150":{"start":{"line":151,"column":0},"end":{"line":151,"column":67}},"151":{"start":{"line":152,"column":0},"end":{"line":152,"column":10}},"152":{"start":{"line":153,"column":0},"end":{"line":153,"column":3}},"153":{"start":{"line":154,"column":0},"end":{"line":154,"column":0}},"154":{"start":{"line":155,"column":0},"end":{"line":155,"column":28}},"155":{"start":{"line":156,"column":0},"end":{"line":156,"column":55}},"156":{"start":{"line":157,"column":0},"end":{"line":157,"column":32}},"157":{"start":{"line":158,"column":0},"end":{"line":158,"column":30}},"158":{"start":{"line":159,"column":0},"end":{"line":159,"column":16}},"159":{"start":{"line":160,"column":0},"end":{"line":160,"column":7}},"160":{"start":{"line":161,"column":0},"end":{"line":161,"column":35}},"161":{"start":{"line":162,"column":0},"end":{"line":162,"column":5}},"162":{"start":{"line":163,"column":0},"end":{"line":163,"column":3}},"163":{"start":{"line":164,"column":0},"end":{"line":164,"column":0}},"164":{"start":{"line":165,"column":0},"end":{"line":165,"column":23}},"165":{"start":{"line":166,"column":0},"end":{"line":166,"column":29}},"166":{"start":{"line":167,"column":0},"end":{"line":167,"column":29}},"167":{"start":{"line":168,"column":0},"end":{"line":168,"column":3}},"168":{"start":{"line":169,"column":0},"end":{"line":169,"column":0}},"169":{"start":{"line":170,"column":0},"end":{"line":170,"column":35}},"170":{"start":{"line":171,"column":0},"end":{"line":171,"column":20}},"171":{"start":{"line":172,"column":0},"end":{"line":172,"column":3}},"172":{"start":{"line":173,"column":0},"end":{"line":173,"column":0}},"173":{"start":{"line":174,"column":0},"end":{"line":174,"column":54}},"174":{"start":{"line":175,"column":0},"end":{"line":175,"column":27}},"175":{"start":{"line":176,"column":0},"end":{"line":176,"column":30}},"176":{"start":{"line":177,"column":0},"end":{"line":177,"column":5}},"177":{"start":{"line":178,"column":0},"end":{"line":178,"column":3}},"178":{"start":{"line":179,"column":0},"end":{"line":179,"column":0}},"179":{"start":{"line":180,"column":0},"end":{"line":180,"column":32}},"180":{"start":{"line":181,"column":0},"end":{"line":181,"column":37}},"181":{"start":{"line":182,"column":0},"end":{"line":182,"column":62}},"182":{"start":{"line":183,"column":0},"end":{"line":183,"column":31}},"183":{"start":{"line":184,"column":0},"end":{"line":184,"column":3}},"184":{"start":{"line":185,"column":0},"end":{"line":185,"column":0}},"185":{"start":{"line":186,"column":0},"end":{"line":186,"column":14}},"186":{"start":{"line":187,"column":0},"end":{"line":187,"column":70}},"187":{"start":{"line":188,"column":0},"end":{"line":188,"column":3}},"188":{"start":{"line":189,"column":0},"end":{"line":189,"column":0}},"189":{"start":{"line":190,"column":0},"end":{"line":190,"column":11}},"190":{"start":{"line":191,"column":0},"end":{"line":191,"column":75}},"191":{"start":{"line":192,"column":0},"end":{"line":192,"column":3}},"192":{"start":{"line":193,"column":0},"end":{"line":193,"column":0}},"193":{"start":{"line":194,"column":0},"end":{"line":194,"column":30}},"194":{"start":{"line":195,"column":0},"end":{"line":195,"column":76}},"195":{"start":{"line":196,"column":0},"end":{"line":196,"column":3}},"196":{"start":{"line":197,"column":0},"end":{"line":197,"column":0}},"197":{"start":{"line":198,"column":0},"end":{"line":198,"column":55}},"198":{"start":{"line":199,"column":0},"end":{"line":199,"column":92}},"199":{"start":{"line":200,"column":0},"end":{"line":200,"column":63}},"200":{"start":{"line":201,"column":0},"end":{"line":201,"column":38}},"201":{"start":{"line":202,"column":0},"end":{"line":202,"column":23}},"202":{"start":{"line":203,"column":0},"end":{"line":203,"column":23}},"203":{"start":{"line":204,"column":0},"end":{"line":204,"column":7}},"204":{"start":{"line":205,"column":0},"end":{"line":205,"column":78}},"205":{"start":{"line":206,"column":0},"end":{"line":206,"column":5}},"206":{"start":{"line":207,"column":0},"end":{"line":207,"column":18}},"207":{"start":{"line":208,"column":0},"end":{"line":208,"column":3}},"208":{"start":{"line":209,"column":0},"end":{"line":209,"column":1}},"209":{"start":{"line":210,"column":0},"end":{"line":210,"column":0}},"210":{"start":{"line":211,"column":0},"end":{"line":211,"column":43}},"211":{"start":{"line":212,"column":0},"end":{"line":212,"column":47}},"212":{"start":{"line":213,"column":0},"end":{"line":213,"column":0}},"213":{"start":{"line":214,"column":0},"end":{"line":214,"column":17}},"214":{"start":{"line":215,"column":0},"end":{"line":215,"column":11}},"215":{"start":{"line":216,"column":0},"end":{"line":216,"column":0}},"216":{"start":{"line":217,"column":0},"end":{"line":217,"column":27}},"217":{"start":{"line":218,"column":0},"end":{"line":218,"column":46}},"218":{"start":{"line":219,"column":0},"end":{"line":219,"column":54}},"219":{"start":{"line":220,"column":0},"end":{"line":220,"column":102}},"220":{"start":{"line":221,"column":0},"end":{"line":221,"column":66}},"221":{"start":{"line":222,"column":0},"end":{"line":222,"column":6}},"222":{"start":{"line":223,"column":0},"end":{"line":223,"column":3}},"223":{"start":{"line":224,"column":0},"end":{"line":224,"column":1}},"224":{"start":{"line":225,"column":0},"end":{"line":225,"column":0}},"225":{"start":{"line":226,"column":0},"end":{"line":226,"column":44}},"226":{"start":{"line":227,"column":0},"end":{"line":227,"column":28}},"227":{"start":{"line":228,"column":0},"end":{"line":228,"column":0}},"228":{"start":{"line":229,"column":0},"end":{"line":229,"column":17}},"229":{"start":{"line":230,"column":0},"end":{"line":230,"column":11}},"230":{"start":{"line":231,"column":0},"end":{"line":231,"column":37}},"231":{"start":{"line":232,"column":0},"end":{"line":232,"column":0}},"232":{"start":{"line":233,"column":0},"end":{"line":233,"column":33}},"233":{"start":{"line":234,"column":0},"end":{"line":234,"column":43}},"234":{"start":{"line":235,"column":0},"end":{"line":235,"column":82}},"235":{"start":{"line":236,"column":0},"end":{"line":236,"column":53}},"236":{"start":{"line":237,"column":0},"end":{"line":237,"column":64}},"237":{"start":{"line":238,"column":0},"end":{"line":238,"column":5}},"238":{"start":{"line":239,"column":0},"end":{"line":239,"column":0}},"239":{"start":{"line":240,"column":0},"end":{"line":240,"column":31}},"240":{"start":{"line":241,"column":0},"end":{"line":241,"column":28}},"241":{"start":{"line":242,"column":0},"end":{"line":242,"column":54}},"242":{"start":{"line":243,"column":0},"end":{"line":243,"column":59}},"243":{"start":{"line":244,"column":0},"end":{"line":244,"column":52}},"244":{"start":{"line":245,"column":0},"end":{"line":245,"column":27}},"245":{"start":{"line":246,"column":0},"end":{"line":246,"column":5}},"246":{"start":{"line":247,"column":0},"end":{"line":247,"column":0}},"247":{"start":{"line":248,"column":0},"end":{"line":248,"column":43}},"248":{"start":{"line":249,"column":0},"end":{"line":249,"column":0}},"249":{"start":{"line":250,"column":0},"end":{"line":250,"column":48}},"250":{"start":{"line":251,"column":0},"end":{"line":251,"column":3}},"251":{"start":{"line":252,"column":0},"end":{"line":252,"column":1}},"252":{"start":{"line":253,"column":0},"end":{"line":253,"column":0}},"253":{"start":{"line":254,"column":0},"end":{"line":254,"column":87}},"254":{"start":{"line":255,"column":0},"end":{"line":255,"column":49}},"255":{"start":{"line":256,"column":0},"end":{"line":256,"column":74}},"256":{"start":{"line":257,"column":0},"end":{"line":257,"column":20}},"257":{"start":{"line":258,"column":0},"end":{"line":258,"column":3}},"258":{"start":{"line":259,"column":0},"end":{"line":259,"column":95}},"259":{"start":{"line":260,"column":0},"end":{"line":260,"column":18}},"260":{"start":{"line":261,"column":0},"end":{"line":261,"column":1}},"261":{"start":{"line":262,"column":0},"end":{"line":262,"column":0}},"262":{"start":{"line":263,"column":0},"end":{"line":263,"column":117}},"263":{"start":{"line":264,"column":0},"end":{"line":264,"column":33}},"264":{"start":{"line":265,"column":0},"end":{"line":265,"column":38}},"265":{"start":{"line":266,"column":0},"end":{"line":266,"column":35}},"266":{"start":{"line":267,"column":0},"end":{"line":267,"column":1}},"267":{"start":{"line":268,"column":0},"end":{"line":268,"column":0}},"268":{"start":{"line":269,"column":0},"end":{"line":269,"column":110}},"269":{"start":{"line":270,"column":0},"end":{"line":270,"column":33}},"270":{"start":{"line":271,"column":0},"end":{"line":271,"column":48}},"271":{"start":{"line":272,"column":0},"end":{"line":272,"column":3}},"272":{"start":{"line":273,"column":0},"end":{"line":273,"column":7}},"273":{"start":{"line":274,"column":0},"end":{"line":274,"column":47}},"274":{"start":{"line":275,"column":0},"end":{"line":275,"column":121}},"275":{"start":{"line":276,"column":0},"end":{"line":276,"column":49}},"276":{"start":{"line":277,"column":0},"end":{"line":277,"column":5}},"277":{"start":{"line":278,"column":0},"end":{"line":278,"column":44}},"278":{"start":{"line":279,"column":0},"end":{"line":279,"column":3}},"279":{"start":{"line":280,"column":0},"end":{"line":280,"column":13}},"280":{"start":{"line":281,"column":0},"end":{"line":281,"column":41}},"281":{"start":{"line":282,"column":0},"end":{"line":282,"column":21}},"282":{"start":{"line":283,"column":0},"end":{"line":283,"column":36}},"283":{"start":{"line":284,"column":0},"end":{"line":284,"column":7}},"284":{"start":{"line":285,"column":0},"end":{"line":285,"column":5}},"285":{"start":{"line":286,"column":0},"end":{"line":286,"column":60}},"286":{"start":{"line":287,"column":0},"end":{"line":287,"column":3}},"287":{"start":{"line":288,"column":0},"end":{"line":288,"column":1}},"288":{"start":{"line":289,"column":0},"end":{"line":289,"column":0}},"289":{"start":{"line":290,"column":0},"end":{"line":290,"column":51}},"290":{"start":{"line":291,"column":0},"end":{"line":291,"column":53}},"291":{"start":{"line":292,"column":0},"end":{"line":292,"column":0}},"292":{"start":{"line":293,"column":0},"end":{"line":293,"column":0}},"293":{"start":{"line":294,"column":0},"end":{"line":294,"column":0}},"294":{"start":{"line":295,"column":0},"end":{"line":295,"column":104}},"295":{"start":{"line":296,"column":0},"end":{"line":296,"column":43}},"296":{"start":{"line":297,"column":0},"end":{"line":297,"column":50}},"297":{"start":{"line":298,"column":0},"end":{"line":298,"column":17}},"298":{"start":{"line":299,"column":0},"end":{"line":299,"column":1}},"299":{"start":{"line":300,"column":0},"end":{"line":300,"column":0}},"300":{"start":{"line":301,"column":0},"end":{"line":301,"column":75}},"301":{"start":{"line":302,"column":0},"end":{"line":302,"column":47}},"302":{"start":{"line":303,"column":0},"end":{"line":303,"column":4}},"303":{"start":{"line":304,"column":0},"end":{"line":304,"column":100}},"304":{"start":{"line":305,"column":0},"end":{"line":305,"column":47}},"305":{"start":{"line":306,"column":0},"end":{"line":306,"column":54}},"306":{"start":{"line":307,"column":0},"end":{"line":307,"column":37}},"307":{"start":{"line":308,"column":0},"end":{"line":308,"column":61}},"308":{"start":{"line":309,"column":0},"end":{"line":309,"column":3}},"309":{"start":{"line":310,"column":0},"end":{"line":310,"column":21}},"310":{"start":{"line":311,"column":0},"end":{"line":311,"column":4}},"311":{"start":{"line":312,"column":0},"end":{"line":312,"column":28}},"312":{"start":{"line":313,"column":0},"end":{"line":313,"column":1}},"313":{"start":{"line":314,"column":0},"end":{"line":314,"column":0}},"314":{"start":{"line":315,"column":0},"end":{"line":315,"column":80}},"315":{"start":{"line":316,"column":0},"end":{"line":316,"column":20}},"316":{"start":{"line":317,"column":0},"end":{"line":317,"column":40}},"317":{"start":{"line":318,"column":0},"end":{"line":318,"column":76}},"318":{"start":{"line":319,"column":0},"end":{"line":319,"column":102}},"319":{"start":{"line":320,"column":0},"end":{"line":320,"column":33}},"320":{"start":{"line":321,"column":0},"end":{"line":321,"column":6}},"321":{"start":{"line":322,"column":0},"end":{"line":322,"column":3}},"322":{"start":{"line":323,"column":0},"end":{"line":323,"column":1}},"323":{"start":{"line":324,"column":0},"end":{"line":324,"column":0}},"324":{"start":{"line":325,"column":0},"end":{"line":325,"column":95}},"325":{"start":{"line":326,"column":0},"end":{"line":326,"column":32}},"326":{"start":{"line":327,"column":0},"end":{"line":327,"column":42}},"327":{"start":{"line":328,"column":0},"end":{"line":328,"column":56}},"328":{"start":{"line":329,"column":0},"end":{"line":329,"column":39}},"329":{"start":{"line":330,"column":0},"end":{"line":330,"column":27}},"330":{"start":{"line":331,"column":0},"end":{"line":331,"column":34}},"331":{"start":{"line":332,"column":0},"end":{"line":332,"column":54}},"332":{"start":{"line":333,"column":0},"end":{"line":333,"column":61}},"333":{"start":{"line":334,"column":0},"end":{"line":334,"column":3}},"334":{"start":{"line":335,"column":0},"end":{"line":335,"column":23}},"335":{"start":{"line":336,"column":0},"end":{"line":336,"column":10}},"336":{"start":{"line":337,"column":0},"end":{"line":337,"column":26}},"337":{"start":{"line":338,"column":0},"end":{"line":338,"column":47}},"338":{"start":{"line":339,"column":0},"end":{"line":339,"column":45}},"339":{"start":{"line":340,"column":0},"end":{"line":340,"column":21}},"340":{"start":{"line":341,"column":0},"end":{"line":341,"column":25}},"341":{"start":{"line":342,"column":0},"end":{"line":342,"column":13}},"342":{"start":{"line":343,"column":0},"end":{"line":343,"column":3}},"343":{"start":{"line":344,"column":0},"end":{"line":344,"column":65}},"344":{"start":{"line":345,"column":0},"end":{"line":345,"column":33}},"345":{"start":{"line":346,"column":0},"end":{"line":346,"column":1}}},"s":{"0":1,"1":1,"2":1,"3":1,"4":1,"5":1,"6":1,"7":1,"8":1,"9":1,"10":1,"11":1,"12":1,"13":1,"14":1,"15":1,"16":1,"17":1,"18":1,"19":1,"20":1,"21":1,"22":1,"23":1,"24":1,"25":1,"26":1,"27":1,"28":1,"29":1,"30":1,"31":1,"32":1,"33":1,"34":1,"35":1,"36":1,"37":1,"38":1,"39":1,"40":1,"41":1,"42":1,"43":1,"44":1,"45":1,"46":1,"47":1,"48":1,"49":1,"50":1,"51":1,"52":1,"53":1,"54":1,"55":1,"56":1,"57":1,"58":37,"59":37,"60":37,"61":37,"62":37,"63":1,"64":1,"65":0,"66":0,"67":0,"68":0,"69":0,"70":0,"71":0,"72":1,"73":1,"74":1,"75":1,"76":23,"77":2,"78":2,"79":2,"80":2,"81":2,"82":2,"83":2,"84":2,"85":2,"86":21,"87":21,"88":21,"89":0,"90":0,"91":0,"92":23,"93":14,"94":14,"95":23,"96":1,"97":1,"98":1,"99":1,"100":1,"101":1,"102":1,"103":8,"104":8,"105":8,"106":1,"107":1,"108":0,"109":0,"110":0,"111":1,"112":1,"113":0,"114":0,"115":1,"116":1,"117":1,"118":1,"119":1,"120":9,"121":9,"122":9,"123":1,"124":1,"125":0,"126":0,"127":1,"128":1,"129":1,"130":1,"131":1,"132":1,"133":1,"134":1,"135":9,"136":9,"137":9,"138":9,"139":9,"140":9,"141":9,"142":9,"143":9,"144":9,"145":9,"146":1,"147":1,"148":0,"149":0,"150":0,"151":0,"152":0,"153":1,"154":1,"155":0,"156":0,"157":0,"158":0,"159":0,"160":0,"161":0,"162":0,"163":1,"164":1,"165":9,"166":9,"167":9,"168":1,"169":1,"170":10,"171":10,"172":1,"173":1,"174":9,"175":9,"176":9,"177":9,"178":1,"179":1,"180":0,"181":0,"182":0,"183":0,"184":1,"185":1,"186":0,"187":0,"188":1,"189":1,"190":0,"191":0,"192":1,"193":1,"194":9,"195":9,"196":1,"197":1,"198":0,"199":0,"200":0,"201":0,"202":0,"203":0,"204":0,"205":0,"206":0,"207":0,"208":1,"209":1,"210":1,"211":1,"212":1,"213":1,"214":7,"215":7,"216":7,"217":0,"218":0,"219":0,"220":0,"221":7,"222":7,"223":1,"224":1,"225":1,"226":1,"227":1,"228":1,"229":7,"230":7,"231":7,"232":7,"233":0,"234":0,"235":0,"236":0,"237":0,"238":7,"239":7,"240":0,"241":0,"242":0,"243":0,"244":0,"245":0,"246":7,"247":7,"248":7,"249":7,"250":7,"251":1,"252":1,"253":1,"254":11,"255":3,"256":3,"257":3,"258":8,"259":8,"260":8,"261":1,"262":1,"263":1,"264":1,"265":1,"266":1,"267":1,"268":2,"269":2,"270":0,"271":0,"272":2,"273":2,"274":2,"275":0,"276":0,"277":1,"278":1,"279":2,"280":2,"281":2,"282":3,"283":3,"284":2,"285":2,"286":2,"287":2,"288":1,"289":1,"290":1,"291":1,"292":1,"293":1,"294":0,"295":0,"296":0,"297":0,"298":0,"299":1,"300":1,"301":0,"302":0,"303":0,"304":0,"305":0,"306":0,"307":0,"308":0,"309":0,"310":0,"311":0,"312":0,"313":1,"314":1,"315":0,"316":0,"317":0,"318":0,"319":0,"320":0,"321":0,"322":0,"323":1,"324":0,"325":0,"326":0,"327":0,"328":0,"329":0,"330":0,"331":0,"332":0,"333":0,"334":0,"335":0,"336":0,"337":0,"338":0,"339":0,"340":0,"341":0,"342":0,"343":0,"344":0,"345":0},"branchMap":{"0":{"type":"branch","line":58,"loc":{"start":{"line":58,"column":2},"end":{"line":63,"column":3}},"locations":[{"start":{"line":58,"column":2},"end":{"line":63,"column":3}}]},"1":{"type":"branch","line":60,"loc":{"start":{"line":60,"column":28},"end":{"line":60,"column":36}},"locations":[{"start":{"line":60,"column":28},"end":{"line":60,"column":36}}]},"2":{"type":"branch","line":61,"loc":{"start":{"line":61,"column":20},"end":{"line":61,"column":52}},"locations":[{"start":{"line":61,"column":20},"end":{"line":61,"column":52}}]},"3":{"type":"branch","line":76,"loc":{"start":{"line":76,"column":2},"end":{"line":96,"column":3}},"locations":[{"start":{"line":76,"column":2},"end":{"line":96,"column":3}}]},"4":{"type":"branch","line":77,"loc":{"start":{"line":77,"column":74},"end":{"line":86,"column":5}},"locations":[{"start":{"line":77,"column":74},"end":{"line":86,"column":5}}]},"5":{"type":"branch","line":86,"loc":{"start":{"line":86,"column":4},"end":{"line":92,"column":5}},"locations":[{"start":{"line":86,"column":4},"end":{"line":92,"column":5}}]},"6":{"type":"branch","line":89,"loc":{"start":{"line":89,"column":4},"end":{"line":92,"column":5}},"locations":[{"start":{"line":89,"column":4},"end":{"line":92,"column":5}}]},"7":{"type":"branch","line":93,"loc":{"start":{"line":93,"column":8},"end":{"line":93,"column":52}},"locations":[{"start":{"line":93,"column":8},"end":{"line":93,"column":52}}]},"8":{"type":"branch","line":93,"loc":{"start":{"line":93,"column":52},"end":{"line":95,"column":5}},"locations":[{"start":{"line":93,"column":52},"end":{"line":95,"column":5}}]},"9":{"type":"branch","line":103,"loc":{"start":{"line":103,"column":2},"end":{"line":106,"column":3}},"locations":[{"start":{"line":103,"column":2},"end":{"line":106,"column":3}}]},"10":{"type":"branch","line":120,"loc":{"start":{"line":120,"column":2},"end":{"line":123,"column":3}},"locations":[{"start":{"line":120,"column":2},"end":{"line":123,"column":3}}]},"11":{"type":"branch","line":135,"loc":{"start":{"line":135,"column":2},"end":{"line":146,"column":3}},"locations":[{"start":{"line":135,"column":2},"end":{"line":146,"column":3}}]},"12":{"type":"branch","line":137,"loc":{"start":{"line":137,"column":26},"end":{"line":137,"column":64}},"locations":[{"start":{"line":137,"column":26},"end":{"line":137,"column":64}}]},"13":{"type":"branch","line":165,"loc":{"start":{"line":165,"column":2},"end":{"line":168,"column":3}},"locations":[{"start":{"line":165,"column":2},"end":{"line":168,"column":3}}]},"14":{"type":"branch","line":170,"loc":{"start":{"line":170,"column":2},"end":{"line":172,"column":3}},"locations":[{"start":{"line":170,"column":2},"end":{"line":172,"column":3}}]},"15":{"type":"branch","line":174,"loc":{"start":{"line":174,"column":2},"end":{"line":178,"column":3}},"locations":[{"start":{"line":174,"column":2},"end":{"line":178,"column":3}}]},"16":{"type":"branch","line":194,"loc":{"start":{"line":194,"column":2},"end":{"line":196,"column":3}},"locations":[{"start":{"line":194,"column":2},"end":{"line":196,"column":3}}]},"17":{"type":"branch","line":212,"loc":{"start":{"line":212,"column":2},"end":{"line":212,"column":47}},"locations":[{"start":{"line":212,"column":2},"end":{"line":212,"column":47}}]},"18":{"type":"branch","line":214,"loc":{"start":{"line":214,"column":2},"end":{"line":223,"column":3}},"locations":[{"start":{"line":214,"column":2},"end":{"line":223,"column":3}}]},"19":{"type":"branch","line":229,"loc":{"start":{"line":229,"column":2},"end":{"line":251,"column":3}},"locations":[{"start":{"line":229,"column":2},"end":{"line":251,"column":3}}]},"20":{"type":"branch","line":254,"loc":{"start":{"line":254,"column":7},"end":{"line":261,"column":1}},"locations":[{"start":{"line":254,"column":7},"end":{"line":261,"column":1}}]},"21":{"type":"branch","line":255,"loc":{"start":{"line":255,"column":48},"end":{"line":258,"column":
[...]
,"/mnt/c/Users/eanor/OneDrive/Escritorio/Emmy/emmy-dom/src/ssr/register/dom/StyleSheet.js": {"path":"/mnt/c/Users/eanor/OneDrive/Escritorio/Emmy/emmy-dom/src/ssr/register/dom/StyleSheet.js","all":false,"statementMap":{"0":{"start":{"line":1,"column":0},"end":{"line":1,"column":8}},"1":{"start":{"line":2,"column":0},"end":{"line":2,"column":0}},"2":{"start":{"line":3,"column":0},"end":{"line":3,"column":18}},"3":{"start":{"line":4,"column":0},"end":{"line":4,"column":25}},"4":{"start":{"line":5,"column":0},"end":{"line":5,"column":38}},"5":{"start":{"line":6,"column":0},"end":{"line":6,"column":30}},"6":{"start":{"line":7,"column":0},"end":{"line":7,"column":3}},"7":{"start":{"line":8,"column":0},"end":{"line":8,"column":1}},"8":{"start":{"line":9,"column":0},"end":{"line":9,"column":0}},"9":{"start":{"line":10,"column":0},"end":{"line":10,"column":27}}},"s":{"0":13,"1":13,"2":13,"3":13,"4":13,"5":0,"6":0,"7":13,"8":13,"9":13},"branchMap":{"0":{"type":"branch","line":1,"loc":{"start":{"line":1,"column":0},"end":{"line":10,"column":27}},"locations":[{"start":{"line":1,"column":0},"end":{"line":10,"column":27}}]}},"b":{"0":[13]},"fnMap":{"0":{"name":"StyleSheet","decl":{"start":{"line":5,"column":2},"end":{"line":7,"column":3}},"loc":{"start":{"line":5,"column":2},"end":{"line":7,"column":3}},"line":5}},"f":{"0":0}}
,"/mnt/c/Users/eanor/OneDrive/Escritorio/Emmy/emmy-dom/src/ssr/register/dom/Text.js": {"path":"/mnt/c/Users/eanor/OneDrive/Escritorio/Emmy/emmy-dom/src/ssr/register/dom/Text.js","all":false,"statementMap":{"0":{"start":{"line":1,"column":0},"end":{"line":1,"column":30}},"1":{"start":{"line":2,"column":0},"end":{"line":2,"column":0}},"2":{"start":{"line":3,"column":0},"end":{"line":3,"column":25}},"3":{"start":{"line":4,"column":0},"end":{"line":4,"column":17}},"4":{"start":{"line":5,"column":0},"end":{"line":5,"column":11}},"5":{"start":{"line":6,"column":0},"end":{"line":6,"column":24}},"6":{"start":{"line":7,"column":0},"end":{"line":7,"column":3}},"7":{"start":{"line":8,"column":0},"end":{"line":8,"column":18}},"8":{"start":{"line":9,"column":0},"end":{"line":9,"column":18}},"9":{"start":{"line":10,"column":0},"end":{"line":10,"column":3}},"10":{"start":{"line":11,"column":0},"end":{"line":11,"column":18}},"11":{"start":{"line":12,"column":0},"end":{"line":12,"column":25}},"12":{"start":{"line":13,"column":0},"end":{"line":13,"column":3}},"13":{"start":{"line":14,"column":0},"end":{"line":14,"column":19}},"14":{"start":{"line":15,"column":0},"end":{"line":15,"column":26}},"15":{"start":{"line":16,"column":0},"end":{"line":16,"column":3}},"16":{"start":{"line":17,"column":0},"end":{"line":17,"column":28}},"17":{"start":{"line":18,"column":0},"end":{"line":18,"column":31}},"18":{"start":{"line":19,"column":0},"end":{"line":19,"column":3}},"19":{"start":{"line":20,"column":0},"end":{"line":20,"column":21}},"20":{"start":{"line":21,"column":0},"end":{"line":21,"column":25}},"21":{"start":{"line":22,"column":0},"end":{"line":22,"column":3}},"22":{"start":{"line":23,"column":0},"end":{"line":23,"column":32}},"23":{"start":{"line":24,"column":0},"end":{"line":24,"column":32}},"24":{"start":{"line":25,"column":0},"end":{"line":25,"column":3}},"25":{"start":{"line":26,"column":0},"end":{"line":26,"column":1}},"26":{"start":{"line":27,"column":0},"end":{"line":27,"column":0}},"27":{"start":{"line":28,"column":0},"end":{"line":28,"column":21}}},"s":{"0":13,"1":13,"2":13,"3":13,"4":43,"5":43,"6":43,"7":13,"8":38,"9":38,"10":13,"11":26,"12":26,"13":13,"14":49,"15":49,"16":13,"17":43,"18":43,"19":13,"20":49,"21":49,"22":13,"23":0,"24":0,"25":13,"26":13,"27":13},"branchMap":{"0":{"type":"branch","line":1,"loc":{"start":{"line":1,"column":0},"end":{"line":28,"column":21}},"locations":[{"start":{"line":1,"column":0},"end":{"line":28,"column":21}}]},"1":{"type":"branch","line":4,"loc":{"start":{"line":4,"column":2},"end":{"line":7,"column":3}},"locations":[{"start":{"line":4,"column":2},"end":{"line":7,"column":3}}]},"2":{"type":"branch","line":8,"loc":{"start":{"line":8,"column":2},"end":{"line":10,"column":3}},"locations":[{"start":{"line":8,"column":2},"end":{"line":10,"column":3}}]},"3":{"type":"branch","line":11,"loc":{"start":{"line":11,"column":2},"end":{"line":13,"column":3}},"locations":[{"start":{"line":11,"column":2},"end":{"line":13,"column":3}}]},"4":{"type":"branch","line":14,"loc":{"start":{"line":14,"column":2},"end":{"line":16,"column":3}},"locations":[{"start":{"line":14,"column":2},"end":{"line":16,"column":3}}]},"5":{"type":"branch","line":17,"loc":{"start":{"line":17,"column":2},"end":{"line":19,"column":3}},"locations":[{"start":{"line":17,"column":2},"end":{"line":19,"column":3}}]},"6":{"type":"branch","line":20,"loc":{"start":{"line":20,"column":2},"end":{"line":22,"column":3}},"locations":[{"start":{"line":20,"column":2},"end":{"line":22,"column":3}}]}},"b":{"0":[13],"1":[43],"2":[38],"3":[26],"4":[49],"5":[43],"6":[49]},"fnMap":{"0":{"name":"Text","decl":{"start":{"line":4,"column":2},"end":{"line":7,"column":3}},"loc":{"start":{"line":4,"column":2},"end":{"line":7,"column":3}},"line":4},"1":{"name":"get nodeName","decl":{"start":{"line":8,"column":2},"end":{"line":10,"column":3}},"loc":{"start":{"line":8,"column":2},"end":{"line":10,"column":3}},"line":8},"2":{"name":"get nodeType","decl":{"start":{"line":11,"column":2},"end":{"line":13,"column":3}},"loc":{"start":{"line":11,"column":2},"end":{"line":13,"column":3}},"line":11},"3":{"name":"get nodeValue","decl":{"start":{"line":14,"column":2},"end":{"line":16,"column":3}},"loc":{"start":{"line":14,"column":2},"end":{"line":16,"column":3}},"line":14},"4":{"name":"set nodeValue","decl":{"start":{"line":17,"column":2},"end":{"line":19,"column":3}},"loc":{"start":{"line":17,"column":2},"end":{"line":19,"column":3}},"line":17},"5":{"name":"get textContent","decl":{"start":{"line":20,"column":2},"end":{"line":22,"column":3}},"loc":{"start":{"line":20,"column":2},"end":{"line":22,"column":3}},"line":20},"6":{"name":"set textContent","decl":{"start":{"line":23,"column":2},"end":{"line":25,"column":3}},"loc":{"start":{"line":23,"column":2},"end":{"line":25,"column":3}},"line":23}},"f":{"0":43,"1":38,"2":26,"3":49,"4":43,"5":49,"6":0}}
,"/mnt/c/Users/eanor/OneDrive/Escritorio/Emmy/emmy-dom/src/ssr/register/dom/Worker.js": {"path":"/mnt/c/Users/eanor/OneDrive/Escritorio/Emmy/emmy-dom/src/ssr/register/dom/Worker.js","all":false,"statementMap":{"0":{"start":{"line":1,"column":0},"end":{"line":1,"column":28}},"1":{"start":{"line":2,"column":0},"end":{"line":2,"column":24}},"2":{"start":{"line":3,"column":0},"end":{"line":3,"column":39}},"3":{"start":{"line":4,"column":0},"end":{"line":4,"column":0}},"4":{"start":{"line":5,"column":0},"end":{"line":5,"column":29}},"5":{"start":{"line":6,"column":0},"end":{"line":6,"column":22}},"6":{"start":{"line":7,"column":0},"end":{"line":7,"column":27}},"7":{"start":{"line":8,"column":0},"end":{"line":8,"column":3}},"8":{"start":{"line":9,"column":0},"end":{"line":9,"column":1}},"9":{"start":{"line":10,"column":0},"end":{"line":10,"column":0}},"10":{"start":{"line":11,"column":0},"end":{"line":11,"column":17}},"11":{"start":{"line":12,"column":0},"end":{"line":12,"column":18}},"12":{"start":{"line":13,"column":0},"end":{"line":13,"column":20}},"13":{"start":{"line":14,"column":0},"end":{"line":14,"column":22}},"14":{"start":{"line":15,"column":0},"end":{"line":15,"column":3}},"15":{"start":{"line":16,"column":0},"end":{"line":16,"column":1}},"16":{"start":{"line":17,"column":0},"end":{"line":17,"column":0}},"17":{"start":{"line":18,"column":0},"end":{"line":18,"column":14}},"18":{"start":{"line":19,"column":0},"end":{"line":19,"column":21}},"19":{"start":{"line":20,"column":0},"end":{"line":20,"column":31}},"20":{"start":{"line":21,"column":0},"end":{"line":21,"column":3}},"21":{"start":{"line":22,"column":0},"end":{"line":22,"column":20}},"22":{"start":{"line":23,"column":0},"end":{"line":23,"column":22}},"23":{"start":{"line":24,"column":0},"end":{"line":24,"column":3}},"24":{"start":{"line":25,"column":0},"end":{"line":25,"column":1}},"25":{"start":{"line":26,"column":0},"end":{"line":26,"column":0}},"26":{"start":{"line":27,"column":0},"end":{"line":27,"column":23}}},"s":{"0":13,"1":13,"2":13,"3":13,"4":0,"5":0,"6":0,"7":0,"8":0,"9":13,"10":13,"11":13,"12":13,"13":0,"14":0,"15":13,"16":13,"17":13,"18":13,"19":0,"20":0,"21":13,"22":0,"23":0,"24":13,"25":13,"26":13},"branchMap":{"0":{"type":"branch","line":1,"loc":{"start":{"line":1,"column":0},"end":{"line":27,"column":23}},"locations":[{"start":{"line":1,"column":0},"end":{"line":27,"column":23}}]}},"b":{"0":[13]},"fnMap":{"0":{"name":"trigger","decl":{"start":{"line":5,"column":0},"end":{"line":9,"column":1}},"loc":{"start":{"line":5,"column":0},"end":{"line":9,"column":1}},"line":5},"1":{"name":"postMessage","decl":{"start":{"line":13,"column":2},"end":{"line":15,"column":3}},"loc":{"start":{"line":13,"column":2},"end":{"line":15,"column":3}},"line":13},"2":{"name":"Worker","decl":{"start":{"line":19,"column":2},"end":{"line":21,"column":3}},"loc":{"start":{"line":19,"column":2},"end":{"line":21,"column":3}},"line":19},"3":{"name":"postMessage","decl":{"start":{"line":22,"column":2},"end":{"line":24,"column":3}},"loc":{"start":{"line":22,"column":2},"end":{"line":24,"column":3}},"line":22}},"f":{"0":0,"1":0,"2":0,"3":0}}
,"/mnt/c/Users/eanor/OneDrive/Escritorio/Emmy/emmy-dom/src/ssr/register/util/index.js": {"path":"/mnt/c/Users/eanor/OneDrive/Escritorio/Emmy/emmy-dom/src/ssr/register/util/index.js","all":false,"statementMap":{"0":{"start":{"line":1,"column":0},"end":{"line":1,"column":24}},"1":{"start":{"line":2,"column":0},"end":{"line":2,"column":28}},"2":{"start":{"line":3,"column":0},"end":{"line":3,"column":24}},"3":{"start":{"line":4,"column":0},"end":{"line":4,"column":0}},"4":{"start":{"line":5,"column":0},"end":{"line":5,"column":27}},"5":{"start":{"line":6,"column":0},"end":{"line":6,"column":14}},"6":{"start":{"line":7,"column":0},"end":{"line":7,"column":15}},"7":{"start":{"line":8,"column":0},"end":{"line":8,"column":3}},"8":{"start":{"line":9,"column":0},"end":{"line":9,"column":47}},"9":{"start":{"line":10,"column":0},"end":{"line":10,"column":45}},"10":{"start":{"line":11,"column":0},"end":{"line":11,"column":10}},"11":{"start":{"line":12,"column":0},"end":{"line":12,"column":14}},"12":{"start":{"line":13,"column":0},"end":{"line":13,"column":3}},"13":{"start":{"line":14,"column":0},"end":{"line":14,"column":13}},"14":{"start":{"line":15,"column":0},"end":{"line":15,"column":1}},"15":{"start":{"line":16,"column":0},"end":{"line":16,"column":0}},"16":{"start":{"line":17,"column":0},"end":{"line":17,"column":36}},"17":{"start":{"line":18,"column":0},"end":{"line":18,"column":35}},"18":{"start":{"line":19,"column":0},"end":{"line":19,"column":58}},"19":{"start":{"line":20,"column":0},"end":{"line":20,"column":1}},"20":{"start":{"line":21,"column":0},"end":{"line":21,"column":0}},"21":{"start":{"line":22,"column":0},"end":{"line":22,"column":36}},"22":{"start":{"line":23,"column":0},"end":{"line":23,"column":73}},"23":{"start":{"line":24,"column":0},"end":{"line":24,"column":62}},"24":{"start":{"line":25,"column":0},"end":{"line":25,"column":57}},"25":{"start":{"line":26,"column":0},"end":{"line":26,"column":1}},"26":{"start":{"line":27,"column":0},"end":{"line":27,"column":0}},"27":{"start":{"line":28,"column":0},"end":{"line":28,"column":30}},"28":{"start":{"line":29,"column":0},"end":{"line":29,"column":76}},"29":{"start":{"line":30,"column":0},"end":{"line":30,"column":1}},"30":{"start":{"line":31,"column":0},"end":{"line":31,"column":0}},"31":{"start":{"line":32,"column":0},"end":{"line":32,"column":38}},"32":{"start":{"line":33,"column":0},"end":{"line":33,"column":46}},"33":{"start":{"line":34,"column":0},"end":{"line":34,"column":0}},"34":{"start":{"line":35,"column":0},"end":{"line":35,"column":78}},"35":{"start":{"line":36,"column":0},"end":{"line":36,"column":50}},"36":{"start":{"line":37,"column":0},"end":{"line":37,"column":35}},"37":{"start":{"line":38,"column":0},"end":{"line":38,"column":0}},"38":{"start":{"line":39,"column":0},"end":{"line":39,"column":27}},"39":{"start":{"line":40,"column":0},"end":{"line":40,"column":33}},"40":{"start":{"line":41,"column":0},"end":{"line":41,"column":45}},"41":{"start":{"line":42,"column":0},"end":{"line":42,"column":21}},"42":{"start":{"line":43,"column":0},"end":{"line":43,"column":31}},"43":{"start":{"line":44,"column":0},"end":{"line":44,"column":7}},"44":{"start":{"line":45,"column":0},"end":{"line":45,"column":33}},"45":{"start":{"line":46,"column":0},"end":{"line":46,"column":5}},"46":{"start":{"line":47,"column":0},"end":{"line":47,"column":3}},"47":{"start":{"line":48,"column":0},"end":{"line":48,"column":0}},"48":{"start":{"line":49,"column":0},"end":{"line":49,"column":13}},"49":{"start":{"line":50,"column":0},"end":{"line":50,"column":1}},"50":{"start":{"line":51,"column":0},"end":{"line":51,"column":0}},"51":{"start":{"line":52,"column":0},"end":{"line":52,"column":32}},"52":{"start":{"line":53,"column":0},"end":{"line":53,"column":36}},"53":{"start":{"line":54,"column":0},"end":{"line":54,"column":48}},"54":{"start":{"line":55,"column":0},"end":{"line":55,"column":11}},"55":{"start":{"line":56,"column":0},"end":{"line":56,"column":4}},"56":{"start":{"line":57,"column":0},"end":{"line":57,"column":1}},"57":{"start":{"line":58,"column":0},"end":{"line":58,"column":0}},"58":{"start":{"line":59,"column":0},"end":{"line":59,"column":27}},"59":{"start":{"line":60,"column":0},"end":{"line":60,"column":19}},"60":{"start":{"line":61,"column":0},"end":{"line":61,"column":46}},"61":{"start":{"line":62,"column":0},"end":{"line":62,"column":27}},"62":{"start":{"line":63,"column":0},"end":{"line":63,"column":32}},"63":{"start":{"line":64,"column":0},"end":{"line":64,"column":3}},"64":{"start":{"line":65,"column":0},"end":{"line":65,"column":1}},"65":{"start":{"line":66,"column":0},"end":{"line":66,"column":0}},"66":{"start":{"line":67,"column":0},"end":{"line":67,"column":18}},"67":{"start":{"line":68,"column":0},"end":{"line":68,"column":7}},"68":{"start":{"line":69,"column":0},"end":{"line":69,"column":11}},"69":{"start":{"line":70,"column":0},"end":{"line":70,"column":11}},"70":{"start":{"line":71,"column":0},"end":{"line":71,"column":9}},"71":{"start":{"line":72,"column":0},"end":{"line":72,"column":7}},"72":{"start":{"line":73,"column":0},"end":{"line":73,"column":7}},"73":{"start":{"line":74,"column":0},"end":{"line":74,"column":6}},"74":{"start":{"line":75,"column":0},"end":{"line":75,"column":1}}},"s":{"0":13,"1":13,"2":13,"3":13,"4":169,"5":169,"6":0,"7":0,"8":169,"9":16,"10":169,"11":153,"12":153,"13":169,"14":169,"15":13,"16":0,"17":0,"18":0,"19":0,"20":13,"21":0,"22":0,"23":0,"24":0,"25":0,"26":13,"27":312,"28":312,"29":312,"30":13,"31":10,"32":10,"33":10,"34":10,"35":10,"36":10,"37":10,"38":10,"39":50,"40":6,"41":6,"42":2,"43":2,"44":4,"45":4,"46":50,"47":8,"48":8,"49":10,"50":13,"51":323,"52":323,"53":323,"54":323,"55":323,"56":323,"57":13,"58":0,"59":0,"60":0,"61":0,"62":0,"63":0,"64":0,"65":13,"66":13,"67":13,"68":13,"69":13,"70":13,"71":13,"72":13,"73":13,"74":13},"branchMap":{"0":{"type":"branch","line":1,"loc":{"start":{"line":1,"column":0},"end":{"line":75,"column":1}},"locations":[{"start":{"line":1,"column":0},"end":{"line":75,"column":1}}]},"1":{"type":"branch","line":5,"loc":{"start":{"line":5,"column":0},"end":{"line":15,"column":1}},"locations":[{"start":{"line":5,"column":0},"end":{"line":15,"column":1}}]},"2":{"type":"branch","line":6,"loc":{"start":{"line":6,"column":13},"end":{"line":8,"column":3}},"locations":[{"start":{"line":6,"column":13},"end":{"line":8,"column":3}}]},"3":{"type":"branch","line":9,"loc":{"start":{"line":9,"column":46},"end":{"line":11,"column":3}},"locations":[{"start":{"line":9,"column":46},"end":{"line":11,"column":3}}]},"4":{"type":"branch","line":11,"loc":{"start":{"line":11,"column":3},"end":{"line":13,"column":3}},"locations":[{"start":{"line":11,"column":3},"end":{"line":13,"column":3}}]},"5":{"type":"branch","line":28,"loc":{"start":{"line":28,"column":0},"end":{"line":30,"column":1}},"locations":[{"start":{"line":28,"column":0},"end":{"line":30,"column":1}}]},"6":{"type":"branch","line":29,"loc":{"start":{"line":29,"column":46},"end":{"line":29,"column":75}},"locations":[{"start":{"line":29,"column":46},"end":{"line":29,"column":75}}]},"7":{"type":"branch","line":32,"loc":{"start":{"line":32,"column":0},"end":{"line":50,"column":1}},"locations":[{"start":{"line":32,"column":0},"end":{"line":50,"column":1}}]},"8":{"type":"branch","line":37,"loc":{"start":{"line":37,"column":24},"end":{"line":37,"column":30}},"locations":[{"start":{"line":37,"column":24},"end":{"line":37,"column":30}}]},"9":{"type":"branch","line":37,"loc":{"start":{"line":37,"column":31},"end":{"line":37,"column":35}},"locations":[{"start":{"line":37,"column":31},"end":{"line":37,"column":35}}]},"10":{"type":"branch","line":39,"loc":{"start":{"line":39,"column":26},"end":{"line":47,"column":3}},"locations":[{"start":{"line":39,"column":26},"end":{"line":47,"column":3}}]},"11":{"type":"branch","line":40,"loc":{"start":{"line":40,"column":32},"end":{"line":46,"column":5}},"locations":[{"start":{"line":40,"column":32},"end":{"line":46,"column":5}}]},"12":{"type":"branch","line":42,"loc":{"start":{"line":42,"column":20},"end":{"line":44,"column":7}},"locations":[{"start":{"line":42,"column":20},"end":{"line":44,"column":7}}]},"13":{"type":"branch","line":45,"loc":{"start":{"line":45,"column":-2},"end":{"line":46,"column":5}},"locations":[{"start":{"line":45,"column":-2},"end":{"line":46,"column":5}}]},"14":{"type":"branch","line":48,"loc":{"start":{"line":48,"column":-2},"end":{"line":50,"column":0}},"locations":[{"start":{"line":48,"column":-2},"end":{"line":50,"column":0}}]},"15":{"type":"branch","line":52,"loc":{"start":{"line":52,"column":0},"end":{"line":57,"column":1}},"locations":[{"start":{"line":52,"column":0},"end":{"line":57,"column":1}}]}},"b":{"0":[13],"1":[169],"2":[0],"3":[16],"4":[153],"5":[312],"6":[0],"7":[10],"8":[4],"9":[6],"10":[50],"11":[6],"12":[2],"13":[4],"14":[8],"15":[323]},"fnMap":{"0":{"name":"each","decl":{"start":{"line":5,"column":0},"end":{"line":15,"column":1}},"loc":{"start":{"line":5,"column":0},"end":{"line":15,"column":1}},"line":5},"1":{"name":"execCode","decl":{"start":{"line":17,"column":0},"end":{"line":20,"column":1}},"loc":{"start":{"line":17,"column":0},"end":{"line":20,"column":1}},"line":17},"2":{"name":"execFile","decl":{"start":{"line":22,"column":0},"end":{"line":26,"column":1}},"loc":{"start":{"line":22,"column":0},"end":{"line":26,"column":1}},"line":22},"3":{"name":"expose","decl":{"start":{"line":28,"column":0},"end":{"line":30,"column":1}},"loc":{"start":{"line":28,"column":0},"end":{"line":30,"column":1}},"line":28},"4":{"name":"find","decl":{"start":{"line":32,"column":0},"end":{"line":50,"column":1}},"loc":{"start":{"line":32,"column":0},"end":{"line":50,"column":1}},"line":32},"5":{"name":"prop","decl":{"start":{"line":52,"column":0},"end":{"line":57,"column":1}},"loc":{"start":{"line":52,"column":0},"end":{"line":57,"column":1}},"line":52},"6":{"name":"walk","decl":{"start":{"line":59,"column":0},"end":{"line":65,"column":1}},"loc":{"start":{"line":59,"column":0},"end":{"line":65,"column":1}},"line":59}},"f":{"0":169,"1":0,"2":0,"3":312,"4":10,"5":323,"6":0}}
}
